[0.027s] Invoking command in '/home/ros/nemo/build/rosbridge_library': CMAKE_PREFIX_PATH=${CMAKE_PREFIX_PATH}:/home/ros/nemo/install/ros_tcp_endpoint:/home/ros/nemo/install/nemo_server:/opt/ros/humble /usr/bin/cmake --build /home/ros/nemo/build/rosbridge_library -- -j4 -l4
[0.074s] Built target ament_cmake_python_copy_rosbridge_library
[0.298s] running egg_info
[0.299s] writing rosbridge_library.egg-info/PKG-INFO
[0.299s] writing dependency_links to rosbridge_library.egg-info/dependency_links.txt
[0.299s] writing top-level names to rosbridge_library.egg-info/top_level.txt
[0.302s] reading manifest file 'rosbridge_library.egg-info/SOURCES.txt'
[0.303s] writing manifest file 'rosbridge_library.egg-info/SOURCES.txt'
[0.327s] Built target ament_cmake_python_build_rosbridge_library_egg
[0.335s] Invoked command in '/home/ros/nemo/build/rosbridge_library' returned '0': CMAKE_PREFIX_PATH=${CMAKE_PREFIX_PATH}:/home/ros/nemo/install/ros_tcp_endpoint:/home/ros/nemo/install/nemo_server:/opt/ros/humble /usr/bin/cmake --build /home/ros/nemo/build/rosbridge_library -- -j4 -l4
[0.354s] Invoking command in '/home/ros/nemo/build/rosbridge_library': CMAKE_PREFIX_PATH=${CMAKE_PREFIX_PATH}:/home/ros/nemo/install/ros_tcp_endpoint:/home/ros/nemo/install/nemo_server:/opt/ros/humble /usr/bin/cmake --install /home/ros/nemo/build/rosbridge_library
[0.362s] -- Install configuration: ""
[0.362s] -- Up-to-date: /home/ros/nemo/install/rosbridge_library/share/rosbridge_library/environment/pythonpath.sh
[0.362s] -- Up-to-date: /home/ros/nemo/install/rosbridge_library/share/rosbridge_library/environment/pythonpath.dsv
[0.362s] -- Up-to-date: /home/ros/nemo/install/rosbridge_library/local/lib/python3.10/dist-packages/rosbridge_library-1.3.1-py3.10.egg-info
[0.362s] -- Installing: /home/ros/nemo/install/rosbridge_library/local/lib/python3.10/dist-packages/rosbridge_library-1.3.1-py3.10.egg-info/SOURCES.txt
[0.362s] -- Installing: /home/ros/nemo/install/rosbridge_library/local/lib/python3.10/dist-packages/rosbridge_library-1.3.1-py3.10.egg-info/PKG-INFO
[0.363s] -- Installing: /home/ros/nemo/install/rosbridge_library/local/lib/python3.10/dist-packages/rosbridge_library-1.3.1-py3.10.egg-info/top_level.txt
[0.363s] -- Installing: /home/ros/nemo/install/rosbridge_library/local/lib/python3.10/dist-packages/rosbridge_library-1.3.1-py3.10.egg-info/dependency_links.txt
[0.363s] -- Up-to-date: /home/ros/nemo/install/rosbridge_library/local/lib/python3.10/dist-packages/rosbridge_library
[0.363s] -- Up-to-date: /home/ros/nemo/install/rosbridge_library/local/lib/python3.10/dist-packages/rosbridge_library/capability.py
[0.363s] -- Up-to-date: /home/ros/nemo/install/rosbridge_library/local/lib/python3.10/dist-packages/rosbridge_library/__init__.py
[0.363s] -- Up-to-date: /home/ros/nemo/install/rosbridge_library/local/lib/python3.10/dist-packages/rosbridge_library/util
[0.363s] -- Up-to-date: /home/ros/nemo/install/rosbridge_library/local/lib/python3.10/dist-packages/rosbridge_library/util/__init__.py
[0.364s] -- Up-to-date: /home/ros/nemo/install/rosbridge_library/local/lib/python3.10/dist-packages/rosbridge_library/util/cbor.py
[0.364s] -- Up-to-date: /home/ros/nemo/install/rosbridge_library/local/lib/python3.10/dist-packages/rosbridge_library/capabilities
[0.364s] -- Up-to-date: /home/ros/nemo/install/rosbridge_library/local/lib/python3.10/dist-packages/rosbridge_library/capabilities/service_response.py
[0.364s] -- Up-to-date: /home/ros/nemo/install/rosbridge_library/local/lib/python3.10/dist-packages/rosbridge_library/capabilities/call_service.py
[0.364s] -- Up-to-date: /home/ros/nemo/install/rosbridge_library/local/lib/python3.10/dist-packages/rosbridge_library/capabilities/__init__.py
[0.364s] -- Up-to-date: /home/ros/nemo/install/rosbridge_library/local/lib/python3.10/dist-packages/rosbridge_library/capabilities/defragmentation.py
[0.364s] -- Up-to-date: /home/ros/nemo/install/rosbridge_library/local/lib/python3.10/dist-packages/rosbridge_library/capabilities/fragmentation.py
[0.364s] -- Up-to-date: /home/ros/nemo/install/rosbridge_library/local/lib/python3.10/dist-packages/rosbridge_library/capabilities/subscribe.py
[0.364s] -- Up-to-date: /home/ros/nemo/install/rosbridge_library/local/lib/python3.10/dist-packages/rosbridge_library/capabilities/unadvertise_service.py
[0.364s] -- Up-to-date: /home/ros/nemo/install/rosbridge_library/local/lib/python3.10/dist-packages/rosbridge_library/capabilities/advertise_service.py
[0.364s] -- Up-to-date: /home/ros/nemo/install/rosbridge_library/local/lib/python3.10/dist-packages/rosbridge_library/capabilities/publish.py
[0.365s] -- Up-to-date: /home/ros/nemo/install/rosbridge_library/local/lib/python3.10/dist-packages/rosbridge_library/capabilities/advertise.py
[0.365s] -- Up-to-date: /home/ros/nemo/install/rosbridge_library/local/lib/python3.10/dist-packages/rosbridge_library/rosbridge_protocol.py
[0.365s] -- Up-to-date: /home/ros/nemo/install/rosbridge_library/local/lib/python3.10/dist-packages/rosbridge_library/protocol.py
[0.365s] -- Up-to-date: /home/ros/nemo/install/rosbridge_library/local/lib/python3.10/dist-packages/rosbridge_library/internal
[0.365s] -- Up-to-date: /home/ros/nemo/install/rosbridge_library/local/lib/python3.10/dist-packages/rosbridge_library/internal/publishers.py
[0.365s] -- Up-to-date: /home/ros/nemo/install/rosbridge_library/local/lib/python3.10/dist-packages/rosbridge_library/internal/message_conversion.py
[0.365s] -- Up-to-date: /home/ros/nemo/install/rosbridge_library/local/lib/python3.10/dist-packages/rosbridge_library/internal/subscribers.py
[0.365s] -- Up-to-date: /home/ros/nemo/install/rosbridge_library/local/lib/python3.10/dist-packages/rosbridge_library/internal/ros_loader.py
[0.365s] -- Up-to-date: /home/ros/nemo/install/rosbridge_library/local/lib/python3.10/dist-packages/rosbridge_library/internal/services.py
[0.365s] -- Up-to-date: /home/ros/nemo/install/rosbridge_library/local/lib/python3.10/dist-packages/rosbridge_library/internal/pngcompression.py
[0.366s] -- Up-to-date: /home/ros/nemo/install/rosbridge_library/local/lib/python3.10/dist-packages/rosbridge_library/internal/__init__.py
[0.366s] -- Up-to-date: /home/ros/nemo/install/rosbridge_library/local/lib/python3.10/dist-packages/rosbridge_library/internal/topics.py
[0.366s] -- Up-to-date: /home/ros/nemo/install/rosbridge_library/local/lib/python3.10/dist-packages/rosbridge_library/internal/exceptions.py
[0.366s] -- Up-to-date: /home/ros/nemo/install/rosbridge_library/local/lib/python3.10/dist-packages/rosbridge_library/internal/subscription_modifiers.py
[0.366s] -- Up-to-date: /home/ros/nemo/install/rosbridge_library/local/lib/python3.10/dist-packages/rosbridge_library/internal/outgoing_message.py
[0.366s] -- Up-to-date: /home/ros/nemo/install/rosbridge_library/local/lib/python3.10/dist-packages/rosbridge_library/internal/cbor_conversion.py
[0.397s] Listing '/home/ros/nemo/install/rosbridge_library/local/lib/python3.10/dist-packages/rosbridge_library'...
[0.397s] Listing '/home/ros/nemo/install/rosbridge_library/local/lib/python3.10/dist-packages/rosbridge_library/capabilities'...
[0.397s] Listing '/home/ros/nemo/install/rosbridge_library/local/lib/python3.10/dist-packages/rosbridge_library/internal'...
[0.397s] Listing '/home/ros/nemo/install/rosbridge_library/local/lib/python3.10/dist-packages/rosbridge_library/util'...
[0.401s] -- Up-to-date: /home/ros/nemo/install/rosbridge_library/share/ament_index/resource_index/package_run_dependencies/rosbridge_library
[0.401s] -- Up-to-date: /home/ros/nemo/install/rosbridge_library/share/ament_index/resource_index/parent_prefix_path/rosbridge_library
[0.401s] -- Up-to-date: /home/ros/nemo/install/rosbridge_library/share/rosbridge_library/environment/ament_prefix_path.sh
[0.401s] -- Up-to-date: /home/ros/nemo/install/rosbridge_library/share/rosbridge_library/environment/ament_prefix_path.dsv
[0.401s] -- Up-to-date: /home/ros/nemo/install/rosbridge_library/share/rosbridge_library/environment/path.sh
[0.401s] -- Up-to-date: /home/ros/nemo/install/rosbridge_library/share/rosbridge_library/environment/path.dsv
[0.401s] -- Up-to-date: /home/ros/nemo/install/rosbridge_library/share/rosbridge_library/local_setup.bash
[0.401s] -- Up-to-date: /home/ros/nemo/install/rosbridge_library/share/rosbridge_library/local_setup.sh
[0.402s] -- Up-to-date: /home/ros/nemo/install/rosbridge_library/share/rosbridge_library/local_setup.zsh
[0.402s] -- Up-to-date: /home/ros/nemo/install/rosbridge_library/share/rosbridge_library/local_setup.dsv
[0.402s] -- Installing: /home/ros/nemo/install/rosbridge_library/share/rosbridge_library/package.dsv
[0.402s] -- Up-to-date: /home/ros/nemo/install/rosbridge_library/share/ament_index/resource_index/packages/rosbridge_library
[0.402s] -- Up-to-date: /home/ros/nemo/install/rosbridge_library/share/rosbridge_library/cmake/rosbridge_libraryConfig.cmake
[0.402s] -- Up-to-date: /home/ros/nemo/install/rosbridge_library/share/rosbridge_library/cmake/rosbridge_libraryConfig-version.cmake
[0.402s] -- Up-to-date: /home/ros/nemo/install/rosbridge_library/share/rosbridge_library/package.xml
[0.403s] Invoked command in '/home/ros/nemo/build/rosbridge_library' returned '0': CMAKE_PREFIX_PATH=${CMAKE_PREFIX_PATH}:/home/ros/nemo/install/ros_tcp_endpoint:/home/ros/nemo/install/nemo_server:/opt/ros/humble /usr/bin/cmake --install /home/ros/nemo/build/rosbridge_library
