[0.708s] Invoking command in '/home/ros/nemo/src/nemo_server': PYTHONPATH=/home/ros/nemo/build/nemo_server/prefix_override:/home/ros/nemo/install/nemo_server/lib/python3.10/site-packages:${PYTHONPATH} /usr/bin/python3 setup.py egg_info --egg-base ../../build/nemo_server build --build-base /home/ros/nemo/build/nemo_server/build install --record /home/ros/nemo/build/nemo_server/install.log --single-version-externally-managed
[0.898s] running egg_info
[0.899s] writing ../../build/nemo_server/nemo_server.egg-info/PKG-INFO
[0.899s] writing dependency_links to ../../build/nemo_server/nemo_server.egg-info/dependency_links.txt
[0.899s] writing entry points to ../../build/nemo_server/nemo_server.egg-info/entry_points.txt
[0.900s] writing requirements to ../../build/nemo_server/nemo_server.egg-info/requires.txt
[0.900s] writing top-level names to ../../build/nemo_server/nemo_server.egg-info/top_level.txt
[0.902s] reading manifest file '../../build/nemo_server/nemo_server.egg-info/SOURCES.txt'
[0.903s] writing manifest file '../../build/nemo_server/nemo_server.egg-info/SOURCES.txt'
[0.903s] running build
[0.903s] running build_py
[0.904s] copying nemo_server/camera_sub.py -> /home/ros/nemo/build/nemo_server/build/lib/nemo_server
[0.904s] running install
[0.907s] /usr/lib/python3/dist-packages/setuptools/command/install.py:34: SetuptoolsDeprecationWarning: setup.py install is deprecated. Use build and pip and other standards-based tools.
[0.907s]   warnings.warn(
[0.907s] running install_lib
[0.908s] copying /home/ros/nemo/build/nemo_server/build/lib/nemo_server/camera_sub.py -> /home/ros/nemo/install/nemo_server/lib/python3.10/site-packages/nemo_server
[0.909s] byte-compiling /home/ros/nemo/install/nemo_server/lib/python3.10/site-packages/nemo_server/camera_sub.py to camera_sub.cpython-310.pyc
[0.910s] running install_data
[0.911s] running install_egg_info
[0.912s] removing '/home/ros/nemo/install/nemo_server/lib/python3.10/site-packages/nemo_server-0.0.0-py3.10.egg-info' (and everything under it)
[0.912s] Copying ../../build/nemo_server/nemo_server.egg-info to /home/ros/nemo/install/nemo_server/lib/python3.10/site-packages/nemo_server-0.0.0-py3.10.egg-info
[0.913s] running install_scripts
[0.932s] Installing camera_sub script to /home/ros/nemo/install/nemo_server/lib/nemo_server
[0.933s] writing list of installed files to '/home/ros/nemo/build/nemo_server/install.log'
[0.956s] Invoked command in '/home/ros/nemo/src/nemo_server' returned '0': PYTHONPATH=/home/ros/nemo/build/nemo_server/prefix_override:/home/ros/nemo/install/nemo_server/lib/python3.10/site-packages:${PYTHONPATH} /usr/bin/python3 setup.py egg_info --egg-base ../../build/nemo_server build --build-base /home/ros/nemo/build/nemo_server/build install --record /home/ros/nemo/build/nemo_server/install.log --single-version-externally-managed
