[0.818s] Invoking command in '/home/ros/nemo/src/ros_tcp_endpoint': PYTHONPATH=/home/ros/nemo/build/ros_tcp_endpoint/prefix_override:/home/ros/nemo/install/ros_tcp_endpoint/lib/python3.10/site-packages:${PYTHONPATH} /usr/bin/python3 setup.py egg_info --egg-base ../../build/ros_tcp_endpoint build --build-base /home/ros/nemo/build/ros_tcp_endpoint/build install --record /home/ros/nemo/build/ros_tcp_endpoint/install.log --install-scripts $base/lib/ros_tcp_endpoint --single-version-externally-managed
[1.102s] /usr/lib/python3/dist-packages/setuptools/dist.py:723: UserWarning: Usage of dash-separated 'script-dir' will not be supported in future versions. Please use the underscore name 'script_dir' instead
[1.102s]   warnings.warn(
[1.119s] running egg_info
[1.122s] creating ../../build/ros_tcp_endpoint/ros_tcp_endpoint.egg-info
[1.122s] writing ../../build/ros_tcp_endpoint/ros_tcp_endpoint.egg-info/PKG-INFO
[1.122s] writing dependency_links to ../../build/ros_tcp_endpoint/ros_tcp_endpoint.egg-info/dependency_links.txt
[1.123s] writing entry points to ../../build/ros_tcp_endpoint/ros_tcp_endpoint.egg-info/entry_points.txt
[1.123s] writing requirements to ../../build/ros_tcp_endpoint/ros_tcp_endpoint.egg-info/requires.txt
[1.123s] writing top-level names to ../../build/ros_tcp_endpoint/ros_tcp_endpoint.egg-info/top_level.txt
[1.124s] writing manifest file '../../build/ros_tcp_endpoint/ros_tcp_endpoint.egg-info/SOURCES.txt'
[1.126s] reading manifest file '../../build/ros_tcp_endpoint/ros_tcp_endpoint.egg-info/SOURCES.txt'
[1.126s] adding license file 'LICENSE'
[1.127s] writing manifest file '../../build/ros_tcp_endpoint/ros_tcp_endpoint.egg-info/SOURCES.txt'
[1.127s] running build
[1.127s] running build_py
[1.127s] creating /home/ros/nemo/build/ros_tcp_endpoint/build
[1.128s] creating /home/ros/nemo/build/ros_tcp_endpoint/build/lib
[1.128s] creating /home/ros/nemo/build/ros_tcp_endpoint/build/lib/ros_tcp_endpoint
[1.128s] copying ros_tcp_endpoint/server.py -> /home/ros/nemo/build/ros_tcp_endpoint/build/lib/ros_tcp_endpoint
[1.128s] copying ros_tcp_endpoint/communication.py -> /home/ros/nemo/build/ros_tcp_endpoint/build/lib/ros_tcp_endpoint
[1.128s] copying ros_tcp_endpoint/__init__.py -> /home/ros/nemo/build/ros_tcp_endpoint/build/lib/ros_tcp_endpoint
[1.128s] copying ros_tcp_endpoint/unity_service.py -> /home/ros/nemo/build/ros_tcp_endpoint/build/lib/ros_tcp_endpoint
[1.128s] copying ros_tcp_endpoint/tcp_sender.py -> /home/ros/nemo/build/ros_tcp_endpoint/build/lib/ros_tcp_endpoint
[1.129s] copying ros_tcp_endpoint/publisher.py -> /home/ros/nemo/build/ros_tcp_endpoint/build/lib/ros_tcp_endpoint
[1.129s] copying ros_tcp_endpoint/exceptions.py -> /home/ros/nemo/build/ros_tcp_endpoint/build/lib/ros_tcp_endpoint
[1.129s] copying ros_tcp_endpoint/service.py -> /home/ros/nemo/build/ros_tcp_endpoint/build/lib/ros_tcp_endpoint
[1.129s] copying ros_tcp_endpoint/default_server_endpoint.py -> /home/ros/nemo/build/ros_tcp_endpoint/build/lib/ros_tcp_endpoint
[1.129s] copying ros_tcp_endpoint/thread_pauser.py -> /home/ros/nemo/build/ros_tcp_endpoint/build/lib/ros_tcp_endpoint
[1.129s] copying ros_tcp_endpoint/subscriber.py -> /home/ros/nemo/build/ros_tcp_endpoint/build/lib/ros_tcp_endpoint
[1.129s] copying ros_tcp_endpoint/client.py -> /home/ros/nemo/build/ros_tcp_endpoint/build/lib/ros_tcp_endpoint
[1.130s] running install
[1.130s] /usr/lib/python3/dist-packages/setuptools/command/install.py:34: SetuptoolsDeprecationWarning: setup.py install is deprecated. Use build and pip and other standards-based tools.
[1.130s]   warnings.warn(
[1.130s] running install_lib
[1.131s] creating /home/ros/nemo/install/ros_tcp_endpoint/lib/python3.10/site-packages/ros_tcp_endpoint
[1.132s] copying /home/ros/nemo/build/ros_tcp_endpoint/build/lib/ros_tcp_endpoint/server.py -> /home/ros/nemo/install/ros_tcp_endpoint/lib/python3.10/site-packages/ros_tcp_endpoint
[1.132s] copying /home/ros/nemo/build/ros_tcp_endpoint/build/lib/ros_tcp_endpoint/communication.py -> /home/ros/nemo/install/ros_tcp_endpoint/lib/python3.10/site-packages/ros_tcp_endpoint
[1.132s] copying /home/ros/nemo/build/ros_tcp_endpoint/build/lib/ros_tcp_endpoint/__init__.py -> /home/ros/nemo/install/ros_tcp_endpoint/lib/python3.10/site-packages/ros_tcp_endpoint
[1.132s] copying /home/ros/nemo/build/ros_tcp_endpoint/build/lib/ros_tcp_endpoint/unity_service.py -> /home/ros/nemo/install/ros_tcp_endpoint/lib/python3.10/site-packages/ros_tcp_endpoint
[1.132s] copying /home/ros/nemo/build/ros_tcp_endpoint/build/lib/ros_tcp_endpoint/tcp_sender.py -> /home/ros/nemo/install/ros_tcp_endpoint/lib/python3.10/site-packages/ros_tcp_endpoint
[1.133s] copying /home/ros/nemo/build/ros_tcp_endpoint/build/lib/ros_tcp_endpoint/publisher.py -> /home/ros/nemo/install/ros_tcp_endpoint/lib/python3.10/site-packages/ros_tcp_endpoint
[1.133s] copying /home/ros/nemo/build/ros_tcp_endpoint/build/lib/ros_tcp_endpoint/exceptions.py -> /home/ros/nemo/install/ros_tcp_endpoint/lib/python3.10/site-packages/ros_tcp_endpoint
[1.133s] copying /home/ros/nemo/build/ros_tcp_endpoint/build/lib/ros_tcp_endpoint/service.py -> /home/ros/nemo/install/ros_tcp_endpoint/lib/python3.10/site-packages/ros_tcp_endpoint
[1.133s] copying /home/ros/nemo/build/ros_tcp_endpoint/build/lib/ros_tcp_endpoint/default_server_endpoint.py -> /home/ros/nemo/install/ros_tcp_endpoint/lib/python3.10/site-packages/ros_tcp_endpoint
[1.133s] copying /home/ros/nemo/build/ros_tcp_endpoint/build/lib/ros_tcp_endpoint/thread_pauser.py -> /home/ros/nemo/install/ros_tcp_endpoint/lib/python3.10/site-packages/ros_tcp_endpoint
[1.133s] copying /home/ros/nemo/build/ros_tcp_endpoint/build/lib/ros_tcp_endpoint/subscriber.py -> /home/ros/nemo/install/ros_tcp_endpoint/lib/python3.10/site-packages/ros_tcp_endpoint
[1.133s] copying /home/ros/nemo/build/ros_tcp_endpoint/build/lib/ros_tcp_endpoint/client.py -> /home/ros/nemo/install/ros_tcp_endpoint/lib/python3.10/site-packages/ros_tcp_endpoint
[1.134s] byte-compiling /home/ros/nemo/install/ros_tcp_endpoint/lib/python3.10/site-packages/ros_tcp_endpoint/server.py to server.cpython-310.pyc
[1.137s] byte-compiling /home/ros/nemo/install/ros_tcp_endpoint/lib/python3.10/site-packages/ros_tcp_endpoint/communication.py to communication.cpython-310.pyc
[1.137s] byte-compiling /home/ros/nemo/install/ros_tcp_endpoint/lib/python3.10/site-packages/ros_tcp_endpoint/__init__.py to __init__.cpython-310.pyc
[1.137s] byte-compiling /home/ros/nemo/install/ros_tcp_endpoint/lib/python3.10/site-packages/ros_tcp_endpoint/unity_service.py to unity_service.cpython-310.pyc
[1.138s] byte-compiling /home/ros/nemo/install/ros_tcp_endpoint/lib/python3.10/site-packages/ros_tcp_endpoint/tcp_sender.py to tcp_sender.cpython-310.pyc
[1.140s] byte-compiling /home/ros/nemo/install/ros_tcp_endpoint/lib/python3.10/site-packages/ros_tcp_endpoint/publisher.py to publisher.cpython-310.pyc
[1.140s] byte-compiling /home/ros/nemo/install/ros_tcp_endpoint/lib/python3.10/site-packages/ros_tcp_endpoint/exceptions.py to exceptions.cpython-310.pyc
[1.140s] byte-compiling /home/ros/nemo/install/ros_tcp_endpoint/lib/python3.10/site-packages/ros_tcp_endpoint/service.py to service.cpython-310.pyc
[1.141s] byte-compiling /home/ros/nemo/install/ros_tcp_endpoint/lib/python3.10/site-packages/ros_tcp_endpoint/default_server_endpoint.py to default_server_endpoint.cpython-310.pyc
[1.141s] byte-compiling /home/ros/nemo/install/ros_tcp_endpoint/lib/python3.10/site-packages/ros_tcp_endpoint/thread_pauser.py to thread_pauser.cpython-310.pyc
[1.141s] byte-compiling /home/ros/nemo/install/ros_tcp_endpoint/lib/python3.10/site-packages/ros_tcp_endpoint/subscriber.py to subscriber.cpython-310.pyc
[1.142s] byte-compiling /home/ros/nemo/install/ros_tcp_endpoint/lib/python3.10/site-packages/ros_tcp_endpoint/client.py to client.cpython-310.pyc
[1.143s] running install_data
[1.144s] creating /home/ros/nemo/install/ros_tcp_endpoint/share/ament_index
[1.144s] creating /home/ros/nemo/install/ros_tcp_endpoint/share/ament_index/resource_index
[1.144s] creating /home/ros/nemo/install/ros_tcp_endpoint/share/ament_index/resource_index/packages
[1.144s] copying resource/ros_tcp_endpoint -> /home/ros/nemo/install/ros_tcp_endpoint/share/ament_index/resource_index/packages
[1.144s] copying package.xml -> /home/ros/nemo/install/ros_tcp_endpoint/share/ros_tcp_endpoint
[1.145s] creating /home/ros/nemo/install/ros_tcp_endpoint/share/ros_tcp_endpoint/launch
[1.145s] copying launch/endpoint.py -> /home/ros/nemo/install/ros_tcp_endpoint/share/ros_tcp_endpoint/launch
[1.145s] running install_egg_info
[1.146s] Copying ../../build/ros_tcp_endpoint/ros_tcp_endpoint.egg-info to /home/ros/nemo/install/ros_tcp_endpoint/lib/python3.10/site-packages/ros_tcp_endpoint-0.0.1-py3.10.egg-info
[1.147s] running install_scripts
[1.174s] Installing default_server_endpoint script to /home/ros/nemo/install/ros_tcp_endpoint/lib/ros_tcp_endpoint
[1.175s] writing list of installed files to '/home/ros/nemo/build/ros_tcp_endpoint/install.log'
[1.210s] Invoked command in '/home/ros/nemo/src/ros_tcp_endpoint' returned '0': PYTHONPATH=/home/ros/nemo/build/ros_tcp_endpoint/prefix_override:/home/ros/nemo/install/ros_tcp_endpoint/lib/python3.10/site-packages:${PYTHONPATH} /usr/bin/python3 setup.py egg_info --egg-base ../../build/ros_tcp_endpoint build --build-base /home/ros/nemo/build/ros_tcp_endpoint/build install --record /home/ros/nemo/build/ros_tcp_endpoint/install.log --install-scripts $base/lib/ros_tcp_endpoint --single-version-externally-managed
