[0.008s] Invoking command in '/home/ros/nemo/build/rosbridge_library': AMENT_PREFIX_PATH=/home/ros/nemo/install/rosbridge_test_msgs:${AMENT_PREFIX_PATH} CMAKE_PREFIX_PATH=/home/ros/nemo/install/rosbridge_test_msgs:/home/ros/nemo/install/ros_tcp_endpoint:/home/ros/nemo/install/nemo_server:/opt/ros/humble LD_LIBRARY_PATH=/home/ros/nemo/install/rosbridge_test_msgs/lib:${LD_LIBRARY_PATH} PYTHONPATH=/home/ros/nemo/install/rosbridge_test_msgs/local/lib/python3.10/dist-packages:${PYTHONPATH} /usr/bin/cmake /home/ros/nemo/src/rosbridge_suite/rosbridge_library -DCMAKE_INSTALL_PREFIX=/home/ros/nemo/install/rosbridge_library
[0.051s] -- The C compiler identification is GNU 11.3.0
[0.099s] -- The CXX compiler identification is GNU 11.3.0
[0.105s] -- Detecting C compiler ABI info
[0.161s] -- Detecting C compiler ABI info - done
[0.167s] -- Check for working C compiler: /usr/bin/cc - skipped
[0.168s] -- Detecting C compile features
[0.168s] -- Detecting C compile features - done
[0.171s] -- Detecting CXX compiler ABI info
[0.237s] -- Detecting CXX compiler ABI info - done
[0.244s] -- Check for working CXX compiler: /usr/bin/c++ - skipped
[0.244s] -- Detecting CXX compile features
[0.245s] -- Detecting CXX compile features - done
[0.246s] -- Found ament_cmake_ros: 0.10.0 (/opt/ros/humble/share/ament_cmake_ros/cmake)
[0.407s] -- Found Python3: /usr/bin/python3.10 (found version "3.10.6") found components: Interpreter 
[1.259s] -- Configuring done
[1.262s] -- Generating done
[1.263s] -- Build files have been written to: /home/ros/nemo/build/rosbridge_library
[1.268s] Invoked command in '/home/ros/nemo/build/rosbridge_library' returned '0': AMENT_PREFIX_PATH=/home/ros/nemo/install/rosbridge_test_msgs:${AMENT_PREFIX_PATH} CMAKE_PREFIX_PATH=/home/ros/nemo/install/rosbridge_test_msgs:/home/ros/nemo/install/ros_tcp_endpoint:/home/ros/nemo/install/nemo_server:/opt/ros/humble LD_LIBRARY_PATH=/home/ros/nemo/install/rosbridge_test_msgs/lib:${LD_LIBRARY_PATH} PYTHONPATH=/home/ros/nemo/install/rosbridge_test_msgs/local/lib/python3.10/dist-packages:${PYTHONPATH} /usr/bin/cmake /home/ros/nemo/src/rosbridge_suite/rosbridge_library -DCMAKE_INSTALL_PREFIX=/home/ros/nemo/install/rosbridge_library
[1.269s] Invoking command in '/home/ros/nemo/build/rosbridge_library': AMENT_PREFIX_PATH=/home/ros/nemo/install/rosbridge_test_msgs:${AMENT_PREFIX_PATH} CMAKE_PREFIX_PATH=/home/ros/nemo/install/rosbridge_test_msgs:/home/ros/nemo/install/ros_tcp_endpoint:/home/ros/nemo/install/nemo_server:/opt/ros/humble LD_LIBRARY_PATH=/home/ros/nemo/install/rosbridge_test_msgs/lib:${LD_LIBRARY_PATH} PYTHONPATH=/home/ros/nemo/install/rosbridge_test_msgs/local/lib/python3.10/dist-packages:${PYTHONPATH} /usr/bin/cmake --build /home/ros/nemo/build/rosbridge_library -- -j4 -l4
[1.314s] Built target ament_cmake_python_copy_rosbridge_library
[1.519s] running egg_info
[1.520s] creating rosbridge_library.egg-info
[1.520s] writing rosbridge_library.egg-info/PKG-INFO
[1.520s] writing dependency_links to rosbridge_library.egg-info/dependency_links.txt
[1.520s] writing top-level names to rosbridge_library.egg-info/top_level.txt
[1.520s] writing manifest file 'rosbridge_library.egg-info/SOURCES.txt'
[1.523s] reading manifest file 'rosbridge_library.egg-info/SOURCES.txt'
[1.523s] writing manifest file 'rosbridge_library.egg-info/SOURCES.txt'
[1.544s] Built target ament_cmake_python_build_rosbridge_library_egg
[1.553s] Invoked command in '/home/ros/nemo/build/rosbridge_library' returned '0': AMENT_PREFIX_PATH=/home/ros/nemo/install/rosbridge_test_msgs:${AMENT_PREFIX_PATH} CMAKE_PREFIX_PATH=/home/ros/nemo/install/rosbridge_test_msgs:/home/ros/nemo/install/ros_tcp_endpoint:/home/ros/nemo/install/nemo_server:/opt/ros/humble LD_LIBRARY_PATH=/home/ros/nemo/install/rosbridge_test_msgs/lib:${LD_LIBRARY_PATH} PYTHONPATH=/home/ros/nemo/install/rosbridge_test_msgs/local/lib/python3.10/dist-packages:${PYTHONPATH} /usr/bin/cmake --build /home/ros/nemo/build/rosbridge_library -- -j4 -l4
[1.571s] Invoking command in '/home/ros/nemo/build/rosbridge_library': AMENT_PREFIX_PATH=/home/ros/nemo/install/rosbridge_test_msgs:${AMENT_PREFIX_PATH} CMAKE_PREFIX_PATH=/home/ros/nemo/install/rosbridge_test_msgs:/home/ros/nemo/install/ros_tcp_endpoint:/home/ros/nemo/install/nemo_server:/opt/ros/humble LD_LIBRARY_PATH=/home/ros/nemo/install/rosbridge_test_msgs/lib:${LD_LIBRARY_PATH} PYTHONPATH=/home/ros/nemo/install/rosbridge_test_msgs/local/lib/python3.10/dist-packages:${PYTHONPATH} /usr/bin/cmake --install /home/ros/nemo/build/rosbridge_library
[1.577s] -- Install configuration: ""
[1.577s] -- Installing: /home/ros/nemo/install/rosbridge_library/share/rosbridge_library/environment/pythonpath.sh
[1.577s] -- Installing: /home/ros/nemo/install/rosbridge_library/share/rosbridge_library/environment/pythonpath.dsv
[1.577s] -- Installing: /home/ros/nemo/install/rosbridge_library/local/lib/python3.10/dist-packages/rosbridge_library-1.3.1-py3.10.egg-info
[1.578s] -- Installing: /home/ros/nemo/install/rosbridge_library/local/lib/python3.10/dist-packages/rosbridge_library-1.3.1-py3.10.egg-info/SOURCES.txt
[1.578s] -- Installing: /home/ros/nemo/install/rosbridge_library/local/lib/python3.10/dist-packages/rosbridge_library-1.3.1-py3.10.egg-info/PKG-INFO
[1.578s] -- Installing: /home/ros/nemo/install/rosbridge_library/local/lib/python3.10/dist-packages/rosbridge_library-1.3.1-py3.10.egg-info/top_level.txt
[1.578s] -- Installing: /home/ros/nemo/install/rosbridge_library/local/lib/python3.10/dist-packages/rosbridge_library-1.3.1-py3.10.egg-info/dependency_links.txt
[1.578s] -- Installing: /home/ros/nemo/install/rosbridge_library/local/lib/python3.10/dist-packages/rosbridge_library
[1.578s] -- Installing: /home/ros/nemo/install/rosbridge_library/local/lib/python3.10/dist-packages/rosbridge_library/capability.py
[1.578s] -- Installing: /home/ros/nemo/install/rosbridge_library/local/lib/python3.10/dist-packages/rosbridge_library/__init__.py
[1.578s] -- Installing: /home/ros/nemo/install/rosbridge_library/local/lib/python3.10/dist-packages/rosbridge_library/util
[1.579s] -- Installing: /home/ros/nemo/install/rosbridge_library/local/lib/python3.10/dist-packages/rosbridge_library/util/__init__.py
[1.579s] -- Installing: /home/ros/nemo/install/rosbridge_library/local/lib/python3.10/dist-packages/rosbridge_library/util/cbor.py
[1.579s] -- Installing: /home/ros/nemo/install/rosbridge_library/local/lib/python3.10/dist-packages/rosbridge_library/capabilities
[1.579s] -- Installing: /home/ros/nemo/install/rosbridge_library/local/lib/python3.10/dist-packages/rosbridge_library/capabilities/service_response.py
[1.579s] -- Installing: /home/ros/nemo/install/rosbridge_library/local/lib/python3.10/dist-packages/rosbridge_library/capabilities/call_service.py
[1.579s] -- Installing: /home/ros/nemo/install/rosbridge_library/local/lib/python3.10/dist-packages/rosbridge_library/capabilities/__init__.py
[1.579s] -- Installing: /home/ros/nemo/install/rosbridge_library/local/lib/python3.10/dist-packages/rosbridge_library/capabilities/defragmentation.py
[1.579s] -- Installing: /home/ros/nemo/install/rosbridge_library/local/lib/python3.10/dist-packages/rosbridge_library/capabilities/fragmentation.py
[1.580s] -- Installing: /home/ros/nemo/install/rosbridge_library/local/lib/python3.10/dist-packages/rosbridge_library/capabilities/subscribe.py
[1.580s] -- Installing: /home/ros/nemo/install/rosbridge_library/local/lib/python3.10/dist-packages/rosbridge_library/capabilities/unadvertise_service.py
[1.580s] -- Installing: /home/ros/nemo/install/rosbridge_library/local/lib/python3.10/dist-packages/rosbridge_library/capabilities/advertise_service.py
[1.580s] -- Installing: /home/ros/nemo/install/rosbridge_library/local/lib/python3.10/dist-packages/rosbridge_library/capabilities/publish.py
[1.580s] -- Installing: /home/ros/nemo/install/rosbridge_library/local/lib/python3.10/dist-packages/rosbridge_library/capabilities/advertise.py
[1.580s] -- Installing: /home/ros/nemo/install/rosbridge_library/local/lib/python3.10/dist-packages/rosbridge_library/rosbridge_protocol.py
[1.580s] -- Installing: /home/ros/nemo/install/rosbridge_library/local/lib/python3.10/dist-packages/rosbridge_library/protocol.py
[1.580s] -- Installing: /home/ros/nemo/install/rosbridge_library/local/lib/python3.10/dist-packages/rosbridge_library/internal
[1.581s] -- Installing: /home/ros/nemo/install/rosbridge_library/local/lib/python3.10/dist-packages/rosbridge_library/internal/publishers.py
[1.581s] -- Installing: /home/ros/nemo/install/rosbridge_library/local/lib/python3.10/dist-packages/rosbridge_library/internal/message_conversion.py
[1.581s] -- Installing: /home/ros/nemo/install/rosbridge_library/local/lib/python3.10/dist-packages/rosbridge_library/internal/subscribers.py
[1.581s] -- Installing: /home/ros/nemo/install/rosbridge_library/local/lib/python3.10/dist-packages/rosbridge_library/internal/ros_loader.py
[1.581s] -- Installing: /home/ros/nemo/install/rosbridge_library/local/lib/python3.10/dist-packages/rosbridge_library/internal/services.py
[1.581s] -- Installing: /home/ros/nemo/install/rosbridge_library/local/lib/python3.10/dist-packages/rosbridge_library/internal/pngcompression.py
[1.581s] -- Installing: /home/ros/nemo/install/rosbridge_library/local/lib/python3.10/dist-packages/rosbridge_library/internal/__init__.py
[1.581s] -- Installing: /home/ros/nemo/install/rosbridge_library/local/lib/python3.10/dist-packages/rosbridge_library/internal/topics.py
[1.581s] -- Installing: /home/ros/nemo/install/rosbridge_library/local/lib/python3.10/dist-packages/rosbridge_library/internal/exceptions.py
[1.582s] -- Installing: /home/ros/nemo/install/rosbridge_library/local/lib/python3.10/dist-packages/rosbridge_library/internal/subscription_modifiers.py
[1.582s] -- Installing: /home/ros/nemo/install/rosbridge_library/local/lib/python3.10/dist-packages/rosbridge_library/internal/outgoing_message.py
[1.582s] -- Installing: /home/ros/nemo/install/rosbridge_library/local/lib/python3.10/dist-packages/rosbridge_library/internal/cbor_conversion.py
[1.630s] Listing '/home/ros/nemo/install/rosbridge_library/local/lib/python3.10/dist-packages/rosbridge_library'...
[1.630s] Compiling '/home/ros/nemo/install/rosbridge_library/local/lib/python3.10/dist-packages/rosbridge_library/__init__.py'...
[1.630s] Listing '/home/ros/nemo/install/rosbridge_library/local/lib/python3.10/dist-packages/rosbridge_library/capabilities'...
[1.630s] Compiling '/home/ros/nemo/install/rosbridge_library/local/lib/python3.10/dist-packages/rosbridge_library/capabilities/__init__.py'...
[1.630s] Compiling '/home/ros/nemo/install/rosbridge_library/local/lib/python3.10/dist-packages/rosbridge_library/capabilities/advertise.py'...
[1.630s] Compiling '/home/ros/nemo/install/rosbridge_library/local/lib/python3.10/dist-packages/rosbridge_library/capabilities/advertise_service.py'...
[1.630s] Compiling '/home/ros/nemo/install/rosbridge_library/local/lib/python3.10/dist-packages/rosbridge_library/capabilities/call_service.py'...
[1.630s] Compiling '/home/ros/nemo/install/rosbridge_library/local/lib/python3.10/dist-packages/rosbridge_library/capabilities/defragmentation.py'...
[1.630s] Compiling '/home/ros/nemo/install/rosbridge_library/local/lib/python3.10/dist-packages/rosbridge_library/capabilities/fragmentation.py'...
[1.630s] Compiling '/home/ros/nemo/install/rosbridge_library/local/lib/python3.10/dist-packages/rosbridge_library/capabilities/publish.py'...
[1.631s] Compiling '/home/ros/nemo/install/rosbridge_library/local/lib/python3.10/dist-packages/rosbridge_library/capabilities/service_response.py'...
[1.631s] Compiling '/home/ros/nemo/install/rosbridge_library/local/lib/python3.10/dist-packages/rosbridge_library/capabilities/subscribe.py'...
[1.631s] Compiling '/home/ros/nemo/install/rosbridge_library/local/lib/python3.10/dist-packages/rosbridge_library/capabilities/unadvertise_service.py'...
[1.631s] Compiling '/home/ros/nemo/install/rosbridge_library/local/lib/python3.10/dist-packages/rosbridge_library/capability.py'...
[1.631s] Listing '/home/ros/nemo/install/rosbridge_library/local/lib/python3.10/dist-packages/rosbridge_library/internal'...
[1.631s] Compiling '/home/ros/nemo/install/rosbridge_library/local/lib/python3.10/dist-packages/rosbridge_library/internal/__init__.py'...
[1.631s] Compiling '/home/ros/nemo/install/rosbridge_library/local/lib/python3.10/dist-packages/rosbridge_library/internal/cbor_conversion.py'...
[1.631s] Compiling '/home/ros/nemo/install/rosbridge_library/local/lib/python3.10/dist-packages/rosbridge_library/internal/exceptions.py'...
[1.631s] Compiling '/home/ros/nemo/install/rosbridge_library/local/lib/python3.10/dist-packages/rosbridge_library/internal/message_conversion.py'...
[1.631s] Compiling '/home/ros/nemo/install/rosbridge_library/local/lib/python3.10/dist-packages/rosbridge_library/internal/outgoing_message.py'...
[1.631s] Compiling '/home/ros/nemo/install/rosbridge_library/local/lib/python3.10/dist-packages/rosbridge_library/internal/pngcompression.py'...
[1.631s] Compiling '/home/ros/nemo/install/rosbridge_library/local/lib/python3.10/dist-packages/rosbridge_library/internal/publishers.py'...
[1.631s] Compiling '/home/ros/nemo/install/rosbridge_library/local/lib/python3.10/dist-packages/rosbridge_library/internal/ros_loader.py'...
[1.631s] Compiling '/home/ros/nemo/install/rosbridge_library/local/lib/python3.10/dist-packages/rosbridge_library/internal/services.py'...
[1.631s] Compiling '/home/ros/nemo/install/rosbridge_library/local/lib/python3.10/dist-packages/rosbridge_library/internal/subscribers.py'...
[1.631s] Compiling '/home/ros/nemo/install/rosbridge_library/local/lib/python3.10/dist-packages/rosbridge_library/internal/subscription_modifiers.py'...
[1.632s] Compiling '/home/ros/nemo/install/rosbridge_library/local/lib/python3.10/dist-packages/rosbridge_library/internal/topics.py'...
[1.632s] Compiling '/home/ros/nemo/install/rosbridge_library/local/lib/python3.10/dist-packages/rosbridge_library/protocol.py'...
[1.632s] Compiling '/home/ros/nemo/install/rosbridge_library/local/lib/python3.10/dist-packages/rosbridge_library/rosbridge_protocol.py'...
[1.632s] Listing '/home/ros/nemo/install/rosbridge_library/local/lib/python3.10/dist-packages/rosbridge_library/util'...
[1.632s] Compiling '/home/ros/nemo/install/rosbridge_library/local/lib/python3.10/dist-packages/rosbridge_library/util/__init__.py'...
[1.632s] Compiling '/home/ros/nemo/install/rosbridge_library/local/lib/python3.10/dist-packages/rosbridge_library/util/cbor.py'...
[1.634s] -- Installing: /home/ros/nemo/install/rosbridge_library/share/ament_index/resource_index/package_run_dependencies/rosbridge_library
[1.634s] -- Installing: /home/ros/nemo/install/rosbridge_library/share/ament_index/resource_index/parent_prefix_path/rosbridge_library
[1.634s] -- Installing: /home/ros/nemo/install/rosbridge_library/share/rosbridge_library/environment/ament_prefix_path.sh
[1.635s] -- Installing: /home/ros/nemo/install/rosbridge_library/share/rosbridge_library/environment/ament_prefix_path.dsv
[1.635s] -- Installing: /home/ros/nemo/install/rosbridge_library/share/rosbridge_library/environment/path.sh
[1.635s] -- Installing: /home/ros/nemo/install/rosbridge_library/share/rosbridge_library/environment/path.dsv
[1.635s] -- Installing: /home/ros/nemo/install/rosbridge_library/share/rosbridge_library/local_setup.bash
[1.635s] -- Installing: /home/ros/nemo/install/rosbridge_library/share/rosbridge_library/local_setup.sh
[1.635s] -- Installing: /home/ros/nemo/install/rosbridge_library/share/rosbridge_library/local_setup.zsh
[1.636s] -- Installing: /home/ros/nemo/install/rosbridge_library/share/rosbridge_library/local_setup.dsv
[1.636s] -- Installing: /home/ros/nemo/install/rosbridge_library/share/rosbridge_library/package.dsv
[1.636s] -- Installing: /home/ros/nemo/install/rosbridge_library/share/ament_index/resource_index/packages/rosbridge_library
[1.636s] -- Installing: /home/ros/nemo/install/rosbridge_library/share/rosbridge_library/cmake/rosbridge_libraryConfig.cmake
[1.636s] -- Installing: /home/ros/nemo/install/rosbridge_library/share/rosbridge_library/cmake/rosbridge_libraryConfig-version.cmake
[1.636s] -- Installing: /home/ros/nemo/install/rosbridge_library/share/rosbridge_library/package.xml
[1.641s] Invoked command in '/home/ros/nemo/build/rosbridge_library' returned '0': AMENT_PREFIX_PATH=/home/ros/nemo/install/rosbridge_test_msgs:${AMENT_PREFIX_PATH} CMAKE_PREFIX_PATH=/home/ros/nemo/install/rosbridge_test_msgs:/home/ros/nemo/install/ros_tcp_endpoint:/home/ros/nemo/install/nemo_server:/opt/ros/humble LD_LIBRARY_PATH=/home/ros/nemo/install/rosbridge_test_msgs/lib:${LD_LIBRARY_PATH} PYTHONPATH=/home/ros/nemo/install/rosbridge_test_msgs/local/lib/python3.10/dist-packages:${PYTHONPATH} /usr/bin/cmake --install /home/ros/nemo/build/rosbridge_library
