running egg_info
creating ../../build/nemo_server/nemo_server.egg-info
writing ../../build/nemo_server/nemo_server.egg-info/PKG-INFO
writing dependency_links to ../../build/nemo_server/nemo_server.egg-info/dependency_links.txt
writing entry points to ../../build/nemo_server/nemo_server.egg-info/entry_points.txt
writing requirements to ../../build/nemo_server/nemo_server.egg-info/requires.txt
writing top-level names to ../../build/nemo_server/nemo_server.egg-info/top_level.txt
writing manifest file '../../build/nemo_server/nemo_server.egg-info/SOURCES.txt'
reading manifest file '../../build/nemo_server/nemo_server.egg-info/SOURCES.txt'
writing manifest file '../../build/nemo_server/nemo_server.egg-info/SOURCES.txt'
running build
running build_py
creating /home/ros/nemo/build/nemo_server/build
creating /home/ros/nemo/build/nemo_server/build/lib
creating /home/ros/nemo/build/nemo_server/build/lib/nemo_server
copying nemo_server/camera_sub.py -> /home/ros/nemo/build/nemo_server/build/lib/nemo_server
copying nemo_server/__init__.py -> /home/ros/nemo/build/nemo_server/build/lib/nemo_server
copying nemo_server/pressure_sub.py -> /home/ros/nemo/build/nemo_server/build/lib/nemo_server
/usr/lib/python3/dist-packages/setuptools/command/install.py:34: SetuptoolsDeprecationWarning: setup.py install is deprecated. Use build and pip and other standards-based tools.
  warnings.warn(
running install
running install_lib
creating /home/ros/nemo/install/nemo_server/lib/python3.10/site-packages/nemo_server
copying /home/ros/nemo/build/nemo_server/build/lib/nemo_server/camera_sub.py -> /home/ros/nemo/install/nemo_server/lib/python3.10/site-packages/nemo_server
copying /home/ros/nemo/build/nemo_server/build/lib/nemo_server/__init__.py -> /home/ros/nemo/install/nemo_server/lib/python3.10/site-packages/nemo_server
copying /home/ros/nemo/build/nemo_server/build/lib/nemo_server/pressure_sub.py -> /home/ros/nemo/install/nemo_server/lib/python3.10/site-packages/nemo_server
byte-compiling /home/ros/nemo/install/nemo_server/lib/python3.10/site-packages/nemo_server/camera_sub.py to camera_sub.cpython-310.pyc
byte-compiling /home/ros/nemo/install/nemo_server/lib/python3.10/site-packages/nemo_server/__init__.py to __init__.cpython-310.pyc
byte-compiling /home/ros/nemo/install/nemo_server/lib/python3.10/site-packages/nemo_server/pressure_sub.py to pressure_sub.cpython-310.pyc
running install_data
creating /home/ros/nemo/install/nemo_server/share/ament_index
creating /home/ros/nemo/install/nemo_server/share/ament_index/resource_index
creating /home/ros/nemo/install/nemo_server/share/ament_index/resource_index/packages
copying resource/nemo_server -> /home/ros/nemo/install/nemo_server/share/ament_index/resource_index/packages
copying package.xml -> /home/ros/nemo/install/nemo_server/share/nemo_server
running install_egg_info
Copying ../../build/nemo_server/nemo_server.egg-info to /home/ros/nemo/install/nemo_server/lib/python3.10/site-packages/nemo_server-0.0.0-py3.10.egg-info
running install_scripts
Installing camera_sub script to /home/ros/nemo/install/nemo_server/lib/nemo_server
writing list of installed files to '/home/ros/nemo/build/nemo_server/install.log'
