[0.027s] Invoking command in '/home/ros/nemo/build/rosbridge_msgs': CMAKE_PREFIX_PATH=${CMAKE_PREFIX_PATH}:/opt/ros/humble:/home/ros/nemo/install/ros_tcp_endpoint:/home/ros/nemo/install/nemo_server /usr/bin/cmake --build /home/ros/nemo/build/rosbridge_msgs -- -j4 -l4
[0.082s] [ 10%] Built target rosbridge_msgs__rosidl_generator_c
[0.095s] [ 12%] Built target rosbridge_msgs__cpp
[0.133s] [ 12%] Built target ament_cmake_python_copy_rosbridge_msgs
[0.159s] [ 23%] Built target rosbridge_msgs__rosidl_typesupport_c
[0.163s] [ 33%] Built target rosbridge_msgs__rosidl_typesupport_fastrtps_c
[0.165s] [ 43%] Built target rosbridge_msgs__rosidl_typesupport_introspection_c
[0.242s] [ 53%] Built target rosbridge_msgs__rosidl_typesupport_introspection_cpp
[0.258s] [ 64%] Built target rosbridge_msgs__rosidl_typesupport_cpp
[0.275s] [ 74%] Built target rosbridge_msgs__rosidl_typesupport_fastrtps_cpp
[0.371s] [ 74%] Built target rosbridge_msgs
[0.479s] [ 76%] Built target rosbridge_msgs__py
[0.530s] [ 84%] Built target rosbridge_msgs__rosidl_generator_py
[0.594s] running egg_info
[0.595s] writing rosbridge_msgs.egg-info/PKG-INFO
[0.596s] writing dependency_links to rosbridge_msgs.egg-info/dependency_links.txt
[0.596s] writing top-level names to rosbridge_msgs.egg-info/top_level.txt
[0.600s] reading manifest file 'rosbridge_msgs.egg-info/SOURCES.txt'
[0.601s] writing manifest file 'rosbridge_msgs.egg-info/SOURCES.txt'
[0.605s] [ 89%] Built target rosbridge_msgs__rosidl_typesupport_fastrtps_c__pyext
[0.646s] [ 94%] Built target rosbridge_msgs__rosidl_typesupport_introspection_c__pyext
[0.661s] [ 94%] Built target ament_cmake_python_build_rosbridge_msgs_egg
[0.666s] [100%] Built target rosbridge_msgs__rosidl_typesupport_c__pyext
[0.676s] Invoked command in '/home/ros/nemo/build/rosbridge_msgs' returned '0': CMAKE_PREFIX_PATH=${CMAKE_PREFIX_PATH}:/opt/ros/humble:/home/ros/nemo/install/ros_tcp_endpoint:/home/ros/nemo/install/nemo_server /usr/bin/cmake --build /home/ros/nemo/build/rosbridge_msgs -- -j4 -l4
[0.797s] Invoking command in '/home/ros/nemo/build/rosbridge_msgs': CMAKE_PREFIX_PATH=${CMAKE_PREFIX_PATH}:/opt/ros/humble:/home/ros/nemo/install/ros_tcp_endpoint:/home/ros/nemo/install/nemo_server /usr/bin/cmake --install /home/ros/nemo/build/rosbridge_msgs
[0.803s] -- Install configuration: ""
[0.804s] -- Up-to-date: /home/ros/nemo/install/rosbridge_msgs/share/ament_index/resource_index/rosidl_interfaces/rosbridge_msgs
[0.804s] -- Up-to-date: /home/ros/nemo/install/rosbridge_msgs/include/rosbridge_msgs/rosbridge_msgs
[0.804s] -- Up-to-date: /home/ros/nemo/install/rosbridge_msgs/include/rosbridge_msgs/rosbridge_msgs/msg
[0.804s] -- Up-to-date: /home/ros/nemo/install/rosbridge_msgs/include/rosbridge_msgs/rosbridge_msgs/msg/detail
[0.804s] -- Up-to-date: /home/ros/nemo/install/rosbridge_msgs/include/rosbridge_msgs/rosbridge_msgs/msg/detail/connected_clients__functions.c
[0.804s] -- Up-to-date: /home/ros/nemo/install/rosbridge_msgs/include/rosbridge_msgs/rosbridge_msgs/msg/detail/connected_client__type_support.h
[0.804s] -- Up-to-date: /home/ros/nemo/install/rosbridge_msgs/include/rosbridge_msgs/rosbridge_msgs/msg/detail/connected_client__functions.c
[0.805s] -- Up-to-date: /home/ros/nemo/install/rosbridge_msgs/include/rosbridge_msgs/rosbridge_msgs/msg/detail/connected_clients__struct.h
[0.805s] -- Up-to-date: /home/ros/nemo/install/rosbridge_msgs/include/rosbridge_msgs/rosbridge_msgs/msg/detail/connected_clients__type_support.h
[0.805s] -- Up-to-date: /home/ros/nemo/install/rosbridge_msgs/include/rosbridge_msgs/rosbridge_msgs/msg/detail/connected_clients__functions.h
[0.805s] -- Up-to-date: /home/ros/nemo/install/rosbridge_msgs/include/rosbridge_msgs/rosbridge_msgs/msg/detail/connected_client__struct.h
[0.805s] -- Up-to-date: /home/ros/nemo/install/rosbridge_msgs/include/rosbridge_msgs/rosbridge_msgs/msg/detail/connected_client__functions.h
[0.806s] -- Up-to-date: /home/ros/nemo/install/rosbridge_msgs/include/rosbridge_msgs/rosbridge_msgs/msg/connected_clients.h
[0.806s] -- Up-to-date: /home/ros/nemo/install/rosbridge_msgs/include/rosbridge_msgs/rosbridge_msgs/msg/connected_client.h
[0.806s] -- Up-to-date: /home/ros/nemo/install/rosbridge_msgs/include/rosbridge_msgs/rosbridge_msgs/msg/rosidl_generator_c__visibility_control.h
[0.806s] -- Up-to-date: /home/ros/nemo/install/rosbridge_msgs/share/rosbridge_msgs/environment/library_path.sh
[0.806s] -- Up-to-date: /home/ros/nemo/install/rosbridge_msgs/share/rosbridge_msgs/environment/library_path.dsv
[0.806s] -- Up-to-date: /home/ros/nemo/install/rosbridge_msgs/lib/librosbridge_msgs__rosidl_generator_c.so
[0.806s] -- Up-to-date: /home/ros/nemo/install/rosbridge_msgs/include/rosbridge_msgs/rosbridge_msgs
[0.806s] -- Up-to-date: /home/ros/nemo/install/rosbridge_msgs/include/rosbridge_msgs/rosbridge_msgs/msg
[0.806s] -- Up-to-date: /home/ros/nemo/install/rosbridge_msgs/include/rosbridge_msgs/rosbridge_msgs/msg/detail
[0.807s] -- Up-to-date: /home/ros/nemo/install/rosbridge_msgs/include/rosbridge_msgs/rosbridge_msgs/msg/detail/connected_clients__rosidl_typesupport_fastrtps_c.h
[0.807s] -- Up-to-date: /home/ros/nemo/install/rosbridge_msgs/include/rosbridge_msgs/rosbridge_msgs/msg/detail/connected_client__rosidl_typesupport_fastrtps_c.h
[0.807s] -- Up-to-date: /home/ros/nemo/install/rosbridge_msgs/include/rosbridge_msgs/rosbridge_msgs/msg/rosidl_typesupport_fastrtps_c__visibility_control.h
[0.807s] -- Up-to-date: /home/ros/nemo/install/rosbridge_msgs/lib/librosbridge_msgs__rosidl_typesupport_fastrtps_c.so
[0.807s] -- Up-to-date: /home/ros/nemo/install/rosbridge_msgs/include/rosbridge_msgs/rosbridge_msgs
[0.807s] -- Up-to-date: /home/ros/nemo/install/rosbridge_msgs/include/rosbridge_msgs/rosbridge_msgs/msg
[0.807s] -- Up-to-date: /home/ros/nemo/install/rosbridge_msgs/include/rosbridge_msgs/rosbridge_msgs/msg/detail
[0.808s] -- Up-to-date: /home/ros/nemo/install/rosbridge_msgs/include/rosbridge_msgs/rosbridge_msgs/msg/detail/connected_clients__builder.hpp
[0.808s] -- Up-to-date: /home/ros/nemo/install/rosbridge_msgs/include/rosbridge_msgs/rosbridge_msgs/msg/detail/connected_clients__struct.hpp
[0.808s] -- Up-to-date: /home/ros/nemo/install/rosbridge_msgs/include/rosbridge_msgs/rosbridge_msgs/msg/detail/connected_client__struct.hpp
[0.808s] -- Up-to-date: /home/ros/nemo/install/rosbridge_msgs/include/rosbridge_msgs/rosbridge_msgs/msg/detail/connected_clients__traits.hpp
[0.808s] -- Up-to-date: /home/ros/nemo/install/rosbridge_msgs/include/rosbridge_msgs/rosbridge_msgs/msg/detail/connected_client__builder.hpp
[0.808s] -- Up-to-date: /home/ros/nemo/install/rosbridge_msgs/include/rosbridge_msgs/rosbridge_msgs/msg/detail/connected_client__traits.hpp
[0.809s] -- Up-to-date: /home/ros/nemo/install/rosbridge_msgs/include/rosbridge_msgs/rosbridge_msgs/msg/connected_client.hpp
[0.809s] -- Up-to-date: /home/ros/nemo/install/rosbridge_msgs/include/rosbridge_msgs/rosbridge_msgs/msg/connected_clients.hpp
[0.809s] -- Up-to-date: /home/ros/nemo/install/rosbridge_msgs/include/rosbridge_msgs/rosbridge_msgs
[0.809s] -- Up-to-date: /home/ros/nemo/install/rosbridge_msgs/include/rosbridge_msgs/rosbridge_msgs/msg
[0.809s] -- Up-to-date: /home/ros/nemo/install/rosbridge_msgs/include/rosbridge_msgs/rosbridge_msgs/msg/detail
[0.809s] -- Up-to-date: /home/ros/nemo/install/rosbridge_msgs/include/rosbridge_msgs/rosbridge_msgs/msg/detail/connected_clients__rosidl_typesupport_fastrtps_cpp.hpp
[0.809s] -- Up-to-date: /home/ros/nemo/install/rosbridge_msgs/include/rosbridge_msgs/rosbridge_msgs/msg/detail/dds_fastrtps
[0.809s] -- Up-to-date: /home/ros/nemo/install/rosbridge_msgs/include/rosbridge_msgs/rosbridge_msgs/msg/detail/connected_client__rosidl_typesupport_fastrtps_cpp.hpp
[0.809s] -- Up-to-date: /home/ros/nemo/install/rosbridge_msgs/include/rosbridge_msgs/rosbridge_msgs/msg/rosidl_typesupport_fastrtps_cpp__visibility_control.h
[0.810s] -- Up-to-date: /home/ros/nemo/install/rosbridge_msgs/lib/librosbridge_msgs__rosidl_typesupport_fastrtps_cpp.so
[0.810s] -- Up-to-date: /home/ros/nemo/install/rosbridge_msgs/include/rosbridge_msgs/rosbridge_msgs
[0.810s] -- Up-to-date: /home/ros/nemo/install/rosbridge_msgs/include/rosbridge_msgs/rosbridge_msgs/msg
[0.810s] -- Up-to-date: /home/ros/nemo/install/rosbridge_msgs/include/rosbridge_msgs/rosbridge_msgs/msg/detail
[0.810s] -- Up-to-date: /home/ros/nemo/install/rosbridge_msgs/include/rosbridge_msgs/rosbridge_msgs/msg/detail/connected_clients__rosidl_typesupport_introspection_c.h
[0.810s] -- Up-to-date: /home/ros/nemo/install/rosbridge_msgs/include/rosbridge_msgs/rosbridge_msgs/msg/detail/connected_client__rosidl_typesupport_introspection_c.h
[0.810s] -- Up-to-date: /home/ros/nemo/install/rosbridge_msgs/include/rosbridge_msgs/rosbridge_msgs/msg/detail/connected_client__type_support.c
[0.810s] -- Up-to-date: /home/ros/nemo/install/rosbridge_msgs/include/rosbridge_msgs/rosbridge_msgs/msg/detail/connected_clients__type_support.c
[0.811s] -- Up-to-date: /home/ros/nemo/install/rosbridge_msgs/include/rosbridge_msgs/rosbridge_msgs/msg/rosidl_typesupport_introspection_c__visibility_control.h
[0.811s] -- Up-to-date: /home/ros/nemo/install/rosbridge_msgs/lib/librosbridge_msgs__rosidl_typesupport_introspection_c.so
[0.811s] -- Up-to-date: /home/ros/nemo/install/rosbridge_msgs/lib/librosbridge_msgs__rosidl_typesupport_c.so
[0.811s] -- Up-to-date: /home/ros/nemo/install/rosbridge_msgs/include/rosbridge_msgs/rosbridge_msgs
[0.811s] -- Up-to-date: /home/ros/nemo/install/rosbridge_msgs/include/rosbridge_msgs/rosbridge_msgs/msg
[0.811s] -- Up-to-date: /home/ros/nemo/install/rosbridge_msgs/include/rosbridge_msgs/rosbridge_msgs/msg/detail
[0.811s] -- Up-to-date: /home/ros/nemo/install/rosbridge_msgs/include/rosbridge_msgs/rosbridge_msgs/msg/detail/connected_client__type_support.cpp
[0.811s] -- Up-to-date: /home/ros/nemo/install/rosbridge_msgs/include/rosbridge_msgs/rosbridge_msgs/msg/detail/connected_clients__rosidl_typesupport_introspection_cpp.hpp
[0.812s] -- Up-to-date: /home/ros/nemo/install/rosbridge_msgs/include/rosbridge_msgs/rosbridge_msgs/msg/detail/connected_clients__type_support.cpp
[0.812s] -- Up-to-date: /home/ros/nemo/install/rosbridge_msgs/include/rosbridge_msgs/rosbridge_msgs/msg/detail/connected_client__rosidl_typesupport_introspection_cpp.hpp
[0.812s] -- Up-to-date: /home/ros/nemo/install/rosbridge_msgs/lib/librosbridge_msgs__rosidl_typesupport_introspection_cpp.so
[0.812s] -- Up-to-date: /home/ros/nemo/install/rosbridge_msgs/lib/librosbridge_msgs__rosidl_typesupport_cpp.so
[0.812s] -- Up-to-date: /home/ros/nemo/install/rosbridge_msgs/share/rosbridge_msgs/environment/pythonpath.sh
[0.812s] -- Up-to-date: /home/ros/nemo/install/rosbridge_msgs/share/rosbridge_msgs/environment/pythonpath.dsv
[0.812s] -- Up-to-date: /home/ros/nemo/install/rosbridge_msgs/local/lib/python3.10/dist-packages/rosbridge_msgs-1.3.1-py3.10.egg-info
[0.813s] -- Installing: /home/ros/nemo/install/rosbridge_msgs/local/lib/python3.10/dist-packages/rosbridge_msgs-1.3.1-py3.10.egg-info/SOURCES.txt
[0.813s] -- Installing: /home/ros/nemo/install/rosbridge_msgs/local/lib/python3.10/dist-packages/rosbridge_msgs-1.3.1-py3.10.egg-info/PKG-INFO
[0.813s] -- Installing: /home/ros/nemo/install/rosbridge_msgs/local/lib/python3.10/dist-packages/rosbridge_msgs-1.3.1-py3.10.egg-info/top_level.txt
[0.813s] -- Installing: /home/ros/nemo/install/rosbridge_msgs/local/lib/python3.10/dist-packages/rosbridge_msgs-1.3.1-py3.10.egg-info/dependency_links.txt
[0.813s] -- Up-to-date: /home/ros/nemo/install/rosbridge_msgs/local/lib/python3.10/dist-packages/rosbridge_msgs
[0.813s] -- Up-to-date: /home/ros/nemo/install/rosbridge_msgs/local/lib/python3.10/dist-packages/rosbridge_msgs/rosbridge_msgs_s__rosidl_typesupport_fastrtps_c.cpython-310-x86_64-linux-gnu.so
[0.814s] -- Up-to-date: /home/ros/nemo/install/rosbridge_msgs/local/lib/python3.10/dist-packages/rosbridge_msgs/rosbridge_msgs_s__rosidl_typesupport_introspection_c.cpython-310-x86_64-linux-gnu.so
[0.814s] -- Up-to-date: /home/ros/nemo/install/rosbridge_msgs/local/lib/python3.10/dist-packages/rosbridge_msgs/librosbridge_msgs__rosidl_generator_py.so
[0.814s] -- Up-to-date: /home/ros/nemo/install/rosbridge_msgs/local/lib/python3.10/dist-packages/rosbridge_msgs/_rosbridge_msgs_s.ep.rosidl_typesupport_fastrtps_c.c
[0.814s] -- Up-to-date: /home/ros/nemo/install/rosbridge_msgs/local/lib/python3.10/dist-packages/rosbridge_msgs/__init__.py
[0.814s] -- Up-to-date: /home/ros/nemo/install/rosbridge_msgs/local/lib/python3.10/dist-packages/rosbridge_msgs/rosbridge_msgs_s__rosidl_typesupport_c.cpython-310-x86_64-linux-gnu.so
[0.814s] -- Up-to-date: /home/ros/nemo/install/rosbridge_msgs/local/lib/python3.10/dist-packages/rosbridge_msgs/_rosbridge_msgs_s.ep.rosidl_typesupport_c.c
[0.814s] -- Up-to-date: /home/ros/nemo/install/rosbridge_msgs/local/lib/python3.10/dist-packages/rosbridge_msgs/_rosbridge_msgs_s.ep.rosidl_typesupport_introspection_c.c
[0.814s] -- Up-to-date: /home/ros/nemo/install/rosbridge_msgs/local/lib/python3.10/dist-packages/rosbridge_msgs/msg
[0.814s] -- Up-to-date: /home/ros/nemo/install/rosbridge_msgs/local/lib/python3.10/dist-packages/rosbridge_msgs/msg/_connected_clients.py
[0.815s] -- Up-to-date: /home/ros/nemo/install/rosbridge_msgs/local/lib/python3.10/dist-packages/rosbridge_msgs/msg/__init__.py
[0.815s] -- Up-to-date: /home/ros/nemo/install/rosbridge_msgs/local/lib/python3.10/dist-packages/rosbridge_msgs/msg/_connected_clients_s.c
[0.815s] -- Up-to-date: /home/ros/nemo/install/rosbridge_msgs/local/lib/python3.10/dist-packages/rosbridge_msgs/msg/_connected_client.py
[0.815s] -- Up-to-date: /home/ros/nemo/install/rosbridge_msgs/local/lib/python3.10/dist-packages/rosbridge_msgs/msg/_connected_client_s.c
[0.847s] Listing '/home/ros/nemo/install/rosbridge_msgs/local/lib/python3.10/dist-packages/rosbridge_msgs'...
[0.847s] Listing '/home/ros/nemo/install/rosbridge_msgs/local/lib/python3.10/dist-packages/rosbridge_msgs/msg'...
[0.852s] -- Up-to-date: /home/ros/nemo/install/rosbridge_msgs/local/lib/python3.10/dist-packages/rosbridge_msgs/rosbridge_msgs_s__rosidl_typesupport_fastrtps_c.cpython-310-x86_64-linux-gnu.so
[0.853s] -- Up-to-date: /home/ros/nemo/install/rosbridge_msgs/local/lib/python3.10/dist-packages/rosbridge_msgs/rosbridge_msgs_s__rosidl_typesupport_introspection_c.cpython-310-x86_64-linux-gnu.so
[0.853s] -- Up-to-date: /home/ros/nemo/install/rosbridge_msgs/local/lib/python3.10/dist-packages/rosbridge_msgs/rosbridge_msgs_s__rosidl_typesupport_c.cpython-310-x86_64-linux-gnu.so
[0.854s] -- Up-to-date: /home/ros/nemo/install/rosbridge_msgs/lib/librosbridge_msgs__rosidl_generator_py.so
[0.854s] -- Up-to-date: /home/ros/nemo/install/rosbridge_msgs/share/rosbridge_msgs/msg/ConnectedClient.idl
[0.854s] -- Up-to-date: /home/ros/nemo/install/rosbridge_msgs/share/rosbridge_msgs/msg/ConnectedClients.idl
[0.854s] -- Up-to-date: /home/ros/nemo/install/rosbridge_msgs/share/rosbridge_msgs/msg/ConnectedClient.msg
[0.855s] -- Up-to-date: /home/ros/nemo/install/rosbridge_msgs/share/rosbridge_msgs/msg/ConnectedClients.msg
[0.855s] -- Up-to-date: /home/ros/nemo/install/rosbridge_msgs/share/ament_index/resource_index/package_run_dependencies/rosbridge_msgs
[0.855s] -- Up-to-date: /home/ros/nemo/install/rosbridge_msgs/share/ament_index/resource_index/parent_prefix_path/rosbridge_msgs
[0.855s] -- Up-to-date: /home/ros/nemo/install/rosbridge_msgs/share/rosbridge_msgs/environment/ament_prefix_path.sh
[0.855s] -- Up-to-date: /home/ros/nemo/install/rosbridge_msgs/share/rosbridge_msgs/environment/ament_prefix_path.dsv
[0.855s] -- Up-to-date: /home/ros/nemo/install/rosbridge_msgs/share/rosbridge_msgs/environment/path.sh
[0.856s] -- Up-to-date: /home/ros/nemo/install/rosbridge_msgs/share/rosbridge_msgs/environment/path.dsv
[0.856s] -- Up-to-date: /home/ros/nemo/install/rosbridge_msgs/share/rosbridge_msgs/local_setup.bash
[0.856s] -- Up-to-date: /home/ros/nemo/install/rosbridge_msgs/share/rosbridge_msgs/local_setup.sh
[0.856s] -- Up-to-date: /home/ros/nemo/install/rosbridge_msgs/share/rosbridge_msgs/local_setup.zsh
[0.856s] -- Up-to-date: /home/ros/nemo/install/rosbridge_msgs/share/rosbridge_msgs/local_setup.dsv
[0.856s] -- Installing: /home/ros/nemo/install/rosbridge_msgs/share/rosbridge_msgs/package.dsv
[0.857s] -- Up-to-date: /home/ros/nemo/install/rosbridge_msgs/share/ament_index/resource_index/packages/rosbridge_msgs
[0.857s] -- Up-to-date: /home/ros/nemo/install/rosbridge_msgs/share/rosbridge_msgs/cmake/export_rosbridge_msgs__rosidl_generator_cExport.cmake
[0.857s] -- Up-to-date: /home/ros/nemo/install/rosbridge_msgs/share/rosbridge_msgs/cmake/export_rosbridge_msgs__rosidl_generator_cExport-noconfig.cmake
[0.857s] -- Up-to-date: /home/ros/nemo/install/rosbridge_msgs/share/rosbridge_msgs/cmake/export_rosbridge_msgs__rosidl_typesupport_fastrtps_cExport.cmake
[0.857s] -- Up-to-date: /home/ros/nemo/install/rosbridge_msgs/share/rosbridge_msgs/cmake/export_rosbridge_msgs__rosidl_typesupport_fastrtps_cExport-noconfig.cmake
[0.857s] -- Up-to-date: /home/ros/nemo/install/rosbridge_msgs/share/rosbridge_msgs/cmake/export_rosbridge_msgs__rosidl_generator_cppExport.cmake
[0.857s] -- Up-to-date: /home/ros/nemo/install/rosbridge_msgs/share/rosbridge_msgs/cmake/export_rosbridge_msgs__rosidl_typesupport_fastrtps_cppExport.cmake
[0.858s] -- Up-to-date: /home/ros/nemo/install/rosbridge_msgs/share/rosbridge_msgs/cmake/export_rosbridge_msgs__rosidl_typesupport_fastrtps_cppExport-noconfig.cmake
[0.858s] -- Up-to-date: /home/ros/nemo/install/rosbridge_msgs/share/rosbridge_msgs/cmake/rosbridge_msgs__rosidl_typesupport_introspection_cExport.cmake
[0.858s] -- Up-to-date: /home/ros/nemo/install/rosbridge_msgs/share/rosbridge_msgs/cmake/rosbridge_msgs__rosidl_typesupport_introspection_cExport-noconfig.cmake
[0.858s] -- Up-to-date: /home/ros/nemo/install/rosbridge_msgs/share/rosbridge_msgs/cmake/rosbridge_msgs__rosidl_typesupport_cExport.cmake
[0.858s] -- Up-to-date: /home/ros/nemo/install/rosbridge_msgs/share/rosbridge_msgs/cmake/rosbridge_msgs__rosidl_typesupport_cExport-noconfig.cmake
[0.859s] -- Up-to-date: /home/ros/nemo/install/rosbridge_msgs/share/rosbridge_msgs/cmake/rosbridge_msgs__rosidl_typesupport_introspection_cppExport.cmake
[0.859s] -- Up-to-date: /home/ros/nemo/install/rosbridge_msgs/share/rosbridge_msgs/cmake/rosbridge_msgs__rosidl_typesupport_introspection_cppExport-noconfig.cmake
[0.859s] -- Up-to-date: /home/ros/nemo/install/rosbridge_msgs/share/rosbridge_msgs/cmake/rosbridge_msgs__rosidl_typesupport_cppExport.cmake
[0.859s] -- Up-to-date: /home/ros/nemo/install/rosbridge_msgs/share/rosbridge_msgs/cmake/rosbridge_msgs__rosidl_typesupport_cppExport-noconfig.cmake
[0.859s] -- Up-to-date: /home/ros/nemo/install/rosbridge_msgs/share/rosbridge_msgs/cmake/export_rosbridge_msgs__rosidl_generator_pyExport.cmake
[0.859s] -- Up-to-date: /home/ros/nemo/install/rosbridge_msgs/share/rosbridge_msgs/cmake/export_rosbridge_msgs__rosidl_generator_pyExport-noconfig.cmake
[0.859s] -- Up-to-date: /home/ros/nemo/install/rosbridge_msgs/share/rosbridge_msgs/cmake/rosidl_cmake-extras.cmake
[0.859s] -- Up-to-date: /home/ros/nemo/install/rosbridge_msgs/share/rosbridge_msgs/cmake/ament_cmake_export_dependencies-extras.cmake
[0.860s] -- Up-to-date: /home/ros/nemo/install/rosbridge_msgs/share/rosbridge_msgs/cmake/ament_cmake_export_include_directories-extras.cmake
[0.860s] -- Up-to-date: /home/ros/nemo/install/rosbridge_msgs/share/rosbridge_msgs/cmake/ament_cmake_export_libraries-extras.cmake
[0.860s] -- Up-to-date: /home/ros/nemo/install/rosbridge_msgs/share/rosbridge_msgs/cmake/ament_cmake_export_targets-extras.cmake
[0.860s] -- Up-to-date: /home/ros/nemo/install/rosbridge_msgs/share/rosbridge_msgs/cmake/rosidl_cmake_export_typesupport_targets-extras.cmake
[0.861s] -- Up-to-date: /home/ros/nemo/install/rosbridge_msgs/share/rosbridge_msgs/cmake/rosidl_cmake_export_typesupport_libraries-extras.cmake
[0.862s] -- Up-to-date: /home/ros/nemo/install/rosbridge_msgs/share/rosbridge_msgs/cmake/rosbridge_msgsConfig.cmake
[0.862s] -- Up-to-date: /home/ros/nemo/install/rosbridge_msgs/share/rosbridge_msgs/cmake/rosbridge_msgsConfig-version.cmake
[0.862s] -- Up-to-date: /home/ros/nemo/install/rosbridge_msgs/share/rosbridge_msgs/package.xml
[0.863s] Invoked command in '/home/ros/nemo/build/rosbridge_msgs' returned '0': CMAKE_PREFIX_PATH=${CMAKE_PREFIX_PATH}:/opt/ros/humble:/home/ros/nemo/install/ros_tcp_endpoint:/home/ros/nemo/install/nemo_server /usr/bin/cmake --install /home/ros/nemo/build/rosbridge_msgs
