[0.013s] Invoking command in '/home/ros/nemo/build/rosbridge_server': CMAKE_PREFIX_PATH=/home/ros/nemo/install/rosapi:/home/ros/nemo/install/rosbridge_library:/home/ros/nemo/install/rosbridge_msgs:/home/ros/nemo/install/rosapi_msgs:/home/ros/nemo/install/rosbridge_test_msgs:/home/ros/nemo/install/rosbridge_suite:/home/ros/nemo/install/rosbridge_server:/home/ros/nemo/install/ros_tcp_endpoint:/home/ros/nemo/install/nemo_server:/opt/ros/humble LD_LIBRARY_PATH=/home/ros/nemo/install/rosbridge_msgs/lib:/home/ros/nemo/install/rosapi_msgs/lib:/home/ros/nemo/install/rosbridge_test_msgs/lib:/opt/ros/humble/lib/x86_64-linux-gnu:/opt/ros/humble/lib /usr/bin/cmake --build /home/ros/nemo/build/rosbridge_server -- -j4 -l4
[0.056s] Built target ament_cmake_python_copy_rosbridge_server
[0.266s] running egg_info
[0.267s] writing rosbridge_server.egg-info/PKG-INFO
[0.267s] writing dependency_links to rosbridge_server.egg-info/dependency_links.txt
[0.267s] writing top-level names to rosbridge_server.egg-info/top_level.txt
[0.269s] reading manifest file 'rosbridge_server.egg-info/SOURCES.txt'
[0.270s] writing manifest file 'rosbridge_server.egg-info/SOURCES.txt'
[0.291s] Built target ament_cmake_python_build_rosbridge_server_egg
[0.300s] Invoked command in '/home/ros/nemo/build/rosbridge_server' returned '0': CMAKE_PREFIX_PATH=/home/ros/nemo/install/rosapi:/home/ros/nemo/install/rosbridge_library:/home/ros/nemo/install/rosbridge_msgs:/home/ros/nemo/install/rosapi_msgs:/home/ros/nemo/install/rosbridge_test_msgs:/home/ros/nemo/install/rosbridge_suite:/home/ros/nemo/install/rosbridge_server:/home/ros/nemo/install/ros_tcp_endpoint:/home/ros/nemo/install/nemo_server:/opt/ros/humble LD_LIBRARY_PATH=/home/ros/nemo/install/rosbridge_msgs/lib:/home/ros/nemo/install/rosapi_msgs/lib:/home/ros/nemo/install/rosbridge_test_msgs/lib:/opt/ros/humble/lib/x86_64-linux-gnu:/opt/ros/humble/lib /usr/bin/cmake --build /home/ros/nemo/build/rosbridge_server -- -j4 -l4
[0.318s] Invoking command in '/home/ros/nemo/build/rosbridge_server': CMAKE_PREFIX_PATH=/home/ros/nemo/install/rosapi:/home/ros/nemo/install/rosbridge_library:/home/ros/nemo/install/rosbridge_msgs:/home/ros/nemo/install/rosapi_msgs:/home/ros/nemo/install/rosbridge_test_msgs:/home/ros/nemo/install/rosbridge_suite:/home/ros/nemo/install/rosbridge_server:/home/ros/nemo/install/ros_tcp_endpoint:/home/ros/nemo/install/nemo_server:/opt/ros/humble LD_LIBRARY_PATH=/home/ros/nemo/install/rosbridge_msgs/lib:/home/ros/nemo/install/rosapi_msgs/lib:/home/ros/nemo/install/rosbridge_test_msgs/lib:/opt/ros/humble/lib/x86_64-linux-gnu:/opt/ros/humble/lib /usr/bin/cmake --install /home/ros/nemo/build/rosbridge_server
[0.325s] -- Install configuration: ""
[0.325s] -- Up-to-date: /home/ros/nemo/install/rosbridge_server/share/rosbridge_server/environment/pythonpath.sh
[0.325s] -- Up-to-date: /home/ros/nemo/install/rosbridge_server/share/rosbridge_server/environment/pythonpath.dsv
[0.325s] -- Up-to-date: /home/ros/nemo/install/rosbridge_server/local/lib/python3.10/dist-packages/rosbridge_server-1.3.1-py3.10.egg-info
[0.325s] -- Installing: /home/ros/nemo/install/rosbridge_server/local/lib/python3.10/dist-packages/rosbridge_server-1.3.1-py3.10.egg-info/SOURCES.txt
[0.325s] -- Installing: /home/ros/nemo/install/rosbridge_server/local/lib/python3.10/dist-packages/rosbridge_server-1.3.1-py3.10.egg-info/PKG-INFO
[0.325s] -- Installing: /home/ros/nemo/install/rosbridge_server/local/lib/python3.10/dist-packages/rosbridge_server-1.3.1-py3.10.egg-info/top_level.txt
[0.325s] -- Installing: /home/ros/nemo/install/rosbridge_server/local/lib/python3.10/dist-packages/rosbridge_server-1.3.1-py3.10.egg-info/dependency_links.txt
[0.325s] -- Up-to-date: /home/ros/nemo/install/rosbridge_server/local/lib/python3.10/dist-packages/rosbridge_server
[0.326s] -- Up-to-date: /home/ros/nemo/install/rosbridge_server/local/lib/python3.10/dist-packages/rosbridge_server/__init__.py
[0.326s] -- Up-to-date: /home/ros/nemo/install/rosbridge_server/local/lib/python3.10/dist-packages/rosbridge_server/client_mananger.py
[0.326s] -- Up-to-date: /home/ros/nemo/install/rosbridge_server/local/lib/python3.10/dist-packages/rosbridge_server/websocket_handler.py
[0.356s] Listing '/home/ros/nemo/install/rosbridge_server/local/lib/python3.10/dist-packages/rosbridge_server'...
[0.359s] -- Up-to-date: /home/ros/nemo/install/rosbridge_server/share/ament_index/resource_index/package_run_dependencies/rosbridge_server
[0.360s] -- Up-to-date: /home/ros/nemo/install/rosbridge_server/share/ament_index/resource_index/parent_prefix_path/rosbridge_server
[0.360s] -- Up-to-date: /home/ros/nemo/install/rosbridge_server/share/rosbridge_server/environment/ament_prefix_path.sh
[0.360s] -- Up-to-date: /home/ros/nemo/install/rosbridge_server/share/rosbridge_server/environment/ament_prefix_path.dsv
[0.360s] -- Up-to-date: /home/ros/nemo/install/rosbridge_server/share/rosbridge_server/environment/path.sh
[0.360s] -- Up-to-date: /home/ros/nemo/install/rosbridge_server/share/rosbridge_server/environment/path.dsv
[0.360s] -- Up-to-date: /home/ros/nemo/install/rosbridge_server/share/rosbridge_server/local_setup.bash
[0.360s] -- Up-to-date: /home/ros/nemo/install/rosbridge_server/share/rosbridge_server/local_setup.sh
[0.360s] -- Up-to-date: /home/ros/nemo/install/rosbridge_server/share/rosbridge_server/local_setup.zsh
[0.360s] -- Up-to-date: /home/ros/nemo/install/rosbridge_server/share/rosbridge_server/local_setup.dsv
[0.361s] -- Installing: /home/ros/nemo/install/rosbridge_server/share/rosbridge_server/package.dsv
[0.361s] -- Up-to-date: /home/ros/nemo/install/rosbridge_server/share/ament_index/resource_index/packages/rosbridge_server
[0.361s] -- Up-to-date: /home/ros/nemo/install/rosbridge_server/share/rosbridge_server/cmake/rosbridge_serverConfig.cmake
[0.361s] -- Up-to-date: /home/ros/nemo/install/rosbridge_server/share/rosbridge_server/cmake/rosbridge_serverConfig-version.cmake
[0.361s] -- Up-to-date: /home/ros/nemo/install/rosbridge_server/share/rosbridge_server/package.xml
[0.361s] -- Up-to-date: /home/ros/nemo/install/rosbridge_server/lib/rosbridge_server/rosbridge_websocket.py
[0.361s] -- Up-to-date: /home/ros/nemo/install/rosbridge_server/lib/rosbridge_server/rosbridge_websocket
[0.361s] -- Up-to-date: /home/ros/nemo/install/rosbridge_server/share/rosbridge_server/launch/rosbridge_websocket_launch.xml
[0.364s] Invoked command in '/home/ros/nemo/build/rosbridge_server' returned '0': CMAKE_PREFIX_PATH=/home/ros/nemo/install/rosapi:/home/ros/nemo/install/rosbridge_library:/home/ros/nemo/install/rosbridge_msgs:/home/ros/nemo/install/rosapi_msgs:/home/ros/nemo/install/rosbridge_test_msgs:/home/ros/nemo/install/rosbridge_suite:/home/ros/nemo/install/rosbridge_server:/home/ros/nemo/install/ros_tcp_endpoint:/home/ros/nemo/install/nemo_server:/opt/ros/humble LD_LIBRARY_PATH=/home/ros/nemo/install/rosbridge_msgs/lib:/home/ros/nemo/install/rosapi_msgs/lib:/home/ros/nemo/install/rosbridge_test_msgs/lib:/opt/ros/humble/lib/x86_64-linux-gnu:/opt/ros/humble/lib /usr/bin/cmake --install /home/ros/nemo/build/rosbridge_server
