[1.238s] Invoking command in '/home/ros/nemo/src/nemo_server': PYTHONPATH=/home/ros/nemo/build/nemo_server/prefix_override:/home/ros/nemo/install/nemo_server/lib/python3.10/site-packages:${PYTHONPATH} /usr/bin/python3 setup.py egg_info --egg-base ../../build/nemo_server build --build-base /home/ros/nemo/build/nemo_server/build install --record /home/ros/nemo/build/nemo_server/install.log --single-version-externally-managed
[1.568s] running egg_info
[1.568s] writing ../../build/nemo_server/nemo_server.egg-info/PKG-INFO
[1.569s] writing dependency_links to ../../build/nemo_server/nemo_server.egg-info/dependency_links.txt
[1.569s] writing entry points to ../../build/nemo_server/nemo_server.egg-info/entry_points.txt
[1.569s] writing requirements to ../../build/nemo_server/nemo_server.egg-info/requires.txt
[1.569s] writing top-level names to ../../build/nemo_server/nemo_server.egg-info/top_level.txt
[1.571s] package init file 'nemo_server/lib/__init__.py' not found (or not a regular file)
[1.572s] reading manifest file '../../build/nemo_server/nemo_server.egg-info/SOURCES.txt'
[1.573s] writing manifest file '../../build/nemo_server/nemo_server.egg-info/SOURCES.txt'
[1.574s] running build
[1.574s] running build_py
[1.574s] copying nemo_server/localiser.py -> /home/ros/nemo/build/nemo_server/build/lib/nemo_server
[1.575s] running install
[1.575s] /usr/lib/python3/dist-packages/setuptools/command/install.py:34: SetuptoolsDeprecationWarning: setup.py install is deprecated. Use build and pip and other standards-based tools.
[1.575s]   warnings.warn(
[1.575s] running install_lib
[1.577s] copying /home/ros/nemo/build/nemo_server/build/lib/nemo_server/localiser.py -> /home/ros/nemo/install/nemo_server/lib/python3.10/site-packages/nemo_server
[1.577s] byte-compiling /home/ros/nemo/install/nemo_server/lib/python3.10/site-packages/nemo_server/localiser.py to localiser.cpython-310.pyc
[1.578s] running install_data
[1.579s] running install_egg_info
[1.581s] removing '/home/ros/nemo/install/nemo_server/lib/python3.10/site-packages/nemo_server-0.0.0-py3.10.egg-info' (and everything under it)
[1.581s] Copying ../../build/nemo_server/nemo_server.egg-info to /home/ros/nemo/install/nemo_server/lib/python3.10/site-packages/nemo_server-0.0.0-py3.10.egg-info
[1.582s] running install_scripts
[1.609s] Installing localiser script to /home/ros/nemo/install/nemo_server/lib/nemo_server
[1.610s] writing list of installed files to '/home/ros/nemo/build/nemo_server/install.log'
[1.640s] Invoked command in '/home/ros/nemo/src/nemo_server' returned '0': PYTHONPATH=/home/ros/nemo/build/nemo_server/prefix_override:/home/ros/nemo/install/nemo_server/lib/python3.10/site-packages:${PYTHONPATH} /usr/bin/python3 setup.py egg_info --egg-base ../../build/nemo_server build --build-base /home/ros/nemo/build/nemo_server/build install --record /home/ros/nemo/build/nemo_server/install.log --single-version-externally-managed
