[0.010s] Invoking command in '/home/ros/nemo/build/rosapi': AMENT_PREFIX_PATH=/home/ros/nemo/install/rosbridge_library:/home/ros/nemo/install/rosapi_msgs:${AMENT_PREFIX_PATH} CMAKE_PREFIX_PATH=/home/ros/nemo/install/rosbridge_library:/home/ros/nemo/install/rosapi_msgs:/home/ros/nemo/install/ros_tcp_endpoint:/home/ros/nemo/install/nemo_server:/opt/ros/humble LD_LIBRARY_PATH=/home/ros/nemo/install/rosapi_msgs/lib:${LD_LIBRARY_PATH} PYTHONPATH=/home/ros/nemo/install/rosbridge_library/local/lib/python3.10/dist-packages:/home/ros/nemo/install/rosapi_msgs/local/lib/python3.10/dist-packages:${PYTHONPATH} /usr/bin/cmake /home/ros/nemo/src/rosbridge_suite/rosapi -DCMAKE_INSTALL_PREFIX=/home/ros/nemo/install/rosapi
[0.052s] -- The C compiler identification is GNU 11.3.0
[0.097s] -- The CXX compiler identification is GNU 11.3.0
[0.103s] -- Detecting C compiler ABI info
[0.156s] -- Detecting C compiler ABI info - done
[0.162s] -- Check for working C compiler: /usr/bin/cc - skipped
[0.163s] -- Detecting C compile features
[0.163s] -- Detecting C compile features - done
[0.166s] -- Detecting CXX compiler ABI info
[0.229s] -- Detecting CXX compiler ABI info - done
[0.235s] -- Check for working CXX compiler: /usr/bin/c++ - skipped
[0.236s] -- Detecting CXX compile features
[0.236s] -- Detecting CXX compile features - done
[0.238s] -- Found ament_cmake_ros: 0.10.0 (/opt/ros/humble/share/ament_cmake_ros/cmake)
[0.393s] -- Found Python3: /usr/bin/python3.10 (found version "3.10.6") found components: Interpreter 
[0.885s] -- Configuring done
[0.889s] -- Generating done
[0.890s] -- Build files have been written to: /home/ros/nemo/build/rosapi
[0.893s] Invoked command in '/home/ros/nemo/build/rosapi' returned '0': AMENT_PREFIX_PATH=/home/ros/nemo/install/rosbridge_library:/home/ros/nemo/install/rosapi_msgs:${AMENT_PREFIX_PATH} CMAKE_PREFIX_PATH=/home/ros/nemo/install/rosbridge_library:/home/ros/nemo/install/rosapi_msgs:/home/ros/nemo/install/ros_tcp_endpoint:/home/ros/nemo/install/nemo_server:/opt/ros/humble LD_LIBRARY_PATH=/home/ros/nemo/install/rosapi_msgs/lib:${LD_LIBRARY_PATH} PYTHONPATH=/home/ros/nemo/install/rosbridge_library/local/lib/python3.10/dist-packages:/home/ros/nemo/install/rosapi_msgs/local/lib/python3.10/dist-packages:${PYTHONPATH} /usr/bin/cmake /home/ros/nemo/src/rosbridge_suite/rosapi -DCMAKE_INSTALL_PREFIX=/home/ros/nemo/install/rosapi
[0.895s] Invoking command in '/home/ros/nemo/build/rosapi': AMENT_PREFIX_PATH=/home/ros/nemo/install/rosbridge_library:/home/ros/nemo/install/rosapi_msgs:${AMENT_PREFIX_PATH} CMAKE_PREFIX_PATH=/home/ros/nemo/install/rosbridge_library:/home/ros/nemo/install/rosapi_msgs:/home/ros/nemo/install/ros_tcp_endpoint:/home/ros/nemo/install/nemo_server:/opt/ros/humble LD_LIBRARY_PATH=/home/ros/nemo/install/rosapi_msgs/lib:${LD_LIBRARY_PATH} PYTHONPATH=/home/ros/nemo/install/rosbridge_library/local/lib/python3.10/dist-packages:/home/ros/nemo/install/rosapi_msgs/local/lib/python3.10/dist-packages:${PYTHONPATH} /usr/bin/cmake --build /home/ros/nemo/build/rosapi -- -j4 -l4
[0.937s] Built target ament_cmake_python_copy_rosapi
[1.137s] running egg_info
[1.138s] creating rosapi.egg-info
[1.138s] writing rosapi.egg-info/PKG-INFO
[1.139s] writing dependency_links to rosapi.egg-info/dependency_links.txt
[1.139s] writing top-level names to rosapi.egg-info/top_level.txt
[1.139s] writing manifest file 'rosapi.egg-info/SOURCES.txt'
[1.141s] reading manifest file 'rosapi.egg-info/SOURCES.txt'
[1.141s] writing manifest file 'rosapi.egg-info/SOURCES.txt'
[1.162s] Built target ament_cmake_python_build_rosapi_egg
[1.170s] Invoked command in '/home/ros/nemo/build/rosapi' returned '0': AMENT_PREFIX_PATH=/home/ros/nemo/install/rosbridge_library:/home/ros/nemo/install/rosapi_msgs:${AMENT_PREFIX_PATH} CMAKE_PREFIX_PATH=/home/ros/nemo/install/rosbridge_library:/home/ros/nemo/install/rosapi_msgs:/home/ros/nemo/install/ros_tcp_endpoint:/home/ros/nemo/install/nemo_server:/opt/ros/humble LD_LIBRARY_PATH=/home/ros/nemo/install/rosapi_msgs/lib:${LD_LIBRARY_PATH} PYTHONPATH=/home/ros/nemo/install/rosbridge_library/local/lib/python3.10/dist-packages:/home/ros/nemo/install/rosapi_msgs/local/lib/python3.10/dist-packages:${PYTHONPATH} /usr/bin/cmake --build /home/ros/nemo/build/rosapi -- -j4 -l4
[1.189s] Invoking command in '/home/ros/nemo/build/rosapi': AMENT_PREFIX_PATH=/home/ros/nemo/install/rosbridge_library:/home/ros/nemo/install/rosapi_msgs:${AMENT_PREFIX_PATH} CMAKE_PREFIX_PATH=/home/ros/nemo/install/rosbridge_library:/home/ros/nemo/install/rosapi_msgs:/home/ros/nemo/install/ros_tcp_endpoint:/home/ros/nemo/install/nemo_server:/opt/ros/humble LD_LIBRARY_PATH=/home/ros/nemo/install/rosapi_msgs/lib:${LD_LIBRARY_PATH} PYTHONPATH=/home/ros/nemo/install/rosbridge_library/local/lib/python3.10/dist-packages:/home/ros/nemo/install/rosapi_msgs/local/lib/python3.10/dist-packages:${PYTHONPATH} /usr/bin/cmake --install /home/ros/nemo/build/rosapi
[1.195s] -- Install configuration: ""
[1.195s] -- Installing: /home/ros/nemo/install/rosapi/share/rosapi/environment/pythonpath.sh
[1.195s] -- Installing: /home/ros/nemo/install/rosapi/share/rosapi/environment/pythonpath.dsv
[1.195s] -- Installing: /home/ros/nemo/install/rosapi/local/lib/python3.10/dist-packages/rosapi-1.3.1-py3.10.egg-info
[1.195s] -- Installing: /home/ros/nemo/install/rosapi/local/lib/python3.10/dist-packages/rosapi-1.3.1-py3.10.egg-info/SOURCES.txt
[1.195s] -- Installing: /home/ros/nemo/install/rosapi/local/lib/python3.10/dist-packages/rosapi-1.3.1-py3.10.egg-info/PKG-INFO
[1.196s] -- Installing: /home/ros/nemo/install/rosapi/local/lib/python3.10/dist-packages/rosapi-1.3.1-py3.10.egg-info/top_level.txt
[1.196s] -- Installing: /home/ros/nemo/install/rosapi/local/lib/python3.10/dist-packages/rosapi-1.3.1-py3.10.egg-info/dependency_links.txt
[1.196s] -- Installing: /home/ros/nemo/install/rosapi/local/lib/python3.10/dist-packages/rosapi
[1.196s] -- Installing: /home/ros/nemo/install/rosapi/local/lib/python3.10/dist-packages/rosapi/proxy.py
[1.196s] -- Installing: /home/ros/nemo/install/rosapi/local/lib/python3.10/dist-packages/rosapi/__init__.py
[1.197s] -- Installing: /home/ros/nemo/install/rosapi/local/lib/python3.10/dist-packages/rosapi/stringify_field_types.py
[1.197s] -- Installing: /home/ros/nemo/install/rosapi/local/lib/python3.10/dist-packages/rosapi/objectutils.py
[1.197s] -- Installing: /home/ros/nemo/install/rosapi/local/lib/python3.10/dist-packages/rosapi/params.py
[1.197s] -- Installing: /home/ros/nemo/install/rosapi/local/lib/python3.10/dist-packages/rosapi/glob_helper.py
[1.229s] Listing '/home/ros/nemo/install/rosapi/local/lib/python3.10/dist-packages/rosapi'...
[1.230s] Compiling '/home/ros/nemo/install/rosapi/local/lib/python3.10/dist-packages/rosapi/__init__.py'...
[1.230s] Compiling '/home/ros/nemo/install/rosapi/local/lib/python3.10/dist-packages/rosapi/glob_helper.py'...
[1.230s] Compiling '/home/ros/nemo/install/rosapi/local/lib/python3.10/dist-packages/rosapi/objectutils.py'...
[1.230s] Compiling '/home/ros/nemo/install/rosapi/local/lib/python3.10/dist-packages/rosapi/params.py'...
[1.230s] Compiling '/home/ros/nemo/install/rosapi/local/lib/python3.10/dist-packages/rosapi/proxy.py'...
[1.230s] Compiling '/home/ros/nemo/install/rosapi/local/lib/python3.10/dist-packages/rosapi/stringify_field_types.py'...
[1.234s] -- Installing: /home/ros/nemo/install/rosapi/share/ament_index/resource_index/package_run_dependencies/rosapi
[1.234s] -- Installing: /home/ros/nemo/install/rosapi/share/ament_index/resource_index/parent_prefix_path/rosapi
[1.234s] -- Installing: /home/ros/nemo/install/rosapi/share/rosapi/environment/ament_prefix_path.sh
[1.235s] -- Installing: /home/ros/nemo/install/rosapi/share/rosapi/environment/ament_prefix_path.dsv
[1.235s] -- Installing: /home/ros/nemo/install/rosapi/share/rosapi/environment/path.sh
[1.235s] -- Installing: /home/ros/nemo/install/rosapi/share/rosapi/environment/path.dsv
[1.235s] -- Installing: /home/ros/nemo/install/rosapi/share/rosapi/local_setup.bash
[1.235s] -- Installing: /home/ros/nemo/install/rosapi/share/rosapi/local_setup.sh
[1.235s] -- Installing: /home/ros/nemo/install/rosapi/share/rosapi/local_setup.zsh
[1.235s] -- Installing: /home/ros/nemo/install/rosapi/share/rosapi/local_setup.dsv
[1.235s] -- Installing: /home/ros/nemo/install/rosapi/share/rosapi/package.dsv
[1.236s] -- Installing: /home/ros/nemo/install/rosapi/share/ament_index/resource_index/packages/rosapi
[1.236s] -- Installing: /home/ros/nemo/install/rosapi/share/rosapi/cmake/rosapiConfig.cmake
[1.236s] -- Installing: /home/ros/nemo/install/rosapi/share/rosapi/cmake/rosapiConfig-version.cmake
[1.236s] -- Installing: /home/ros/nemo/install/rosapi/share/rosapi/package.xml
[1.236s] -- Installing: /home/ros/nemo/install/rosapi/lib/rosapi/rosapi_node
[1.237s] -- Installing: /home/ros/nemo/install/rosapi/share/rosapi/mapping_rules.yaml
[1.242s] Invoked command in '/home/ros/nemo/build/rosapi' returned '0': AMENT_PREFIX_PATH=/home/ros/nemo/install/rosbridge_library:/home/ros/nemo/install/rosapi_msgs:${AMENT_PREFIX_PATH} CMAKE_PREFIX_PATH=/home/ros/nemo/install/rosbridge_library:/home/ros/nemo/install/rosapi_msgs:/home/ros/nemo/install/ros_tcp_endpoint:/home/ros/nemo/install/nemo_server:/opt/ros/humble LD_LIBRARY_PATH=/home/ros/nemo/install/rosapi_msgs/lib:${LD_LIBRARY_PATH} PYTHONPATH=/home/ros/nemo/install/rosbridge_library/local/lib/python3.10/dist-packages:/home/ros/nemo/install/rosapi_msgs/local/lib/python3.10/dist-packages:${PYTHONPATH} /usr/bin/cmake --install /home/ros/nemo/build/rosapi
