[0.308s] DEBUG:colcon:Command line arguments: ['/usr/bin/colcon', 'build']
[0.308s] DEBUG:colcon:Parsed command line arguments: Namespace(log_base=None, log_level=None, verb_name='build', build_base='build', install_base='install', merge_install=False, symlink_install=False, test_result_base=None, continue_on_error=False, executor='parallel', parallel_workers=4, event_handlers=None, ignore_user_meta=False, metas=['./colcon.meta'], base_paths=['.'], packages_ignore=None, packages_ignore_regex=None, paths=None, packages_up_to=None, packages_up_to_regex=None, packages_above=None, packages_above_and_dependencies=None, packages_above_depth=None, packages_select_by_dep=None, packages_skip_by_dep=None, packages_skip_up_to=None, packages_select_build_failed=False, packages_skip_build_finished=False, packages_select_test_failures=False, packages_skip_test_passed=False, packages_select=None, packages_skip=None, packages_select_regex=None, packages_skip_regex=None, packages_start=None, packages_end=None, allow_overriding=[], ament_gradle_args=None, ament_gradle_task=None, cmake_args=None, cmake_target=None, cmake_target_skip_unavailable=False, cmake_clean_cache=False, cmake_clean_first=False, cmake_force_configure=False, gradle_args=None, gradle_task=None, ament_cmake_args=None, catkin_cmake_args=None, catkin_skip_building_tests=False, verb_parser=<colcon_defaults.argument_parser.defaults.DefaultArgumentsDecorator object at 0x7fed5fc06a10>, verb_extension=<colcon_core.verb.build.BuildVerb object at 0x7fed6055a140>, main=<bound method BuildVerb.main of <colcon_core.verb.build.BuildVerb object at 0x7fed6055a140>>)
[0.334s] Level 1:colcon.colcon_core.package_discovery:discover_packages(colcon_meta) check parameters
[0.334s] Level 1:colcon.colcon_core.package_discovery:discover_packages(recursive) check parameters
[0.334s] Level 1:colcon.colcon_core.package_discovery:discover_packages(ignore) check parameters
[0.334s] Level 1:colcon.colcon_core.package_discovery:discover_packages(path) check parameters
[0.334s] Level 1:colcon.colcon_core.package_discovery:discover_packages(colcon_meta) discover
[0.334s] Level 1:colcon.colcon_core.package_discovery:discover_packages(recursive) discover
[0.334s] INFO:colcon.colcon_core.package_discovery:Crawling recursively for packages in '/home/ros/nemo'
[0.334s] Level 1:colcon.colcon_core.package_identification:_identify(.) by extensions ['ignore', 'ignore_ament_install']
[0.334s] Level 1:colcon.colcon_core.package_identification:_identify(.) by extension 'ignore'
[0.334s] Level 1:colcon.colcon_core.package_identification:_identify(.) by extension 'ignore_ament_install'
[0.335s] Level 1:colcon.colcon_core.package_identification:_identify(.) by extensions ['colcon_pkg']
[0.335s] Level 1:colcon.colcon_core.package_identification:_identify(.) by extension 'colcon_pkg'
[0.335s] Level 1:colcon.colcon_core.package_identification:_identify(.) by extensions ['colcon_meta']
[0.335s] Level 1:colcon.colcon_core.package_identification:_identify(.) by extension 'colcon_meta'
[0.335s] Level 1:colcon.colcon_core.package_identification:_identify(.) by extensions ['ament_gradle']
[0.335s] Level 1:colcon.colcon_core.package_identification:_identify(.) by extension 'ament_gradle'
[0.335s] Level 1:colcon.colcon_core.package_identification:_identify(.) by extensions ['ros']
[0.335s] Level 1:colcon.colcon_core.package_identification:_identify(.) by extension 'ros'
[0.347s] Level 1:colcon.colcon_core.package_identification:_identify(.) by extensions ['cmake', 'gradle', 'python']
[0.347s] Level 1:colcon.colcon_core.package_identification:_identify(.) by extension 'cmake'
[0.347s] Level 1:colcon.colcon_core.package_identification:_identify(.) by extension 'gradle'
[0.347s] Level 1:colcon.colcon_core.package_identification:_identify(.) by extension 'python'
[0.347s] Level 1:colcon.colcon_core.package_identification:_identify(.) by extensions ['python_setup_py']
[0.347s] Level 1:colcon.colcon_core.package_identification:_identify(.) by extension 'python_setup_py'
[0.347s] Level 1:colcon.colcon_core.package_identification:_identify(build) by extensions ['ignore', 'ignore_ament_install']
[0.347s] Level 1:colcon.colcon_core.package_identification:_identify(build) by extension 'ignore'
[0.347s] Level 1:colcon.colcon_core.package_identification:_identify(build) ignored
[0.347s] Level 1:colcon.colcon_core.package_identification:_identify(install) by extensions ['ignore', 'ignore_ament_install']
[0.347s] Level 1:colcon.colcon_core.package_identification:_identify(install) by extension 'ignore'
[0.347s] Level 1:colcon.colcon_core.package_identification:_identify(install) ignored
[0.348s] Level 1:colcon.colcon_core.package_identification:_identify(launch) by extensions ['ignore', 'ignore_ament_install']
[0.348s] Level 1:colcon.colcon_core.package_identification:_identify(launch) by extension 'ignore'
[0.348s] Level 1:colcon.colcon_core.package_identification:_identify(launch) by extension 'ignore_ament_install'
[0.348s] Level 1:colcon.colcon_core.package_identification:_identify(launch) by extensions ['colcon_pkg']
[0.348s] Level 1:colcon.colcon_core.package_identification:_identify(launch) by extension 'colcon_pkg'
[0.348s] Level 1:colcon.colcon_core.package_identification:_identify(launch) by extensions ['colcon_meta']
[0.348s] Level 1:colcon.colcon_core.package_identification:_identify(launch) by extension 'colcon_meta'
[0.348s] Level 1:colcon.colcon_core.package_identification:_identify(launch) by extensions ['ament_gradle']
[0.348s] Level 1:colcon.colcon_core.package_identification:_identify(launch) by extension 'ament_gradle'
[0.348s] Level 1:colcon.colcon_core.package_identification:_identify(launch) by extensions ['ros']
[0.348s] Level 1:colcon.colcon_core.package_identification:_identify(launch) by extension 'ros'
[0.348s] Level 1:colcon.colcon_core.package_identification:_identify(launch) by extensions ['cmake', 'gradle', 'python']
[0.348s] Level 1:colcon.colcon_core.package_identification:_identify(launch) by extension 'cmake'
[0.348s] Level 1:colcon.colcon_core.package_identification:_identify(launch) by extension 'gradle'
[0.348s] Level 1:colcon.colcon_core.package_identification:_identify(launch) by extension 'python'
[0.348s] Level 1:colcon.colcon_core.package_identification:_identify(launch) by extensions ['python_setup_py']
[0.348s] Level 1:colcon.colcon_core.package_identification:_identify(launch) by extension 'python_setup_py'
[0.348s] Level 1:colcon.colcon_core.package_identification:_identify(launch/__pycache__) by extensions ['ignore', 'ignore_ament_install']
[0.349s] Level 1:colcon.colcon_core.package_identification:_identify(launch/__pycache__) by extension 'ignore'
[0.349s] Level 1:colcon.colcon_core.package_identification:_identify(launch/__pycache__) by extension 'ignore_ament_install'
[0.349s] Level 1:colcon.colcon_core.package_identification:_identify(launch/__pycache__) by extensions ['colcon_pkg']
[0.349s] Level 1:colcon.colcon_core.package_identification:_identify(launch/__pycache__) by extension 'colcon_pkg'
[0.349s] Level 1:colcon.colcon_core.package_identification:_identify(launch/__pycache__) by extensions ['colcon_meta']
[0.349s] Level 1:colcon.colcon_core.package_identification:_identify(launch/__pycache__) by extension 'colcon_meta'
[0.349s] Level 1:colcon.colcon_core.package_identification:_identify(launch/__pycache__) by extensions ['ament_gradle']
[0.349s] Level 1:colcon.colcon_core.package_identification:_identify(launch/__pycache__) by extension 'ament_gradle'
[0.349s] Level 1:colcon.colcon_core.package_identification:_identify(launch/__pycache__) by extensions ['ros']
[0.349s] Level 1:colcon.colcon_core.package_identification:_identify(launch/__pycache__) by extension 'ros'
[0.349s] Level 1:colcon.colcon_core.package_identification:_identify(launch/__pycache__) by extensions ['cmake', 'gradle', 'python']
[0.349s] Level 1:colcon.colcon_core.package_identification:_identify(launch/__pycache__) by extension 'cmake'
[0.349s] Level 1:colcon.colcon_core.package_identification:_identify(launch/__pycache__) by extension 'gradle'
[0.349s] Level 1:colcon.colcon_core.package_identification:_identify(launch/__pycache__) by extension 'python'
[0.349s] Level 1:colcon.colcon_core.package_identification:_identify(launch/__pycache__) by extensions ['python_setup_py']
[0.349s] Level 1:colcon.colcon_core.package_identification:_identify(launch/__pycache__) by extension 'python_setup_py'
[0.349s] Level 1:colcon.colcon_core.package_identification:_identify(log) by extensions ['ignore', 'ignore_ament_install']
[0.349s] Level 1:colcon.colcon_core.package_identification:_identify(log) by extension 'ignore'
[0.349s] Level 1:colcon.colcon_core.package_identification:_identify(log) ignored
[0.349s] Level 1:colcon.colcon_core.package_identification:_identify(scripts) by extensions ['ignore', 'ignore_ament_install']
[0.350s] Level 1:colcon.colcon_core.package_identification:_identify(scripts) by extension 'ignore'
[0.350s] Level 1:colcon.colcon_core.package_identification:_identify(scripts) by extension 'ignore_ament_install'
[0.350s] Level 1:colcon.colcon_core.package_identification:_identify(scripts) by extensions ['colcon_pkg']
[0.350s] Level 1:colcon.colcon_core.package_identification:_identify(scripts) by extension 'colcon_pkg'
[0.350s] Level 1:colcon.colcon_core.package_identification:_identify(scripts) by extensions ['colcon_meta']
[0.350s] Level 1:colcon.colcon_core.package_identification:_identify(scripts) by extension 'colcon_meta'
[0.350s] Level 1:colcon.colcon_core.package_identification:_identify(scripts) by extensions ['ament_gradle']
[0.350s] Level 1:colcon.colcon_core.package_identification:_identify(scripts) by extension 'ament_gradle'
[0.350s] Level 1:colcon.colcon_core.package_identification:_identify(scripts) by extensions ['ros']
[0.350s] Level 1:colcon.colcon_core.package_identification:_identify(scripts) by extension 'ros'
[0.350s] Level 1:colcon.colcon_core.package_identification:_identify(scripts) by extensions ['cmake', 'gradle', 'python']
[0.350s] Level 1:colcon.colcon_core.package_identification:_identify(scripts) by extension 'cmake'
[0.350s] Level 1:colcon.colcon_core.package_identification:_identify(scripts) by extension 'gradle'
[0.350s] Level 1:colcon.colcon_core.package_identification:_identify(scripts) by extension 'python'
[0.350s] Level 1:colcon.colcon_core.package_identification:_identify(scripts) by extensions ['python_setup_py']
[0.350s] Level 1:colcon.colcon_core.package_identification:_identify(scripts) by extension 'python_setup_py'
[0.350s] Level 1:colcon.colcon_core.package_identification:_identify(scripts/movement) by extensions ['ignore', 'ignore_ament_install']
[0.350s] Level 1:colcon.colcon_core.package_identification:_identify(scripts/movement) by extension 'ignore'
[0.350s] Level 1:colcon.colcon_core.package_identification:_identify(scripts/movement) by extension 'ignore_ament_install'
[0.350s] Level 1:colcon.colcon_core.package_identification:_identify(scripts/movement) by extensions ['colcon_pkg']
[0.350s] Level 1:colcon.colcon_core.package_identification:_identify(scripts/movement) by extension 'colcon_pkg'
[0.350s] Level 1:colcon.colcon_core.package_identification:_identify(scripts/movement) by extensions ['colcon_meta']
[0.351s] Level 1:colcon.colcon_core.package_identification:_identify(scripts/movement) by extension 'colcon_meta'
[0.351s] Level 1:colcon.colcon_core.package_identification:_identify(scripts/movement) by extensions ['ament_gradle']
[0.351s] Level 1:colcon.colcon_core.package_identification:_identify(scripts/movement) by extension 'ament_gradle'
[0.351s] Level 1:colcon.colcon_core.package_identification:_identify(scripts/movement) by extensions ['ros']
[0.351s] Level 1:colcon.colcon_core.package_identification:_identify(scripts/movement) by extension 'ros'
[0.351s] Level 1:colcon.colcon_core.package_identification:_identify(scripts/movement) by extensions ['cmake', 'gradle', 'python']
[0.351s] Level 1:colcon.colcon_core.package_identification:_identify(scripts/movement) by extension 'cmake'
[0.351s] Level 1:colcon.colcon_core.package_identification:_identify(scripts/movement) by extension 'gradle'
[0.351s] Level 1:colcon.colcon_core.package_identification:_identify(scripts/movement) by extension 'python'
[0.351s] Level 1:colcon.colcon_core.package_identification:_identify(scripts/movement) by extensions ['python_setup_py']
[0.351s] Level 1:colcon.colcon_core.package_identification:_identify(scripts/movement) by extension 'python_setup_py'
[0.351s] Level 1:colcon.colcon_core.package_identification:_identify(src) by extensions ['ignore', 'ignore_ament_install']
[0.351s] Level 1:colcon.colcon_core.package_identification:_identify(src) by extension 'ignore'
[0.351s] Level 1:colcon.colcon_core.package_identification:_identify(src) by extension 'ignore_ament_install'
[0.351s] Level 1:colcon.colcon_core.package_identification:_identify(src) by extensions ['colcon_pkg']
[0.351s] Level 1:colcon.colcon_core.package_identification:_identify(src) by extension 'colcon_pkg'
[0.351s] Level 1:colcon.colcon_core.package_identification:_identify(src) by extensions ['colcon_meta']
[0.351s] Level 1:colcon.colcon_core.package_identification:_identify(src) by extension 'colcon_meta'
[0.351s] Level 1:colcon.colcon_core.package_identification:_identify(src) by extensions ['ament_gradle']
[0.351s] Level 1:colcon.colcon_core.package_identification:_identify(src) by extension 'ament_gradle'
[0.351s] Level 1:colcon.colcon_core.package_identification:_identify(src) by extensions ['ros']
[0.351s] Level 1:colcon.colcon_core.package_identification:_identify(src) by extension 'ros'
[0.352s] Level 1:colcon.colcon_core.package_identification:_identify(src) by extensions ['cmake', 'gradle', 'python']
[0.352s] Level 1:colcon.colcon_core.package_identification:_identify(src) by extension 'cmake'
[0.352s] Level 1:colcon.colcon_core.package_identification:_identify(src) by extension 'gradle'
[0.352s] Level 1:colcon.colcon_core.package_identification:_identify(src) by extension 'python'
[0.352s] Level 1:colcon.colcon_core.package_identification:_identify(src) by extensions ['python_setup_py']
[0.352s] Level 1:colcon.colcon_core.package_identification:_identify(src) by extension 'python_setup_py'
[0.352s] Level 1:colcon.colcon_core.package_identification:_identify(src/nemo_server) by extensions ['ignore', 'ignore_ament_install']
[0.352s] Level 1:colcon.colcon_core.package_identification:_identify(src/nemo_server) by extension 'ignore'
[0.352s] Level 1:colcon.colcon_core.package_identification:_identify(src/nemo_server) by extension 'ignore_ament_install'
[0.352s] Level 1:colcon.colcon_core.package_identification:_identify(src/nemo_server) by extensions ['colcon_pkg']
[0.352s] Level 1:colcon.colcon_core.package_identification:_identify(src/nemo_server) by extension 'colcon_pkg'
[0.352s] Level 1:colcon.colcon_core.package_identification:_identify(src/nemo_server) by extensions ['colcon_meta']
[0.352s] Level 1:colcon.colcon_core.package_identification:_identify(src/nemo_server) by extension 'colcon_meta'
[0.352s] Level 1:colcon.colcon_core.package_identification:_identify(src/nemo_server) by extensions ['ament_gradle']
[0.352s] Level 1:colcon.colcon_core.package_identification:_identify(src/nemo_server) by extension 'ament_gradle'
[0.352s] Level 1:colcon.colcon_core.package_identification:_identify(src/nemo_server) by extensions ['ros']
[0.352s] Level 1:colcon.colcon_core.package_identification:_identify(src/nemo_server) by extension 'ros'
[0.354s] DEBUG:colcon.colcon_core.package_identification:Package 'src/nemo_server' with type 'ros.ament_python' and name 'nemo_server'
[0.354s] Level 1:colcon.colcon_core.package_identification:_identify(src/ros_tcp_endpoint) by extensions ['ignore', 'ignore_ament_install']
[0.355s] Level 1:colcon.colcon_core.package_identification:_identify(src/ros_tcp_endpoint) by extension 'ignore'
[0.355s] Level 1:colcon.colcon_core.package_identification:_identify(src/ros_tcp_endpoint) by extension 'ignore_ament_install'
[0.355s] Level 1:colcon.colcon_core.package_identification:_identify(src/ros_tcp_endpoint) by extensions ['colcon_pkg']
[0.355s] Level 1:colcon.colcon_core.package_identification:_identify(src/ros_tcp_endpoint) by extension 'colcon_pkg'
[0.355s] Level 1:colcon.colcon_core.package_identification:_identify(src/ros_tcp_endpoint) by extensions ['colcon_meta']
[0.355s] Level 1:colcon.colcon_core.package_identification:_identify(src/ros_tcp_endpoint) by extension 'colcon_meta'
[0.355s] Level 1:colcon.colcon_core.package_identification:_identify(src/ros_tcp_endpoint) by extensions ['ament_gradle']
[0.355s] Level 1:colcon.colcon_core.package_identification:_identify(src/ros_tcp_endpoint) by extension 'ament_gradle'
[0.355s] Level 1:colcon.colcon_core.package_identification:_identify(src/ros_tcp_endpoint) by extensions ['ros']
[0.355s] Level 1:colcon.colcon_core.package_identification:_identify(src/ros_tcp_endpoint) by extension 'ros'
[0.355s] DEBUG:colcon.colcon_core.package_identification:Package 'src/ros_tcp_endpoint' with type 'ros.ament_python' and name 'ros_tcp_endpoint'
[0.355s] Level 1:colcon.colcon_core.package_discovery:discover_packages(recursive) using defaults
[0.356s] Level 1:colcon.colcon_core.package_discovery:discover_packages(ignore) discover
[0.356s] Level 1:colcon.colcon_core.package_discovery:discover_packages(ignore) using defaults
[0.356s] Level 1:colcon.colcon_core.package_discovery:discover_packages(path) discover
[0.356s] Level 1:colcon.colcon_core.package_discovery:discover_packages(path) using defaults
[0.378s] Level 1:colcon.colcon_core.package_discovery:discover_packages(prefix_path) check parameters
[0.378s] Level 1:colcon.colcon_core.package_discovery:discover_packages(prefix_path) discover
[0.380s] DEBUG:colcon.colcon_installed_package_information.package_discovery:Found 2 installed packages in /home/ros/nemo/install
[0.382s] DEBUG:colcon.colcon_installed_package_information.package_discovery:Found 192 installed packages in /opt/ros/humble
[0.383s] Level 1:colcon.colcon_core.package_discovery:discover_packages(prefix_path) using defaults
[0.423s] Level 5:colcon.colcon_core.verb:set package 'nemo_server' build argument 'ament_gradle_args' from command line to 'None'
[0.423s] Level 5:colcon.colcon_core.verb:set package 'nemo_server' build argument 'ament_gradle_task' from command line to 'None'
[0.423s] Level 5:colcon.colcon_core.verb:set package 'nemo_server' build argument 'cmake_args' from command line to 'None'
[0.423s] Level 5:colcon.colcon_core.verb:set package 'nemo_server' build argument 'cmake_target' from command line to 'None'
[0.423s] Level 5:colcon.colcon_core.verb:set package 'nemo_server' build argument 'cmake_target_skip_unavailable' from command line to 'False'
[0.423s] Level 5:colcon.colcon_core.verb:set package 'nemo_server' build argument 'cmake_clean_cache' from command line to 'False'
[0.423s] Level 5:colcon.colcon_core.verb:set package 'nemo_server' build argument 'cmake_clean_first' from command line to 'False'
[0.423s] Level 5:colcon.colcon_core.verb:set package 'nemo_server' build argument 'cmake_force_configure' from command line to 'False'
[0.423s] Level 5:colcon.colcon_core.verb:set package 'nemo_server' build argument 'gradle_args' from command line to 'None'
[0.423s] Level 5:colcon.colcon_core.verb:set package 'nemo_server' build argument 'gradle_task' from command line to 'None'
[0.423s] Level 5:colcon.colcon_core.verb:set package 'nemo_server' build argument 'ament_cmake_args' from command line to 'None'
[0.423s] Level 5:colcon.colcon_core.verb:set package 'nemo_server' build argument 'catkin_cmake_args' from command line to 'None'
[0.423s] Level 5:colcon.colcon_core.verb:set package 'nemo_server' build argument 'catkin_skip_building_tests' from command line to 'False'
[0.423s] DEBUG:colcon.colcon_core.verb:Building package 'nemo_server' with the following arguments: {'ament_cmake_args': None, 'ament_gradle_args': None, 'ament_gradle_task': None, 'build_base': '/home/ros/nemo/build/nemo_server', 'catkin_cmake_args': None, 'catkin_skip_building_tests': False, 'cmake_args': None, 'cmake_clean_cache': False, 'cmake_clean_first': False, 'cmake_force_configure': False, 'cmake_target': None, 'cmake_target_skip_unavailable': False, 'gradle_args': None, 'gradle_task': None, 'install_base': '/home/ros/nemo/install/nemo_server', 'merge_install': False, 'path': '/home/ros/nemo/src/nemo_server', 'symlink_install': False, 'test_result_base': None}
[0.425s] Level 5:colcon.colcon_core.verb:set package 'ros_tcp_endpoint' build argument 'ament_gradle_args' from command line to 'None'
[0.425s] Level 5:colcon.colcon_core.verb:set package 'ros_tcp_endpoint' build argument 'ament_gradle_task' from command line to 'None'
[0.425s] Level 5:colcon.colcon_core.verb:set package 'ros_tcp_endpoint' build argument 'cmake_args' from command line to 'None'
[0.425s] Level 5:colcon.colcon_core.verb:set package 'ros_tcp_endpoint' build argument 'cmake_target' from command line to 'None'
[0.425s] Level 5:colcon.colcon_core.verb:set package 'ros_tcp_endpoint' build argument 'cmake_target_skip_unavailable' from command line to 'False'
[0.425s] Level 5:colcon.colcon_core.verb:set package 'ros_tcp_endpoint' build argument 'cmake_clean_cache' from command line to 'False'
[0.425s] Level 5:colcon.colcon_core.verb:set package 'ros_tcp_endpoint' build argument 'cmake_clean_first' from command line to 'False'
[0.425s] Level 5:colcon.colcon_core.verb:set package 'ros_tcp_endpoint' build argument 'cmake_force_configure' from command line to 'False'
[0.425s] Level 5:colcon.colcon_core.verb:set package 'ros_tcp_endpoint' build argument 'gradle_args' from command line to 'None'
[0.425s] Level 5:colcon.colcon_core.verb:set package 'ros_tcp_endpoint' build argument 'gradle_task' from command line to 'None'
[0.425s] Level 5:colcon.colcon_core.verb:set package 'ros_tcp_endpoint' build argument 'ament_cmake_args' from command line to 'None'
[0.425s] Level 5:colcon.colcon_core.verb:set package 'ros_tcp_endpoint' build argument 'catkin_cmake_args' from command line to 'None'
[0.425s] Level 5:colcon.colcon_core.verb:set package 'ros_tcp_endpoint' build argument 'catkin_skip_building_tests' from command line to 'False'
[0.425s] DEBUG:colcon.colcon_core.verb:Building package 'ros_tcp_endpoint' with the following arguments: {'ament_cmake_args': None, 'ament_gradle_args': None, 'ament_gradle_task': None, 'build_base': '/home/ros/nemo/build/ros_tcp_endpoint', 'catkin_cmake_args': None, 'catkin_skip_building_tests': False, 'cmake_args': None, 'cmake_clean_cache': False, 'cmake_clean_first': False, 'cmake_force_configure': False, 'cmake_target': None, 'cmake_target_skip_unavailable': False, 'gradle_args': None, 'gradle_task': None, 'install_base': '/home/ros/nemo/install/ros_tcp_endpoint', 'merge_install': False, 'path': '/home/ros/nemo/src/ros_tcp_endpoint', 'symlink_install': False, 'test_result_base': None}
[0.426s] INFO:colcon.colcon_core.executor:Executing jobs using 'parallel' executor
[0.429s] DEBUG:colcon.colcon_parallel_executor.executor.parallel:run_until_complete
[0.429s] INFO:colcon.colcon_ros.task.ament_python.build:Building ROS package in '/home/ros/nemo/src/nemo_server' with build type 'ament_python'
[0.429s] Level 1:colcon.colcon_core.shell:create_environment_hook('nemo_server', 'ament_prefix_path')
[0.433s] INFO:colcon.colcon_core.plugin_system:Skipping extension 'colcon_core.shell.bat': Not used on non-Windows systems
[0.433s] INFO:colcon.colcon_core.shell:Creating environment hook '/home/ros/nemo/install/nemo_server/share/nemo_server/hook/ament_prefix_path.ps1'
[0.434s] INFO:colcon.colcon_core.shell:Creating environment descriptor '/home/ros/nemo/install/nemo_server/share/nemo_server/hook/ament_prefix_path.dsv'
[0.434s] INFO:colcon.colcon_core.shell:Creating environment hook '/home/ros/nemo/install/nemo_server/share/nemo_server/hook/ament_prefix_path.sh'
[0.436s] INFO:colcon.colcon_core.shell:Skip shell extension 'powershell' for command environment: Not usable outside of PowerShell
[0.436s] DEBUG:colcon.colcon_core.shell:Skip shell extension 'dsv' for command environment
[0.441s] INFO:colcon.colcon_ros.task.ament_python.build:Building ROS package in '/home/ros/nemo/src/ros_tcp_endpoint' with build type 'ament_python'
[0.441s] Level 1:colcon.colcon_core.shell:create_environment_hook('ros_tcp_endpoint', 'ament_prefix_path')
[0.443s] INFO:colcon.colcon_core.shell:Creating environment hook '/home/ros/nemo/install/ros_tcp_endpoint/share/ros_tcp_endpoint/hook/ament_prefix_path.ps1'
[0.443s] INFO:colcon.colcon_core.shell:Creating environment descriptor '/home/ros/nemo/install/ros_tcp_endpoint/share/ros_tcp_endpoint/hook/ament_prefix_path.dsv'
[0.444s] INFO:colcon.colcon_core.shell:Creating environment hook '/home/ros/nemo/install/ros_tcp_endpoint/share/ros_tcp_endpoint/hook/ament_prefix_path.sh'
[0.445s] INFO:colcon.colcon_core.shell:Skip shell extension 'powershell' for command environment: Not usable outside of PowerShell
[0.445s] DEBUG:colcon.colcon_core.shell:Skip shell extension 'dsv' for command environment
[0.650s] INFO:colcon.colcon_core.task.python.build:Building Python package in '/home/ros/nemo/src/nemo_server'
[0.651s] INFO:colcon.colcon_core.shell:Skip shell extension 'powershell' for command environment: Not usable outside of PowerShell
[0.651s] DEBUG:colcon.colcon_core.shell:Skip shell extension 'dsv' for command environment
[0.858s] INFO:colcon.colcon_core.task.python.build:Building Python package in '/home/ros/nemo/src/ros_tcp_endpoint'
[0.859s] INFO:colcon.colcon_core.shell:Skip shell extension 'powershell' for command environment: Not usable outside of PowerShell
[0.859s] DEBUG:colcon.colcon_core.shell:Skip shell extension 'dsv' for command environment
[1.144s] DEBUG:colcon.colcon_core.event_handler.log_command:Invoking command in '/home/ros/nemo/src/nemo_server': PYTHONPATH=/home/ros/nemo/build/nemo_server/prefix_override:/home/ros/nemo/install/nemo_server/lib/python3.10/site-packages:${PYTHONPATH} /usr/bin/python3 setup.py egg_info --egg-base ../../build/nemo_server build --build-base /home/ros/nemo/build/nemo_server/build install --record /home/ros/nemo/build/nemo_server/install.log --single-version-externally-managed
[1.149s] DEBUG:colcon.colcon_core.event_handler.log_command:Invoking command in '/home/ros/nemo/src/ros_tcp_endpoint': PYTHONPATH=/home/ros/nemo/build/ros_tcp_endpoint/prefix_override:/home/ros/nemo/install/ros_tcp_endpoint/lib/python3.10/site-packages:${PYTHONPATH} /usr/bin/python3 setup.py egg_info --egg-base ../../build/ros_tcp_endpoint build --build-base /home/ros/nemo/build/ros_tcp_endpoint/build install --record /home/ros/nemo/build/ros_tcp_endpoint/install.log --install-scripts $base/lib/ros_tcp_endpoint --single-version-externally-managed
[1.397s] DEBUG:colcon.colcon_core.event_handler.log_command:Invoked command in '/home/ros/nemo/src/nemo_server' returned '0': PYTHONPATH=/home/ros/nemo/build/nemo_server/prefix_override:/home/ros/nemo/install/nemo_server/lib/python3.10/site-packages:${PYTHONPATH} /usr/bin/python3 setup.py egg_info --egg-base ../../build/nemo_server build --build-base /home/ros/nemo/build/nemo_server/build install --record /home/ros/nemo/build/nemo_server/install.log --single-version-externally-managed
[1.401s] Level 1:colcon.colcon_core.environment:checking '/home/ros/nemo/install/nemo_server' for CMake module files
[1.402s] Level 1:colcon.colcon_core.environment:checking '/home/ros/nemo/install/nemo_server' for CMake config files
[1.402s] Level 1:colcon.colcon_core.environment:checking '/home/ros/nemo/install/nemo_server/lib'
[1.402s] Level 1:colcon.colcon_core.environment:checking '/home/ros/nemo/install/nemo_server/bin'
[1.403s] Level 1:colcon.colcon_core.environment:checking '/home/ros/nemo/install/nemo_server/lib/pkgconfig/nemo_server.pc'
[1.403s] Level 1:colcon.colcon_core.environment:checking '/home/ros/nemo/install/nemo_server/lib/python3.10/site-packages'
[1.403s] Level 1:colcon.colcon_core.shell:create_environment_hook('nemo_server', 'pythonpath')
[1.404s] INFO:colcon.colcon_core.shell:Creating environment hook '/home/ros/nemo/install/nemo_server/share/nemo_server/hook/pythonpath.ps1'
[1.404s] INFO:colcon.colcon_core.shell:Creating environment descriptor '/home/ros/nemo/install/nemo_server/share/nemo_server/hook/pythonpath.dsv'
[1.405s] INFO:colcon.colcon_core.shell:Creating environment hook '/home/ros/nemo/install/nemo_server/share/nemo_server/hook/pythonpath.sh'
[1.405s] Level 1:colcon.colcon_core.environment:checking '/home/ros/nemo/install/nemo_server/bin'
[1.405s] Level 1:colcon.colcon_core.environment:create_environment_scripts_only(nemo_server)
[1.406s] INFO:colcon.colcon_core.shell:Creating package script '/home/ros/nemo/install/nemo_server/share/nemo_server/package.ps1'
[1.407s] INFO:colcon.colcon_core.shell:Creating package descriptor '/home/ros/nemo/install/nemo_server/share/nemo_server/package.dsv'
[1.408s] INFO:colcon.colcon_core.shell:Creating package script '/home/ros/nemo/install/nemo_server/share/nemo_server/package.sh'
[1.408s] INFO:colcon.colcon_core.shell:Creating package script '/home/ros/nemo/install/nemo_server/share/nemo_server/package.bash'
[1.409s] INFO:colcon.colcon_core.shell:Creating package script '/home/ros/nemo/install/nemo_server/share/nemo_server/package.zsh'
[1.410s] Level 1:colcon.colcon_core.environment:create_file_with_runtime_dependencies(/home/ros/nemo/install/nemo_server/share/colcon-core/packages/nemo_server)
[1.413s] Level 1:colcon.colcon_core.environment:checking '/home/ros/nemo/install/ros_tcp_endpoint' for CMake module files
[1.413s] DEBUG:colcon.colcon_core.event_handler.log_command:Invoked command in '/home/ros/nemo/src/ros_tcp_endpoint' returned '0': PYTHONPATH=/home/ros/nemo/build/ros_tcp_endpoint/prefix_override:/home/ros/nemo/install/ros_tcp_endpoint/lib/python3.10/site-packages:${PYTHONPATH} /usr/bin/python3 setup.py egg_info --egg-base ../../build/ros_tcp_endpoint build --build-base /home/ros/nemo/build/ros_tcp_endpoint/build install --record /home/ros/nemo/build/ros_tcp_endpoint/install.log --install-scripts $base/lib/ros_tcp_endpoint --single-version-externally-managed
[1.413s] Level 1:colcon.colcon_core.environment:checking '/home/ros/nemo/install/ros_tcp_endpoint' for CMake config files
[1.414s] Level 1:colcon.colcon_core.environment:checking '/home/ros/nemo/install/ros_tcp_endpoint/lib'
[1.414s] Level 1:colcon.colcon_core.environment:checking '/home/ros/nemo/install/ros_tcp_endpoint/bin'
[1.414s] Level 1:colcon.colcon_core.environment:checking '/home/ros/nemo/install/ros_tcp_endpoint/lib/pkgconfig/ros_tcp_endpoint.pc'
[1.414s] Level 1:colcon.colcon_core.environment:checking '/home/ros/nemo/install/ros_tcp_endpoint/lib/python3.10/site-packages'
[1.414s] Level 1:colcon.colcon_core.shell:create_environment_hook('ros_tcp_endpoint', 'pythonpath')
[1.415s] INFO:colcon.colcon_core.shell:Creating environment hook '/home/ros/nemo/install/ros_tcp_endpoint/share/ros_tcp_endpoint/hook/pythonpath.ps1'
[1.416s] INFO:colcon.colcon_core.shell:Creating environment descriptor '/home/ros/nemo/install/ros_tcp_endpoint/share/ros_tcp_endpoint/hook/pythonpath.dsv'
[1.416s] INFO:colcon.colcon_core.shell:Creating environment hook '/home/ros/nemo/install/ros_tcp_endpoint/share/ros_tcp_endpoint/hook/pythonpath.sh'
[1.417s] Level 1:colcon.colcon_core.environment:checking '/home/ros/nemo/install/ros_tcp_endpoint/bin'
[1.417s] Level 1:colcon.colcon_core.environment:create_environment_scripts_only(ros_tcp_endpoint)
[1.418s] INFO:colcon.colcon_core.shell:Creating package script '/home/ros/nemo/install/ros_tcp_endpoint/share/ros_tcp_endpoint/package.ps1'
[1.419s] INFO:colcon.colcon_core.shell:Creating package descriptor '/home/ros/nemo/install/ros_tcp_endpoint/share/ros_tcp_endpoint/package.dsv'
[1.419s] INFO:colcon.colcon_core.shell:Creating package script '/home/ros/nemo/install/ros_tcp_endpoint/share/ros_tcp_endpoint/package.sh'
[1.419s] INFO:colcon.colcon_core.shell:Creating package script '/home/ros/nemo/install/ros_tcp_endpoint/share/ros_tcp_endpoint/package.bash'
[1.420s] INFO:colcon.colcon_core.shell:Creating package script '/home/ros/nemo/install/ros_tcp_endpoint/share/ros_tcp_endpoint/package.zsh'
[1.420s] Level 1:colcon.colcon_core.environment:create_file_with_runtime_dependencies(/home/ros/nemo/install/ros_tcp_endpoint/share/colcon-core/packages/ros_tcp_endpoint)
[1.420s] DEBUG:colcon.colcon_parallel_executor.executor.parallel:closing loop
[1.420s] DEBUG:colcon.colcon_parallel_executor.executor.parallel:loop closed
[1.421s] DEBUG:colcon.colcon_parallel_executor.executor.parallel:run_until_complete finished with '0'
[1.421s] DEBUG:colcon.colcon_core.event_reactor:joining thread
[1.426s] INFO:colcon.colcon_core.plugin_system:Skipping extension 'colcon_notification.desktop_notification.notify_send': Could not find 'notify-send'
[1.426s] INFO:colcon.colcon_core.plugin_system:Skipping extension 'colcon_notification.desktop_notification.terminal_notifier': Not used on non-Darwin systems
[1.426s] INFO:colcon.colcon_core.plugin_system:Skipping extension 'colcon_notification.desktop_notification.win32': Not used on non-Windows systems
[1.426s] INFO:colcon.colcon_notification.desktop_notification:Sending desktop notification using 'notify2'
[1.427s] DEBUG:colcon.colcon_notification.desktop_notification.notify2:Failed to initialize notify2: org.freedesktop.DBus.Error.ServiceUnknown: The name org.freedesktop.Notifications was not provided by any .service files
[1.427s] DEBUG:colcon.colcon_core.event_reactor:joined thread
[1.428s] INFO:colcon.colcon_core.shell:Creating prefix script '/home/ros/nemo/install/local_setup.ps1'
[1.429s] INFO:colcon.colcon_core.shell:Creating prefix util module '/home/ros/nemo/install/_local_setup_util_ps1.py'
[1.430s] INFO:colcon.colcon_core.shell:Creating prefix chain script '/home/ros/nemo/install/setup.ps1'
[1.431s] INFO:colcon.colcon_core.shell:Creating prefix script '/home/ros/nemo/install/local_setup.sh'
[1.432s] INFO:colcon.colcon_core.shell:Creating prefix util module '/home/ros/nemo/install/_local_setup_util_sh.py'
[1.432s] INFO:colcon.colcon_core.shell:Creating prefix chain script '/home/ros/nemo/install/setup.sh'
[1.433s] INFO:colcon.colcon_core.shell:Creating prefix script '/home/ros/nemo/install/local_setup.bash'
[1.434s] INFO:colcon.colcon_core.shell:Creating prefix chain script '/home/ros/nemo/install/setup.bash'
[1.435s] INFO:colcon.colcon_core.shell:Creating prefix script '/home/ros/nemo/install/local_setup.zsh'
[1.435s] INFO:colcon.colcon_core.shell:Creating prefix chain script '/home/ros/nemo/install/setup.zsh'
