[0.034s] Invoking command in '/home/ros/nemo/build/rosapi_msgs': CMAKE_PREFIX_PATH=${CMAKE_PREFIX_PATH}:/opt/ros/humble:/home/ros/nemo/install/ros_tcp_endpoint:/home/ros/nemo/install/nemo_server /usr/bin/cmake --build /home/ros/nemo/build/rosapi_msgs -- -j4 -l4
[0.142s] [  0%] Built target rosapi_msgs__cpp
[0.149s] [ 13%] Built target rosapi_msgs__rosidl_generator_c
[0.158s] [ 13%] Built target ament_cmake_python_copy_rosapi_msgs
[0.227s] [ 25%] Built target rosapi_msgs__rosidl_typesupport_cpp
[0.244s] [ 38%] Built target rosapi_msgs__rosidl_typesupport_introspection_cpp
[0.272s] [ 50%] Built target rosapi_msgs__rosidl_typesupport_fastrtps_cpp
[0.280s] [ 62%] Built target rosapi_msgs__rosidl_typesupport_fastrtps_c
[0.336s] [ 74%] Built target rosapi_msgs__rosidl_typesupport_introspection_c
[0.338s] [ 86%] Built target rosapi_msgs__rosidl_typesupport_c
[0.440s] [ 86%] Built target rosapi_msgs
[0.482s] [ 86%] Built target rosapi_msgs__py
[0.532s] [ 97%] Built target rosapi_msgs__rosidl_generator_py
[0.630s] [ 98%] Built target rosapi_msgs__rosidl_typesupport_fastrtps_c__pyext
[0.638s] [ 99%] Built target rosapi_msgs__rosidl_typesupport_introspection_c__pyext
[0.651s] [100%] Built target rosapi_msgs__rosidl_typesupport_c__pyext
[0.669s] running egg_info
[0.670s] writing rosapi_msgs.egg-info/PKG-INFO
[0.670s] writing dependency_links to rosapi_msgs.egg-info/dependency_links.txt
[0.670s] writing top-level names to rosapi_msgs.egg-info/top_level.txt
[0.673s] reading manifest file 'rosapi_msgs.egg-info/SOURCES.txt'
[0.674s] writing manifest file 'rosapi_msgs.egg-info/SOURCES.txt'
[0.703s] [100%] Built target ament_cmake_python_build_rosapi_msgs_egg
[0.724s] Invoked command in '/home/ros/nemo/build/rosapi_msgs' returned '0': CMAKE_PREFIX_PATH=${CMAKE_PREFIX_PATH}:/opt/ros/humble:/home/ros/nemo/install/ros_tcp_endpoint:/home/ros/nemo/install/nemo_server /usr/bin/cmake --build /home/ros/nemo/build/rosapi_msgs -- -j4 -l4
[1.269s] Invoking command in '/home/ros/nemo/build/rosapi_msgs': CMAKE_PREFIX_PATH=${CMAKE_PREFIX_PATH}:/opt/ros/humble:/home/ros/nemo/install/ros_tcp_endpoint:/home/ros/nemo/install/nemo_server /usr/bin/cmake --install /home/ros/nemo/build/rosapi_msgs
[1.280s] -- Install configuration: ""
[1.280s] -- Up-to-date: /home/ros/nemo/install/rosapi_msgs/share/ament_index/resource_index/rosidl_interfaces/rosapi_msgs
[1.280s] -- Up-to-date: /home/ros/nemo/install/rosapi_msgs/include/rosapi_msgs/rosapi_msgs
[1.280s] -- Up-to-date: /home/ros/nemo/install/rosapi_msgs/include/rosapi_msgs/rosapi_msgs/srv
[1.280s] -- Up-to-date: /home/ros/nemo/install/rosapi_msgs/include/rosapi_msgs/rosapi_msgs/srv/services.h
[1.280s] -- Up-to-date: /home/ros/nemo/install/rosapi_msgs/include/rosapi_msgs/rosapi_msgs/srv/nodes.h
[1.280s] -- Up-to-date: /home/ros/nemo/install/rosapi_msgs/include/rosapi_msgs/rosapi_msgs/srv/message_details.h
[1.280s] -- Up-to-date: /home/ros/nemo/install/rosapi_msgs/include/rosapi_msgs/rosapi_msgs/srv/node_details.h
[1.281s] -- Up-to-date: /home/ros/nemo/install/rosapi_msgs/include/rosapi_msgs/rosapi_msgs/srv/topics_and_raw_types.h
[1.281s] -- Up-to-date: /home/ros/nemo/install/rosapi_msgs/include/rosapi_msgs/rosapi_msgs/srv/detail
[1.281s] -- Up-to-date: /home/ros/nemo/install/rosapi_msgs/include/rosapi_msgs/rosapi_msgs/srv/detail/set_param__functions.c
[1.281s] -- Up-to-date: /home/ros/nemo/install/rosapi_msgs/include/rosapi_msgs/rosapi_msgs/srv/detail/services_for_type__struct.h
[1.281s] -- Up-to-date: /home/ros/nemo/install/rosapi_msgs/include/rosapi_msgs/rosapi_msgs/srv/detail/get_time__functions.h
[1.281s] -- Up-to-date: /home/ros/nemo/install/rosapi_msgs/include/rosapi_msgs/rosapi_msgs/srv/detail/publishers__functions.h
[1.281s] -- Up-to-date: /home/ros/nemo/install/rosapi_msgs/include/rosapi_msgs/rosapi_msgs/srv/detail/topics_for_type__functions.c
[1.281s] -- Up-to-date: /home/ros/nemo/install/rosapi_msgs/include/rosapi_msgs/rosapi_msgs/srv/detail/topics_and_raw_types__functions.h
[1.281s] -- Up-to-date: /home/ros/nemo/install/rosapi_msgs/include/rosapi_msgs/rosapi_msgs/srv/detail/get_param__functions.h
[1.281s] -- Up-to-date: /home/ros/nemo/install/rosapi_msgs/include/rosapi_msgs/rosapi_msgs/srv/detail/topic_type__type_support.h
[1.282s] -- Up-to-date: /home/ros/nemo/install/rosapi_msgs/include/rosapi_msgs/rosapi_msgs/srv/detail/message_details__functions.c
[1.282s] -- Up-to-date: /home/ros/nemo/install/rosapi_msgs/include/rosapi_msgs/rosapi_msgs/srv/detail/service_node__struct.h
[1.282s] -- Up-to-date: /home/ros/nemo/install/rosapi_msgs/include/rosapi_msgs/rosapi_msgs/srv/detail/services__struct.h
[1.282s] -- Up-to-date: /home/ros/nemo/install/rosapi_msgs/include/rosapi_msgs/rosapi_msgs/srv/detail/subscribers__functions.h
[1.282s] -- Up-to-date: /home/ros/nemo/install/rosapi_msgs/include/rosapi_msgs/rosapi_msgs/srv/detail/delete_param__functions.c
[1.282s] -- Up-to-date: /home/ros/nemo/install/rosapi_msgs/include/rosapi_msgs/rosapi_msgs/srv/detail/topics_for_type__functions.h
[1.282s] -- Up-to-date: /home/ros/nemo/install/rosapi_msgs/include/rosapi_msgs/rosapi_msgs/srv/detail/service_response_details__type_support.h
[1.282s] -- Up-to-date: /home/ros/nemo/install/rosapi_msgs/include/rosapi_msgs/rosapi_msgs/srv/detail/topics__struct.h
[1.283s] -- Up-to-date: /home/ros/nemo/install/rosapi_msgs/include/rosapi_msgs/rosapi_msgs/srv/detail/service_type__functions.h
[1.283s] -- Up-to-date: /home/ros/nemo/install/rosapi_msgs/include/rosapi_msgs/rosapi_msgs/srv/detail/topics__functions.h
[1.283s] -- Up-to-date: /home/ros/nemo/install/rosapi_msgs/include/rosapi_msgs/rosapi_msgs/srv/detail/services__functions.h
[1.283s] -- Up-to-date: /home/ros/nemo/install/rosapi_msgs/include/rosapi_msgs/rosapi_msgs/srv/detail/topics__type_support.h
[1.283s] -- Up-to-date: /home/ros/nemo/install/rosapi_msgs/include/rosapi_msgs/rosapi_msgs/srv/detail/get_param_names__struct.h
[1.283s] -- Up-to-date: /home/ros/nemo/install/rosapi_msgs/include/rosapi_msgs/rosapi_msgs/srv/detail/topics__functions.c
[1.283s] -- Up-to-date: /home/ros/nemo/install/rosapi_msgs/include/rosapi_msgs/rosapi_msgs/srv/detail/nodes__functions.c
[1.283s] -- Up-to-date: /home/ros/nemo/install/rosapi_msgs/include/rosapi_msgs/rosapi_msgs/srv/detail/get_action_servers__type_support.h
[1.283s] -- Up-to-date: /home/ros/nemo/install/rosapi_msgs/include/rosapi_msgs/rosapi_msgs/srv/detail/node_details__functions.c
[1.283s] -- Up-to-date: /home/ros/nemo/install/rosapi_msgs/include/rosapi_msgs/rosapi_msgs/srv/detail/message_details__functions.h
[1.295s] -- Up-to-date: /home/ros/nemo/install/rosapi_msgs/include/rosapi_msgs/rosapi_msgs/srv/detail/service_request_details__struct.h
[1.295s] -- Up-to-date: /home/ros/nemo/install/rosapi_msgs/include/rosapi_msgs/rosapi_msgs/srv/detail/subscribers__type_support.h
[1.296s] -- Up-to-date: /home/ros/nemo/install/rosapi_msgs/include/rosapi_msgs/rosapi_msgs/srv/detail/get_param_names__functions.h
[1.296s] -- Up-to-date: /home/ros/nemo/install/rosapi_msgs/include/rosapi_msgs/rosapi_msgs/srv/detail/get_action_servers__functions.h
[1.296s] -- Up-to-date: /home/ros/nemo/install/rosapi_msgs/include/rosapi_msgs/rosapi_msgs/srv/detail/services__type_support.h
[1.296s] -- Up-to-date: /home/ros/nemo/install/rosapi_msgs/include/rosapi_msgs/rosapi_msgs/srv/detail/get_time__functions.c
[1.296s] -- Up-to-date: /home/ros/nemo/install/rosapi_msgs/include/rosapi_msgs/rosapi_msgs/srv/detail/get_action_servers__functions.c
[1.296s] -- Up-to-date: /home/ros/nemo/install/rosapi_msgs/include/rosapi_msgs/rosapi_msgs/srv/detail/subscribers__functions.c
[1.296s] -- Up-to-date: /home/ros/nemo/install/rosapi_msgs/include/rosapi_msgs/rosapi_msgs/srv/detail/service_type__type_support.h
[1.296s] -- Up-to-date: /home/ros/nemo/install/rosapi_msgs/include/rosapi_msgs/rosapi_msgs/srv/detail/get_ros_version__functions.h
[1.296s] -- Up-to-date: /home/ros/nemo/install/rosapi_msgs/include/rosapi_msgs/rosapi_msgs/srv/detail/service_node__type_support.h
[1.296s] -- Up-to-date: /home/ros/nemo/install/rosapi_msgs/include/rosapi_msgs/rosapi_msgs/srv/detail/has_param__functions.c
[1.296s] -- Up-to-date: /home/ros/nemo/install/rosapi_msgs/include/rosapi_msgs/rosapi_msgs/srv/detail/get_time__type_support.h
[1.296s] -- Up-to-date: /home/ros/nemo/install/rosapi_msgs/include/rosapi_msgs/rosapi_msgs/srv/detail/publishers__functions.c
[1.296s] -- Up-to-date: /home/ros/nemo/install/rosapi_msgs/include/rosapi_msgs/rosapi_msgs/srv/detail/message_details__type_support.h
[1.296s] -- Up-to-date: /home/ros/nemo/install/rosapi_msgs/include/rosapi_msgs/rosapi_msgs/srv/detail/topic_type__struct.h
[1.296s] -- Up-to-date: /home/ros/nemo/install/rosapi_msgs/include/rosapi_msgs/rosapi_msgs/srv/detail/has_param__functions.h
[1.296s] -- Up-to-date: /home/ros/nemo/install/rosapi_msgs/include/rosapi_msgs/rosapi_msgs/srv/detail/topics_for_type__struct.h
[1.296s] -- Up-to-date: /home/ros/nemo/install/rosapi_msgs/include/rosapi_msgs/rosapi_msgs/srv/detail/publishers__type_support.h
[1.296s] -- Up-to-date: /home/ros/nemo/install/rosapi_msgs/include/rosapi_msgs/rosapi_msgs/srv/detail/service_request_details__functions.c
[1.297s] -- Up-to-date: /home/ros/nemo/install/rosapi_msgs/include/rosapi_msgs/rosapi_msgs/srv/detail/get_param__struct.h
[1.297s] -- Up-to-date: /home/ros/nemo/install/rosapi_msgs/include/rosapi_msgs/rosapi_msgs/srv/detail/service_providers__type_support.h
[1.297s] -- Up-to-date: /home/ros/nemo/install/rosapi_msgs/include/rosapi_msgs/rosapi_msgs/srv/detail/service_providers__functions.c
[1.297s] -- Up-to-date: /home/ros/nemo/install/rosapi_msgs/include/rosapi_msgs/rosapi_msgs/srv/detail/get_param__functions.c
[1.297s] -- Up-to-date: /home/ros/nemo/install/rosapi_msgs/include/rosapi_msgs/rosapi_msgs/srv/detail/topic_type__functions.h
[1.297s] -- Up-to-date: /home/ros/nemo/install/rosapi_msgs/include/rosapi_msgs/rosapi_msgs/srv/detail/services_for_type__functions.h
[1.297s] -- Up-to-date: /home/ros/nemo/install/rosapi_msgs/include/rosapi_msgs/rosapi_msgs/srv/detail/get_time__struct.h
[1.297s] -- Up-to-date: /home/ros/nemo/install/rosapi_msgs/include/rosapi_msgs/rosapi_msgs/srv/detail/service_request_details__type_support.h
[1.297s] -- Up-to-date: /home/ros/nemo/install/rosapi_msgs/include/rosapi_msgs/rosapi_msgs/srv/detail/service_node__functions.c
[1.297s] -- Up-to-date: /home/ros/nemo/install/rosapi_msgs/include/rosapi_msgs/rosapi_msgs/srv/detail/services_for_type__type_support.h
[1.297s] -- Up-to-date: /home/ros/nemo/install/rosapi_msgs/include/rosapi_msgs/rosapi_msgs/srv/detail/get_ros_version__type_support.h
[1.297s] -- Up-to-date: /home/ros/nemo/install/rosapi_msgs/include/rosapi_msgs/rosapi_msgs/srv/detail/service_response_details__functions.c
[1.297s] -- Up-to-date: /home/ros/nemo/install/rosapi_msgs/include/rosapi_msgs/rosapi_msgs/srv/detail/set_param__struct.h
[1.297s] -- Up-to-date: /home/ros/nemo/install/rosapi_msgs/include/rosapi_msgs/rosapi_msgs/srv/detail/has_param__struct.h
[1.297s] -- Up-to-date: /home/ros/nemo/install/rosapi_msgs/include/rosapi_msgs/rosapi_msgs/srv/detail/delete_param__functions.h
[1.297s] -- Up-to-date: /home/ros/nemo/install/rosapi_msgs/include/rosapi_msgs/rosapi_msgs/srv/detail/service_type__functions.c
[1.298s] -- Up-to-date: /home/ros/nemo/install/rosapi_msgs/include/rosapi_msgs/rosapi_msgs/srv/detail/service_type__struct.h
[1.298s] -- Up-to-date: /home/ros/nemo/install/rosapi_msgs/include/rosapi_msgs/rosapi_msgs/srv/detail/get_action_servers__struct.h
[1.298s] -- Up-to-date: /home/ros/nemo/install/rosapi_msgs/include/rosapi_msgs/rosapi_msgs/srv/detail/get_ros_version__struct.h
[1.298s] -- Up-to-date: /home/ros/nemo/install/rosapi_msgs/include/rosapi_msgs/rosapi_msgs/srv/detail/topics_for_type__type_support.h
[1.298s] -- Up-to-date: /home/ros/nemo/install/rosapi_msgs/include/rosapi_msgs/rosapi_msgs/srv/detail/topics_and_raw_types__type_support.h
[1.298s] -- Up-to-date: /home/ros/nemo/install/rosapi_msgs/include/rosapi_msgs/rosapi_msgs/srv/detail/services_for_type__functions.c
[1.298s] -- Up-to-date: /home/ros/nemo/install/rosapi_msgs/include/rosapi_msgs/rosapi_msgs/srv/detail/service_providers__struct.h
[1.298s] -- Up-to-date: /home/ros/nemo/install/rosapi_msgs/include/rosapi_msgs/rosapi_msgs/srv/detail/set_param__type_support.h
[1.298s] -- Up-to-date: /home/ros/nemo/install/rosapi_msgs/include/rosapi_msgs/rosapi_msgs/srv/detail/get_param__type_support.h
[1.298s] -- Up-to-date: /home/ros/nemo/install/rosapi_msgs/include/rosapi_msgs/rosapi_msgs/srv/detail/message_details__struct.h
[1.298s] -- Up-to-date: /home/ros/nemo/install/rosapi_msgs/include/rosapi_msgs/rosapi_msgs/srv/detail/service_node__functions.h
[1.298s] -- Up-to-date: /home/ros/nemo/install/rosapi_msgs/include/rosapi_msgs/rosapi_msgs/srv/detail/node_details__struct.h
[1.298s] -- Up-to-date: /home/ros/nemo/install/rosapi_msgs/include/rosapi_msgs/rosapi_msgs/srv/detail/publishers__struct.h
[1.298s] -- Up-to-date: /home/ros/nemo/install/rosapi_msgs/include/rosapi_msgs/rosapi_msgs/srv/detail/nodes__type_support.h
[1.298s] -- Up-to-date: /home/ros/nemo/install/rosapi_msgs/include/rosapi_msgs/rosapi_msgs/srv/detail/service_providers__functions.h
[1.298s] -- Up-to-date: /home/ros/nemo/install/rosapi_msgs/include/rosapi_msgs/rosapi_msgs/srv/detail/nodes__functions.h
[1.298s] -- Up-to-date: /home/ros/nemo/install/rosapi_msgs/include/rosapi_msgs/rosapi_msgs/srv/detail/node_details__functions.h
[1.299s] -- Up-to-date: /home/ros/nemo/install/rosapi_msgs/include/rosapi_msgs/rosapi_msgs/srv/detail/subscribers__struct.h
[1.299s] -- Up-to-date: /home/ros/nemo/install/rosapi_msgs/include/rosapi_msgs/rosapi_msgs/srv/detail/service_request_details__functions.h
[1.299s] -- Up-to-date: /home/ros/nemo/install/rosapi_msgs/include/rosapi_msgs/rosapi_msgs/srv/detail/services__functions.c
[1.299s] -- Up-to-date: /home/ros/nemo/install/rosapi_msgs/include/rosapi_msgs/rosapi_msgs/srv/detail/has_param__type_support.h
[1.299s] -- Up-to-date: /home/ros/nemo/install/rosapi_msgs/include/rosapi_msgs/rosapi_msgs/srv/detail/set_param__functions.h
[1.299s] -- Up-to-date: /home/ros/nemo/install/rosapi_msgs/include/rosapi_msgs/rosapi_msgs/srv/detail/nodes__struct.h
[1.300s] -- Up-to-date: /home/ros/nemo/install/rosapi_msgs/include/rosapi_msgs/rosapi_msgs/srv/detail/delete_param__type_support.h
[1.301s] -- Up-to-date: /home/ros/nemo/install/rosapi_msgs/include/rosapi_msgs/rosapi_msgs/srv/detail/topic_type__functions.c
[1.301s] -- Up-to-date: /home/ros/nemo/install/rosapi_msgs/include/rosapi_msgs/rosapi_msgs/srv/detail/topics_and_raw_types__struct.h
[1.301s] -- Up-to-date: /home/ros/nemo/install/rosapi_msgs/include/rosapi_msgs/rosapi_msgs/srv/detail/service_response_details__functions.h
[1.301s] -- Up-to-date: /home/ros/nemo/install/rosapi_msgs/include/rosapi_msgs/rosapi_msgs/srv/detail/get_param_names__type_support.h
[1.301s] -- Up-to-date: /home/ros/nemo/install/rosapi_msgs/include/rosapi_msgs/rosapi_msgs/srv/detail/delete_param__struct.h
[1.301s] -- Up-to-date: /home/ros/nemo/install/rosapi_msgs/include/rosapi_msgs/rosapi_msgs/srv/detail/get_param_names__functions.c
[1.301s] -- Up-to-date: /home/ros/nemo/install/rosapi_msgs/include/rosapi_msgs/rosapi_msgs/srv/detail/node_details__type_support.h
[1.301s] -- Up-to-date: /home/ros/nemo/install/rosapi_msgs/include/rosapi_msgs/rosapi_msgs/srv/detail/service_response_details__struct.h
[1.314s] -- Up-to-date: /home/ros/nemo/install/rosapi_msgs/include/rosapi_msgs/rosapi_msgs/srv/detail/topics_and_raw_types__functions.c
[1.314s] -- Up-to-date: /home/ros/nemo/install/rosapi_msgs/include/rosapi_msgs/rosapi_msgs/srv/detail/get_ros_version__functions.c
[1.314s] -- Up-to-date: /home/ros/nemo/install/rosapi_msgs/include/rosapi_msgs/rosapi_msgs/srv/get_param.h
[1.314s] -- Up-to-date: /home/ros/nemo/install/rosapi_msgs/include/rosapi_msgs/rosapi_msgs/srv/service_providers.h
[1.314s] -- Up-to-date: /home/ros/nemo/install/rosapi_msgs/include/rosapi_msgs/rosapi_msgs/srv/get_time.h
[1.314s] -- Up-to-date: /home/ros/nemo/install/rosapi_msgs/include/rosapi_msgs/rosapi_msgs/srv/get_ros_version.h
[1.315s] -- Up-to-date: /home/ros/nemo/install/rosapi_msgs/include/rosapi_msgs/rosapi_msgs/srv/services_for_type.h
[1.315s] -- Up-to-date: /home/ros/nemo/install/rosapi_msgs/include/rosapi_msgs/rosapi_msgs/srv/service_request_details.h
[1.315s] -- Up-to-date: /home/ros/nemo/install/rosapi_msgs/include/rosapi_msgs/rosapi_msgs/srv/publishers.h
[1.315s] -- Up-to-date: /home/ros/nemo/install/rosapi_msgs/include/rosapi_msgs/rosapi_msgs/srv/topic_type.h
[1.316s] -- Up-to-date: /home/ros/nemo/install/rosapi_msgs/include/rosapi_msgs/rosapi_msgs/srv/delete_param.h
[1.316s] -- Up-to-date: /home/ros/nemo/install/rosapi_msgs/include/rosapi_msgs/rosapi_msgs/srv/get_action_servers.h
[1.316s] -- Up-to-date: /home/ros/nemo/install/rosapi_msgs/include/rosapi_msgs/rosapi_msgs/srv/get_param_names.h
[1.316s] -- Up-to-date: /home/ros/nemo/install/rosapi_msgs/include/rosapi_msgs/rosapi_msgs/srv/set_param.h
[1.316s] -- Up-to-date: /home/ros/nemo/install/rosapi_msgs/include/rosapi_msgs/rosapi_msgs/srv/topics.h
[1.316s] -- Up-to-date: /home/ros/nemo/install/rosapi_msgs/include/rosapi_msgs/rosapi_msgs/srv/has_param.h
[1.316s] -- Up-to-date: /home/ros/nemo/install/rosapi_msgs/include/rosapi_msgs/rosapi_msgs/srv/service_type.h
[1.316s] -- Up-to-date: /home/ros/nemo/install/rosapi_msgs/include/rosapi_msgs/rosapi_msgs/srv/service_node.h
[1.316s] -- Up-to-date: /home/ros/nemo/install/rosapi_msgs/include/rosapi_msgs/rosapi_msgs/srv/service_response_details.h
[1.316s] -- Up-to-date: /home/ros/nemo/install/rosapi_msgs/include/rosapi_msgs/rosapi_msgs/srv/topics_for_type.h
[1.317s] -- Up-to-date: /home/ros/nemo/install/rosapi_msgs/include/rosapi_msgs/rosapi_msgs/srv/subscribers.h
[1.317s] -- Up-to-date: /home/ros/nemo/install/rosapi_msgs/include/rosapi_msgs/rosapi_msgs/msg
[1.317s] -- Up-to-date: /home/ros/nemo/install/rosapi_msgs/include/rosapi_msgs/rosapi_msgs/msg/detail
[1.317s] -- Up-to-date: /home/ros/nemo/install/rosapi_msgs/include/rosapi_msgs/rosapi_msgs/msg/detail/type_def__type_support.h
[1.317s] -- Up-to-date: /home/ros/nemo/install/rosapi_msgs/include/rosapi_msgs/rosapi_msgs/msg/detail/type_def__functions.c
[1.317s] -- Up-to-date: /home/ros/nemo/install/rosapi_msgs/include/rosapi_msgs/rosapi_msgs/msg/detail/type_def__struct.h
[1.317s] -- Up-to-date: /home/ros/nemo/install/rosapi_msgs/include/rosapi_msgs/rosapi_msgs/msg/detail/type_def__functions.h
[1.317s] -- Up-to-date: /home/ros/nemo/install/rosapi_msgs/include/rosapi_msgs/rosapi_msgs/msg/type_def.h
[1.317s] -- Up-to-date: /home/ros/nemo/install/rosapi_msgs/include/rosapi_msgs/rosapi_msgs/msg/rosidl_generator_c__visibility_control.h
[1.318s] -- Up-to-date: /home/ros/nemo/install/rosapi_msgs/share/rosapi_msgs/environment/library_path.sh
[1.318s] -- Up-to-date: /home/ros/nemo/install/rosapi_msgs/share/rosapi_msgs/environment/library_path.dsv
[1.318s] -- Up-to-date: /home/ros/nemo/install/rosapi_msgs/lib/librosapi_msgs__rosidl_generator_c.so
[1.318s] -- Up-to-date: /home/ros/nemo/install/rosapi_msgs/include/rosapi_msgs/rosapi_msgs
[1.318s] -- Up-to-date: /home/ros/nemo/install/rosapi_msgs/include/rosapi_msgs/rosapi_msgs/srv
[1.318s] -- Up-to-date: /home/ros/nemo/install/rosapi_msgs/include/rosapi_msgs/rosapi_msgs/srv/detail
[1.318s] -- Up-to-date: /home/ros/nemo/install/rosapi_msgs/include/rosapi_msgs/rosapi_msgs/srv/detail/subscribers__rosidl_typesupport_fastrtps_c.h
[1.318s] -- Up-to-date: /home/ros/nemo/install/rosapi_msgs/include/rosapi_msgs/rosapi_msgs/srv/detail/node_details__rosidl_typesupport_fastrtps_c.h
[1.318s] -- Up-to-date: /home/ros/nemo/install/rosapi_msgs/include/rosapi_msgs/rosapi_msgs/srv/detail/service_providers__rosidl_typesupport_fastrtps_c.h
[1.318s] -- Up-to-date: /home/ros/nemo/install/rosapi_msgs/include/rosapi_msgs/rosapi_msgs/srv/detail/get_time__rosidl_typesupport_fastrtps_c.h
[1.319s] -- Up-to-date: /home/ros/nemo/install/rosapi_msgs/include/rosapi_msgs/rosapi_msgs/srv/detail/has_param__rosidl_typesupport_fastrtps_c.h
[1.319s] -- Up-to-date: /home/ros/nemo/install/rosapi_msgs/include/rosapi_msgs/rosapi_msgs/srv/detail/topics__rosidl_typesupport_fastrtps_c.h
[1.319s] -- Up-to-date: /home/ros/nemo/install/rosapi_msgs/include/rosapi_msgs/rosapi_msgs/srv/detail/topics_and_raw_types__rosidl_typesupport_fastrtps_c.h
[1.319s] -- Up-to-date: /home/ros/nemo/install/rosapi_msgs/include/rosapi_msgs/rosapi_msgs/srv/detail/get_param__rosidl_typesupport_fastrtps_c.h
[1.319s] -- Up-to-date: /home/ros/nemo/install/rosapi_msgs/include/rosapi_msgs/rosapi_msgs/srv/detail/topic_type__rosidl_typesupport_fastrtps_c.h
[1.319s] -- Up-to-date: /home/ros/nemo/install/rosapi_msgs/include/rosapi_msgs/rosapi_msgs/srv/detail/services_for_type__rosidl_typesupport_fastrtps_c.h
[1.319s] -- Up-to-date: /home/ros/nemo/install/rosapi_msgs/include/rosapi_msgs/rosapi_msgs/srv/detail/publishers__rosidl_typesupport_fastrtps_c.h
[1.319s] -- Up-to-date: /home/ros/nemo/install/rosapi_msgs/include/rosapi_msgs/rosapi_msgs/srv/detail/service_response_details__rosidl_typesupport_fastrtps_c.h
[1.319s] -- Up-to-date: /home/ros/nemo/install/rosapi_msgs/include/rosapi_msgs/rosapi_msgs/srv/detail/get_action_servers__rosidl_typesupport_fastrtps_c.h
[1.320s] -- Up-to-date: /home/ros/nemo/install/rosapi_msgs/include/rosapi_msgs/rosapi_msgs/srv/detail/get_ros_version__rosidl_typesupport_fastrtps_c.h
[1.320s] -- Up-to-date: /home/ros/nemo/install/rosapi_msgs/include/rosapi_msgs/rosapi_msgs/srv/detail/services__rosidl_typesupport_fastrtps_c.h
[1.320s] -- Up-to-date: /home/ros/nemo/install/rosapi_msgs/include/rosapi_msgs/rosapi_msgs/srv/detail/service_request_details__rosidl_typesupport_fastrtps_c.h
[1.320s] -- Up-to-date: /home/ros/nemo/install/rosapi_msgs/include/rosapi_msgs/rosapi_msgs/srv/detail/get_param_names__rosidl_typesupport_fastrtps_c.h
[1.320s] -- Up-to-date: /home/ros/nemo/install/rosapi_msgs/include/rosapi_msgs/rosapi_msgs/srv/detail/message_details__rosidl_typesupport_fastrtps_c.h
[1.320s] -- Up-to-date: /home/ros/nemo/install/rosapi_msgs/include/rosapi_msgs/rosapi_msgs/srv/detail/topics_for_type__rosidl_typesupport_fastrtps_c.h
[1.320s] -- Up-to-date: /home/ros/nemo/install/rosapi_msgs/include/rosapi_msgs/rosapi_msgs/srv/detail/nodes__rosidl_typesupport_fastrtps_c.h
[1.320s] -- Up-to-date: /home/ros/nemo/install/rosapi_msgs/include/rosapi_msgs/rosapi_msgs/srv/detail/service_type__rosidl_typesupport_fastrtps_c.h
[1.320s] -- Up-to-date: /home/ros/nemo/install/rosapi_msgs/include/rosapi_msgs/rosapi_msgs/srv/detail/service_node__rosidl_typesupport_fastrtps_c.h
[1.321s] -- Up-to-date: /home/ros/nemo/install/rosapi_msgs/include/rosapi_msgs/rosapi_msgs/srv/detail/set_param__rosidl_typesupport_fastrtps_c.h
[1.321s] -- Up-to-date: /home/ros/nemo/install/rosapi_msgs/include/rosapi_msgs/rosapi_msgs/srv/detail/delete_param__rosidl_typesupport_fastrtps_c.h
[1.321s] -- Up-to-date: /home/ros/nemo/install/rosapi_msgs/include/rosapi_msgs/rosapi_msgs/msg
[1.321s] -- Up-to-date: /home/ros/nemo/install/rosapi_msgs/include/rosapi_msgs/rosapi_msgs/msg/detail
[1.321s] -- Up-to-date: /home/ros/nemo/install/rosapi_msgs/include/rosapi_msgs/rosapi_msgs/msg/detail/type_def__rosidl_typesupport_fastrtps_c.h
[1.321s] -- Up-to-date: /home/ros/nemo/install/rosapi_msgs/include/rosapi_msgs/rosapi_msgs/msg/rosidl_typesupport_fastrtps_c__visibility_control.h
[1.321s] -- Up-to-date: /home/ros/nemo/install/rosapi_msgs/lib/librosapi_msgs__rosidl_typesupport_fastrtps_c.so
[1.321s] -- Up-to-date: /home/ros/nemo/install/rosapi_msgs/include/rosapi_msgs/rosapi_msgs
[1.321s] -- Up-to-date: /home/ros/nemo/install/rosapi_msgs/include/rosapi_msgs/rosapi_msgs/srv
[1.321s] -- Up-to-date: /home/ros/nemo/install/rosapi_msgs/include/rosapi_msgs/rosapi_msgs/srv/node_details.hpp
[1.322s] -- Up-to-date: /home/ros/nemo/install/rosapi_msgs/include/rosapi_msgs/rosapi_msgs/srv/get_param.hpp
[1.322s] -- Up-to-date: /home/ros/nemo/install/rosapi_msgs/include/rosapi_msgs/rosapi_msgs/srv/topics_for_type.hpp
[1.322s] -- Up-to-date: /home/ros/nemo/install/rosapi_msgs/include/rosapi_msgs/rosapi_msgs/srv/service_response_details.hpp
[1.322s] -- Up-to-date: /home/ros/nemo/install/rosapi_msgs/include/rosapi_msgs/rosapi_msgs/srv/services_for_type.hpp
[1.322s] -- Up-to-date: /home/ros/nemo/install/rosapi_msgs/include/rosapi_msgs/rosapi_msgs/srv/detail
[1.322s] -- Up-to-date: /home/ros/nemo/install/rosapi_msgs/include/rosapi_msgs/rosapi_msgs/srv/detail/topics__builder.hpp
[1.322s] -- Up-to-date: /home/ros/nemo/install/rosapi_msgs/include/rosapi_msgs/rosapi_msgs/srv/detail/topic_type__builder.hpp
[1.322s] -- Up-to-date: /home/ros/nemo/install/rosapi_msgs/include/rosapi_msgs/rosapi_msgs/srv/detail/services__struct.hpp
[1.322s] -- Up-to-date: /home/ros/nemo/install/rosapi_msgs/include/rosapi_msgs/rosapi_msgs/srv/detail/get_time__struct.hpp
[1.323s] -- Up-to-date: /home/ros/nemo/install/rosapi_msgs/include/rosapi_msgs/rosapi_msgs/srv/detail/topic_type__traits.hpp
[1.323s] -- Up-to-date: /home/ros/nemo/install/rosapi_msgs/include/rosapi_msgs/rosapi_msgs/srv/detail/service_type__traits.hpp
[1.323s] -- Up-to-date: /home/ros/nemo/install/rosapi_msgs/include/rosapi_msgs/rosapi_msgs/srv/detail/get_ros_version__struct.hpp
[1.323s] -- Up-to-date: /home/ros/nemo/install/rosapi_msgs/include/rosapi_msgs/rosapi_msgs/srv/detail/nodes__traits.hpp
[1.323s] -- Up-to-date: /home/ros/nemo/install/rosapi_msgs/include/rosapi_msgs/rosapi_msgs/srv/detail/get_param_names__struct.hpp
[1.323s] -- Up-to-date: /home/ros/nemo/install/rosapi_msgs/include/rosapi_msgs/rosapi_msgs/srv/detail/set_param__builder.hpp
[1.323s] -- Up-to-date: /home/ros/nemo/install/rosapi_msgs/include/rosapi_msgs/rosapi_msgs/srv/detail/service_request_details__builder.hpp
[1.323s] -- Up-to-date: /home/ros/nemo/install/rosapi_msgs/include/rosapi_msgs/rosapi_msgs/srv/detail/node_details__struct.hpp
[1.323s] -- Up-to-date: /home/ros/nemo/install/rosapi_msgs/include/rosapi_msgs/rosapi_msgs/srv/detail/get_param__struct.hpp
[1.324s] -- Up-to-date: /home/ros/nemo/install/rosapi_msgs/include/rosapi_msgs/rosapi_msgs/srv/detail/service_providers__builder.hpp
[1.324s] -- Up-to-date: /home/ros/nemo/install/rosapi_msgs/include/rosapi_msgs/rosapi_msgs/srv/detail/service_response_details__struct.hpp
[1.324s] -- Up-to-date: /home/ros/nemo/install/rosapi_msgs/include/rosapi_msgs/rosapi_msgs/srv/detail/service_node__traits.hpp
[1.324s] -- Up-to-date: /home/ros/nemo/install/rosapi_msgs/include/rosapi_msgs/rosapi_msgs/srv/detail/services__traits.hpp
[1.324s] -- Up-to-date: /home/ros/nemo/install/rosapi_msgs/include/rosapi_msgs/rosapi_msgs/srv/detail/service_request_details__traits.hpp
[1.324s] -- Up-to-date: /home/ros/nemo/install/rosapi_msgs/include/rosapi_msgs/rosapi_msgs/srv/detail/get_param_names__traits.hpp
[1.324s] -- Up-to-date: /home/ros/nemo/install/rosapi_msgs/include/rosapi_msgs/rosapi_msgs/srv/detail/delete_param__builder.hpp
[1.324s] -- Up-to-date: /home/ros/nemo/install/rosapi_msgs/include/rosapi_msgs/rosapi_msgs/srv/detail/has_param__builder.hpp
[1.324s] -- Up-to-date: /home/ros/nemo/install/rosapi_msgs/include/rosapi_msgs/rosapi_msgs/srv/detail/get_time__builder.hpp
[1.324s] -- Up-to-date: /home/ros/nemo/install/rosapi_msgs/include/rosapi_msgs/rosapi_msgs/srv/detail/service_request_details__struct.hpp
[1.324s] -- Up-to-date: /home/ros/nemo/install/rosapi_msgs/include/rosapi_msgs/rosapi_msgs/srv/detail/has_param__traits.hpp
[1.325s] -- Up-to-date: /home/ros/nemo/install/rosapi_msgs/include/rosapi_msgs/rosapi_msgs/srv/detail/publishers__builder.hpp
[1.325s] -- Up-to-date: /home/ros/nemo/install/rosapi_msgs/include/rosapi_msgs/rosapi_msgs/srv/detail/get_param__traits.hpp
[1.325s] -- Up-to-date: /home/ros/nemo/install/rosapi_msgs/include/rosapi_msgs/rosapi_msgs/srv/detail/service_type__struct.hpp
[1.325s] -- Up-to-date: /home/ros/nemo/install/rosapi_msgs/include/rosapi_msgs/rosapi_msgs/srv/detail/subscribers__struct.hpp
[1.325s] -- Up-to-date: /home/ros/nemo/install/rosapi_msgs/include/rosapi_msgs/rosapi_msgs/srv/detail/service_response_details__traits.hpp
[1.325s] -- Up-to-date: /home/ros/nemo/install/rosapi_msgs/include/rosapi_msgs/rosapi_msgs/srv/detail/services_for_type__traits.hpp
[1.325s] -- Up-to-date: /home/ros/nemo/install/rosapi_msgs/include/rosapi_msgs/rosapi_msgs/srv/detail/service_providers__struct.hpp
[1.325s] -- Up-to-date: /home/ros/nemo/install/rosapi_msgs/include/rosapi_msgs/rosapi_msgs/srv/detail/get_ros_version__traits.hpp
[1.325s] -- Up-to-date: /home/ros/nemo/install/rosapi_msgs/include/rosapi_msgs/rosapi_msgs/srv/detail/publishers__traits.hpp
[1.326s] -- Up-to-date: /home/ros/nemo/install/rosapi_msgs/include/rosapi_msgs/rosapi_msgs/srv/detail/set_param__traits.hpp
[1.326s] -- Up-to-date: /home/ros/nemo/install/rosapi_msgs/include/rosapi_msgs/rosapi_msgs/srv/detail/nodes__builder.hpp
[1.326s] -- Up-to-date: /home/ros/nemo/install/rosapi_msgs/include/rosapi_msgs/rosapi_msgs/srv/detail/service_node__struct.hpp
[1.326s] -- Up-to-date: /home/ros/nemo/install/rosapi_msgs/include/rosapi_msgs/rosapi_msgs/srv/detail/set_param__struct.hpp
[1.326s] -- Up-to-date: /home/ros/nemo/install/rosapi_msgs/include/rosapi_msgs/rosapi_msgs/srv/detail/topics__struct.hpp
[1.326s] -- Up-to-date: /home/ros/nemo/install/rosapi_msgs/include/rosapi_msgs/rosapi_msgs/srv/detail/get_action_servers__traits.hpp
[1.326s] -- Up-to-date: /home/ros/nemo/install/rosapi_msgs/include/rosapi_msgs/rosapi_msgs/srv/detail/has_param__struct.hpp
[1.326s] -- Up-to-date: /home/ros/nemo/install/rosapi_msgs/include/rosapi_msgs/rosapi_msgs/srv/detail/topics_and_raw_types__traits.hpp
[1.326s] -- Up-to-date: /home/ros/nemo/install/rosapi_msgs/include/rosapi_msgs/rosapi_msgs/srv/detail/get_param_names__builder.hpp
[1.326s] -- Up-to-date: /home/ros/nemo/install/rosapi_msgs/include/rosapi_msgs/rosapi_msgs/srv/detail/get_action_servers__struct.hpp
[1.327s] -- Up-to-date: /home/ros/nemo/install/rosapi_msgs/include/rosapi_msgs/rosapi_msgs/srv/detail/service_node__builder.hpp
[1.327s] -- Up-to-date: /home/ros/nemo/install/rosapi_msgs/include/rosapi_msgs/rosapi_msgs/srv/detail/topic_type__struct.hpp
[1.327s] -- Up-to-date: /home/ros/nemo/install/rosapi_msgs/include/rosapi_msgs/rosapi_msgs/srv/detail/message_details__traits.hpp
[1.327s] -- Up-to-date: /home/ros/nemo/install/rosapi_msgs/include/rosapi_msgs/rosapi_msgs/srv/detail/message_details__builder.hpp
[1.327s] -- Up-to-date: /home/ros/nemo/install/rosapi_msgs/include/rosapi_msgs/rosapi_msgs/srv/detail/delete_param__traits.hpp
[1.327s] -- Up-to-date: /home/ros/nemo/install/rosapi_msgs/include/rosapi_msgs/rosapi_msgs/srv/detail/service_response_details__builder.hpp
[1.327s] -- Up-to-date: /home/ros/nemo/install/rosapi_msgs/include/rosapi_msgs/rosapi_msgs/srv/detail/topics_for_type__builder.hpp
[1.327s] -- Up-to-date: /home/ros/nemo/install/rosapi_msgs/include/rosapi_msgs/rosapi_msgs/srv/detail/service_providers__traits.hpp
[1.327s] -- Up-to-date: /home/ros/nemo/install/rosapi_msgs/include/rosapi_msgs/rosapi_msgs/srv/detail/service_type__builder.hpp
[1.327s] -- Up-to-date: /home/ros/nemo/install/rosapi_msgs/include/rosapi_msgs/rosapi_msgs/srv/detail/topics_and_raw_types__struct.hpp
[1.328s] -- Up-to-date: /home/ros/nemo/install/rosapi_msgs/include/rosapi_msgs/rosapi_msgs/srv/detail/services__builder.hpp
[1.328s] -- Up-to-date: /home/ros/nemo/install/rosapi_msgs/include/rosapi_msgs/rosapi_msgs/srv/detail/nodes__struct.hpp
[1.328s] -- Up-to-date: /home/ros/nemo/install/rosapi_msgs/include/rosapi_msgs/rosapi_msgs/srv/detail/message_details__struct.hpp
[1.328s] -- Up-to-date: /home/ros/nemo/install/rosapi_msgs/include/rosapi_msgs/rosapi_msgs/srv/detail/get_ros_version__builder.hpp
[1.328s] -- Up-to-date: /home/ros/nemo/install/rosapi_msgs/include/rosapi_msgs/rosapi_msgs/srv/detail/topics__traits.hpp
[1.328s] -- Up-to-date: /home/ros/nemo/install/rosapi_msgs/include/rosapi_msgs/rosapi_msgs/srv/detail/services_for_type__builder.hpp
[1.328s] -- Up-to-date: /home/ros/nemo/install/rosapi_msgs/include/rosapi_msgs/rosapi_msgs/srv/detail/topics_for_type__traits.hpp
[1.328s] -- Up-to-date: /home/ros/nemo/install/rosapi_msgs/include/rosapi_msgs/rosapi_msgs/srv/detail/topics_for_type__struct.hpp
[1.328s] -- Up-to-date: /home/ros/nemo/install/rosapi_msgs/include/rosapi_msgs/rosapi_msgs/srv/detail/subscribers__builder.hpp
[1.328s] -- Up-to-date: /home/ros/nemo/install/rosapi_msgs/include/rosapi_msgs/rosapi_msgs/srv/detail/topics_and_raw_types__builder.hpp
[1.328s] -- Up-to-date: /home/ros/nemo/install/rosapi_msgs/include/rosapi_msgs/rosapi_msgs/srv/detail/get_time__traits.hpp
[1.329s] -- Up-to-date: /home/ros/nemo/install/rosapi_msgs/include/rosapi_msgs/rosapi_msgs/srv/detail/get_param__builder.hpp
[1.329s] -- Up-to-date: /home/ros/nemo/install/rosapi_msgs/include/rosapi_msgs/rosapi_msgs/srv/detail/publishers__struct.hpp
[1.329s] -- Up-to-date: /home/ros/nemo/install/rosapi_msgs/include/rosapi_msgs/rosapi_msgs/srv/detail/node_details__builder.hpp
[1.329s] -- Up-to-date: /home/ros/nemo/install/rosapi_msgs/include/rosapi_msgs/rosapi_msgs/srv/detail/subscribers__traits.hpp
[1.329s] -- Up-to-date: /home/ros/nemo/install/rosapi_msgs/include/rosapi_msgs/rosapi_msgs/srv/detail/services_for_type__struct.hpp
[1.329s] -- Up-to-date: /home/ros/nemo/install/rosapi_msgs/include/rosapi_msgs/rosapi_msgs/srv/detail/node_details__traits.hpp
[1.329s] -- Up-to-date: /home/ros/nemo/install/rosapi_msgs/include/rosapi_msgs/rosapi_msgs/srv/detail/get_action_servers__builder.hpp
[1.329s] -- Up-to-date: /home/ros/nemo/install/rosapi_msgs/include/rosapi_msgs/rosapi_msgs/srv/detail/delete_param__struct.hpp
[1.329s] -- Up-to-date: /home/ros/nemo/install/rosapi_msgs/include/rosapi_msgs/rosapi_msgs/srv/get_ros_version.hpp
[1.330s] -- Up-to-date: /home/ros/nemo/install/rosapi_msgs/include/rosapi_msgs/rosapi_msgs/srv/delete_param.hpp
[1.330s] -- Up-to-date: /home/ros/nemo/install/rosapi_msgs/include/rosapi_msgs/rosapi_msgs/srv/topics.hpp
[1.330s] -- Up-to-date: /home/ros/nemo/install/rosapi_msgs/include/rosapi_msgs/rosapi_msgs/srv/subscribers.hpp
[1.330s] -- Up-to-date: /home/ros/nemo/install/rosapi_msgs/include/rosapi_msgs/rosapi_msgs/srv/has_param.hpp
[1.330s] -- Up-to-date: /home/ros/nemo/install/rosapi_msgs/include/rosapi_msgs/rosapi_msgs/srv/get_param_names.hpp
[1.330s] -- Up-to-date: /home/ros/nemo/install/rosapi_msgs/include/rosapi_msgs/rosapi_msgs/srv/topics_and_raw_types.hpp
[1.330s] -- Up-to-date: /home/ros/nemo/install/rosapi_msgs/include/rosapi_msgs/rosapi_msgs/srv/topic_type.hpp
[1.330s] -- Up-to-date: /home/ros/nemo/install/rosapi_msgs/include/rosapi_msgs/rosapi_msgs/srv/get_time.hpp
[1.330s] -- Up-to-date: /home/ros/nemo/install/rosapi_msgs/include/rosapi_msgs/rosapi_msgs/srv/set_param.hpp
[1.330s] -- Up-to-date: /home/ros/nemo/install/rosapi_msgs/include/rosapi_msgs/rosapi_msgs/srv/service_providers.hpp
[1.331s] -- Up-to-date: /home/ros/nemo/install/rosapi_msgs/include/rosapi_msgs/rosapi_msgs/srv/services.hpp
[1.331s] -- Up-to-date: /home/ros/nemo/install/rosapi_msgs/include/rosapi_msgs/rosapi_msgs/srv/nodes.hpp
[1.331s] -- Up-to-date: /home/ros/nemo/install/rosapi_msgs/include/rosapi_msgs/rosapi_msgs/srv/service_node.hpp
[1.331s] -- Up-to-date: /home/ros/nemo/install/rosapi_msgs/include/rosapi_msgs/rosapi_msgs/srv/service_type.hpp
[1.331s] -- Up-to-date: /home/ros/nemo/install/rosapi_msgs/include/rosapi_msgs/rosapi_msgs/srv/get_action_servers.hpp
[1.331s] -- Up-to-date: /home/ros/nemo/install/rosapi_msgs/include/rosapi_msgs/rosapi_msgs/srv/publishers.hpp
[1.331s] -- Up-to-date: /home/ros/nemo/install/rosapi_msgs/include/rosapi_msgs/rosapi_msgs/srv/service_request_details.hpp
[1.331s] -- Up-to-date: /home/ros/nemo/install/rosapi_msgs/include/rosapi_msgs/rosapi_msgs/srv/message_details.hpp
[1.331s] -- Up-to-date: /home/ros/nemo/install/rosapi_msgs/include/rosapi_msgs/rosapi_msgs/msg
[1.332s] -- Up-to-date: /home/ros/nemo/install/rosapi_msgs/include/rosapi_msgs/rosapi_msgs/msg/type_def.hpp
[1.332s] -- Up-to-date: /home/ros/nemo/install/rosapi_msgs/include/rosapi_msgs/rosapi_msgs/msg/detail
[1.332s] -- Up-to-date: /home/ros/nemo/install/rosapi_msgs/include/rosapi_msgs/rosapi_msgs/msg/detail/type_def__traits.hpp
[1.332s] -- Up-to-date: /home/ros/nemo/install/rosapi_msgs/include/rosapi_msgs/rosapi_msgs/msg/detail/type_def__builder.hpp
[1.332s] -- Up-to-date: /home/ros/nemo/install/rosapi_msgs/include/rosapi_msgs/rosapi_msgs/msg/detail/type_def__struct.hpp
[1.332s] -- Up-to-date: /home/ros/nemo/install/rosapi_msgs/include/rosapi_msgs/rosapi_msgs
[1.332s] -- Up-to-date: /home/ros/nemo/install/rosapi_msgs/include/rosapi_msgs/rosapi_msgs/srv
[1.333s] -- Up-to-date: /home/ros/nemo/install/rosapi_msgs/include/rosapi_msgs/rosapi_msgs/srv/detail
[1.333s] -- Up-to-date: /home/ros/nemo/install/rosapi_msgs/include/rosapi_msgs/rosapi_msgs/srv/detail/topics__rosidl_typesupport_fastrtps_cpp.hpp
[1.333s] -- Up-to-date: /home/ros/nemo/install/rosapi_msgs/include/rosapi_msgs/rosapi_msgs/srv/detail/subscribers__rosidl_typesupport_fastrtps_cpp.hpp
[1.333s] -- Up-to-date: /home/ros/nemo/install/rosapi_msgs/include/rosapi_msgs/rosapi_msgs/srv/detail/get_ros_version__rosidl_typesupport_fastrtps_cpp.hpp
[1.333s] -- Up-to-date: /home/ros/nemo/install/rosapi_msgs/include/rosapi_msgs/rosapi_msgs/srv/detail/has_param__rosidl_typesupport_fastrtps_cpp.hpp
[1.333s] -- Up-to-date: /home/ros/nemo/install/rosapi_msgs/include/rosapi_msgs/rosapi_msgs/srv/detail/services_for_type__rosidl_typesupport_fastrtps_cpp.hpp
[1.333s] -- Up-to-date: /home/ros/nemo/install/rosapi_msgs/include/rosapi_msgs/rosapi_msgs/srv/detail/topic_type__rosidl_typesupport_fastrtps_cpp.hpp
[1.333s] -- Up-to-date: /home/ros/nemo/install/rosapi_msgs/include/rosapi_msgs/rosapi_msgs/srv/detail/get_param__rosidl_typesupport_fastrtps_cpp.hpp
[1.333s] -- Up-to-date: /home/ros/nemo/install/rosapi_msgs/include/rosapi_msgs/rosapi_msgs/srv/detail/publishers__rosidl_typesupport_fastrtps_cpp.hpp
[1.333s] -- Up-to-date: /home/ros/nemo/install/rosapi_msgs/include/rosapi_msgs/rosapi_msgs/srv/detail/set_param__rosidl_typesupport_fastrtps_cpp.hpp
[1.333s] -- Up-to-date: /home/ros/nemo/install/rosapi_msgs/include/rosapi_msgs/rosapi_msgs/srv/detail/services__rosidl_typesupport_fastrtps_cpp.hpp
[1.334s] -- Up-to-date: /home/ros/nemo/install/rosapi_msgs/include/rosapi_msgs/rosapi_msgs/srv/detail/get_action_servers__rosidl_typesupport_fastrtps_cpp.hpp
[1.335s] -- Up-to-date: /home/ros/nemo/install/rosapi_msgs/include/rosapi_msgs/rosapi_msgs/srv/detail/node_details__rosidl_typesupport_fastrtps_cpp.hpp
[1.335s] -- Up-to-date: /home/ros/nemo/install/rosapi_msgs/include/rosapi_msgs/rosapi_msgs/srv/detail/service_type__rosidl_typesupport_fastrtps_cpp.hpp
[1.335s] -- Up-to-date: /home/ros/nemo/install/rosapi_msgs/include/rosapi_msgs/rosapi_msgs/srv/detail/delete_param__rosidl_typesupport_fastrtps_cpp.hpp
[1.335s] -- Up-to-date: /home/ros/nemo/install/rosapi_msgs/include/rosapi_msgs/rosapi_msgs/srv/detail/topics_and_raw_types__rosidl_typesupport_fastrtps_cpp.hpp
[1.336s] -- Up-to-date: /home/ros/nemo/install/rosapi_msgs/include/rosapi_msgs/rosapi_msgs/srv/detail/service_request_details__rosidl_typesupport_fastrtps_cpp.hpp
[1.336s] -- Up-to-date: /home/ros/nemo/install/rosapi_msgs/include/rosapi_msgs/rosapi_msgs/srv/detail/nodes__rosidl_typesupport_fastrtps_cpp.hpp
[1.336s] -- Up-to-date: /home/ros/nemo/install/rosapi_msgs/include/rosapi_msgs/rosapi_msgs/srv/detail/service_node__rosidl_typesupport_fastrtps_cpp.hpp
[1.336s] -- Up-to-date: /home/ros/nemo/install/rosapi_msgs/include/rosapi_msgs/rosapi_msgs/srv/detail/get_time__rosidl_typesupport_fastrtps_cpp.hpp
[1.336s] -- Up-to-date: /home/ros/nemo/install/rosapi_msgs/include/rosapi_msgs/rosapi_msgs/srv/detail/message_details__rosidl_typesupport_fastrtps_cpp.hpp
[1.336s] -- Up-to-date: /home/ros/nemo/install/rosapi_msgs/include/rosapi_msgs/rosapi_msgs/srv/detail/get_param_names__rosidl_typesupport_fastrtps_cpp.hpp
[1.337s] -- Up-to-date: /home/ros/nemo/install/rosapi_msgs/include/rosapi_msgs/rosapi_msgs/srv/detail/dds_fastrtps
[1.337s] -- Up-to-date: /home/ros/nemo/install/rosapi_msgs/include/rosapi_msgs/rosapi_msgs/srv/detail/topics_for_type__rosidl_typesupport_fastrtps_cpp.hpp
[1.337s] -- Up-to-date: /home/ros/nemo/install/rosapi_msgs/include/rosapi_msgs/rosapi_msgs/srv/detail/service_providers__rosidl_typesupport_fastrtps_cpp.hpp
[1.338s] -- Up-to-date: /home/ros/nemo/install/rosapi_msgs/include/rosapi_msgs/rosapi_msgs/srv/detail/service_response_details__rosidl_typesupport_fastrtps_cpp.hpp
[1.338s] -- Up-to-date: /home/ros/nemo/install/rosapi_msgs/include/rosapi_msgs/rosapi_msgs/msg
[1.338s] -- Up-to-date: /home/ros/nemo/install/rosapi_msgs/include/rosapi_msgs/rosapi_msgs/msg/detail
[1.338s] -- Up-to-date: /home/ros/nemo/install/rosapi_msgs/include/rosapi_msgs/rosapi_msgs/msg/detail/type_def__rosidl_typesupport_fastrtps_cpp.hpp
[1.338s] -- Up-to-date: /home/ros/nemo/install/rosapi_msgs/include/rosapi_msgs/rosapi_msgs/msg/detail/dds_fastrtps
[1.338s] -- Up-to-date: /home/ros/nemo/install/rosapi_msgs/include/rosapi_msgs/rosapi_msgs/msg/rosidl_typesupport_fastrtps_cpp__visibility_control.h
[1.340s] -- Up-to-date: /home/ros/nemo/install/rosapi_msgs/lib/librosapi_msgs__rosidl_typesupport_fastrtps_cpp.so
[1.340s] -- Up-to-date: /home/ros/nemo/install/rosapi_msgs/include/rosapi_msgs/rosapi_msgs
[1.340s] -- Up-to-date: /home/ros/nemo/install/rosapi_msgs/include/rosapi_msgs/rosapi_msgs/srv
[1.341s] -- Up-to-date: /home/ros/nemo/install/rosapi_msgs/include/rosapi_msgs/rosapi_msgs/srv/detail
[1.341s] -- Up-to-date: /home/ros/nemo/install/rosapi_msgs/include/rosapi_msgs/rosapi_msgs/srv/detail/services__type_support.c
[1.341s] -- Up-to-date: /home/ros/nemo/install/rosapi_msgs/include/rosapi_msgs/rosapi_msgs/srv/detail/service_node__rosidl_typesupport_introspection_c.h
[1.341s] -- Up-to-date: /home/ros/nemo/install/rosapi_msgs/include/rosapi_msgs/rosapi_msgs/srv/detail/publishers__type_support.c
[1.341s] -- Up-to-date: /home/ros/nemo/install/rosapi_msgs/include/rosapi_msgs/rosapi_msgs/srv/detail/message_details__rosidl_typesupport_introspection_c.h
[1.342s] -- Up-to-date: /home/ros/nemo/install/rosapi_msgs/include/rosapi_msgs/rosapi_msgs/srv/detail/has_param__type_support.c
[1.342s] -- Up-to-date: /home/ros/nemo/install/rosapi_msgs/include/rosapi_msgs/rosapi_msgs/srv/detail/services__rosidl_typesupport_introspection_c.h
[1.342s] -- Up-to-date: /home/ros/nemo/install/rosapi_msgs/include/rosapi_msgs/rosapi_msgs/srv/detail/subscribers__rosidl_typesupport_introspection_c.h
[1.342s] -- Up-to-date: /home/ros/nemo/install/rosapi_msgs/include/rosapi_msgs/rosapi_msgs/srv/detail/has_param__rosidl_typesupport_introspection_c.h
[1.342s] -- Up-to-date: /home/ros/nemo/install/rosapi_msgs/include/rosapi_msgs/rosapi_msgs/srv/detail/publishers__rosidl_typesupport_introspection_c.h
[1.342s] -- Up-to-date: /home/ros/nemo/install/rosapi_msgs/include/rosapi_msgs/rosapi_msgs/srv/detail/service_response_details__type_support.c
[1.342s] -- Up-to-date: /home/ros/nemo/install/rosapi_msgs/include/rosapi_msgs/rosapi_msgs/srv/detail/nodes__rosidl_typesupport_introspection_c.h
[1.342s] -- Up-to-date: /home/ros/nemo/install/rosapi_msgs/include/rosapi_msgs/rosapi_msgs/srv/detail/delete_param__rosidl_typesupport_introspection_c.h
[1.342s] -- Up-to-date: /home/ros/nemo/install/rosapi_msgs/include/rosapi_msgs/rosapi_msgs/srv/detail/get_param__type_support.c
[1.343s] -- Up-to-date: /home/ros/nemo/install/rosapi_msgs/include/rosapi_msgs/rosapi_msgs/srv/detail/node_details__type_support.c
[1.343s] -- Up-to-date: /home/ros/nemo/install/rosapi_msgs/include/rosapi_msgs/rosapi_msgs/srv/detail/set_param__type_support.c
[1.343s] -- Up-to-date: /home/ros/nemo/install/rosapi_msgs/include/rosapi_msgs/rosapi_msgs/srv/detail/services_for_type__type_support.c
[1.343s] -- Up-to-date: /home/ros/nemo/install/rosapi_msgs/include/rosapi_msgs/rosapi_msgs/srv/detail/service_providers__type_support.c
[1.343s] -- Up-to-date: /home/ros/nemo/install/rosapi_msgs/include/rosapi_msgs/rosapi_msgs/srv/detail/get_action_servers__type_support.c
[1.343s] -- Up-to-date: /home/ros/nemo/install/rosapi_msgs/include/rosapi_msgs/rosapi_msgs/srv/detail/get_param_names__rosidl_typesupport_introspection_c.h
[1.343s] -- Up-to-date: /home/ros/nemo/install/rosapi_msgs/include/rosapi_msgs/rosapi_msgs/srv/detail/service_type__type_support.c
[1.343s] -- Up-to-date: /home/ros/nemo/install/rosapi_msgs/include/rosapi_msgs/rosapi_msgs/srv/detail/get_param__rosidl_typesupport_introspection_c.h
[1.344s] -- Up-to-date: /home/ros/nemo/install/rosapi_msgs/include/rosapi_msgs/rosapi_msgs/srv/detail/get_time__rosidl_typesupport_introspection_c.h
[1.344s] -- Up-to-date: /home/ros/nemo/install/rosapi_msgs/include/rosapi_msgs/rosapi_msgs/srv/detail/topics_and_raw_types__type_support.c
[1.344s] -- Up-to-date: /home/ros/nemo/install/rosapi_msgs/include/rosapi_msgs/rosapi_msgs/srv/detail/get_time__type_support.c
[1.344s] -- Up-to-date: /home/ros/nemo/install/rosapi_msgs/include/rosapi_msgs/rosapi_msgs/srv/detail/service_providers__rosidl_typesupport_introspection_c.h
[1.344s] -- Up-to-date: /home/ros/nemo/install/rosapi_msgs/include/rosapi_msgs/rosapi_msgs/srv/detail/delete_param__type_support.c
[1.344s] -- Up-to-date: /home/ros/nemo/install/rosapi_msgs/include/rosapi_msgs/rosapi_msgs/srv/detail/service_request_details__type_support.c
[1.344s] -- Up-to-date: /home/ros/nemo/install/rosapi_msgs/include/rosapi_msgs/rosapi_msgs/srv/detail/topics_for_type__type_support.c
[1.344s] -- Up-to-date: /home/ros/nemo/install/rosapi_msgs/include/rosapi_msgs/rosapi_msgs/srv/detail/message_details__type_support.c
[1.344s] -- Up-to-date: /home/ros/nemo/install/rosapi_msgs/include/rosapi_msgs/rosapi_msgs/srv/detail/topic_type__rosidl_typesupport_introspection_c.h
[1.345s] -- Up-to-date: /home/ros/nemo/install/rosapi_msgs/include/rosapi_msgs/rosapi_msgs/srv/detail/node_details__rosidl_typesupport_introspection_c.h
[1.345s] -- Up-to-date: /home/ros/nemo/install/rosapi_msgs/include/rosapi_msgs/rosapi_msgs/srv/detail/get_action_servers__rosidl_typesupport_introspection_c.h
[1.345s] -- Up-to-date: /home/ros/nemo/install/rosapi_msgs/include/rosapi_msgs/rosapi_msgs/srv/detail/set_param__rosidl_typesupport_introspection_c.h
[1.345s] -- Up-to-date: /home/ros/nemo/install/rosapi_msgs/include/rosapi_msgs/rosapi_msgs/srv/detail/subscribers__type_support.c
[1.345s] -- Up-to-date: /home/ros/nemo/install/rosapi_msgs/include/rosapi_msgs/rosapi_msgs/srv/detail/get_ros_version__type_support.c
[1.345s] -- Up-to-date: /home/ros/nemo/install/rosapi_msgs/include/rosapi_msgs/rosapi_msgs/srv/detail/topic_type__type_support.c
[1.345s] -- Up-to-date: /home/ros/nemo/install/rosapi_msgs/include/rosapi_msgs/rosapi_msgs/srv/detail/service_request_details__rosidl_typesupport_introspection_c.h
[1.345s] -- Up-to-date: /home/ros/nemo/install/rosapi_msgs/include/rosapi_msgs/rosapi_msgs/srv/detail/services_for_type__rosidl_typesupport_introspection_c.h
[1.345s] -- Up-to-date: /home/ros/nemo/install/rosapi_msgs/include/rosapi_msgs/rosapi_msgs/srv/detail/service_node__type_support.c
[1.345s] -- Up-to-date: /home/ros/nemo/install/rosapi_msgs/include/rosapi_msgs/rosapi_msgs/srv/detail/get_param_names__type_support.c
[1.346s] -- Up-to-date: /home/ros/nemo/install/rosapi_msgs/include/rosapi_msgs/rosapi_msgs/srv/detail/topics_for_type__rosidl_typesupport_introspection_c.h
[1.346s] -- Up-to-date: /home/ros/nemo/install/rosapi_msgs/include/rosapi_msgs/rosapi_msgs/srv/detail/service_type__rosidl_typesupport_introspection_c.h
[1.346s] -- Up-to-date: /home/ros/nemo/install/rosapi_msgs/include/rosapi_msgs/rosapi_msgs/srv/detail/topics_and_raw_types__rosidl_typesupport_introspection_c.h
[1.346s] -- Up-to-date: /home/ros/nemo/install/rosapi_msgs/include/rosapi_msgs/rosapi_msgs/srv/detail/topics__type_support.c
[1.346s] -- Up-to-date: /home/ros/nemo/install/rosapi_msgs/include/rosapi_msgs/rosapi_msgs/srv/detail/topics__rosidl_typesupport_introspection_c.h
[1.346s] -- Up-to-date: /home/ros/nemo/install/rosapi_msgs/include/rosapi_msgs/rosapi_msgs/srv/detail/service_response_details__rosidl_typesupport_introspection_c.h
[1.346s] -- Up-to-date: /home/ros/nemo/install/rosapi_msgs/include/rosapi_msgs/rosapi_msgs/srv/detail/nodes__type_support.c
[1.346s] -- Up-to-date: /home/ros/nemo/install/rosapi_msgs/include/rosapi_msgs/rosapi_msgs/srv/detail/get_ros_version__rosidl_typesupport_introspection_c.h
[1.346s] -- Up-to-date: /home/ros/nemo/install/rosapi_msgs/include/rosapi_msgs/rosapi_msgs/msg
[1.346s] -- Up-to-date: /home/ros/nemo/install/rosapi_msgs/include/rosapi_msgs/rosapi_msgs/msg/detail
[1.347s] -- Up-to-date: /home/ros/nemo/install/rosapi_msgs/include/rosapi_msgs/rosapi_msgs/msg/detail/type_def__type_support.c
[1.347s] -- Up-to-date: /home/ros/nemo/install/rosapi_msgs/include/rosapi_msgs/rosapi_msgs/msg/detail/type_def__rosidl_typesupport_introspection_c.h
[1.347s] -- Up-to-date: /home/ros/nemo/install/rosapi_msgs/include/rosapi_msgs/rosapi_msgs/msg/rosidl_typesupport_introspection_c__visibility_control.h
[1.347s] -- Up-to-date: /home/ros/nemo/install/rosapi_msgs/lib/librosapi_msgs__rosidl_typesupport_introspection_c.so
[1.347s] -- Up-to-date: /home/ros/nemo/install/rosapi_msgs/lib/librosapi_msgs__rosidl_typesupport_c.so
[1.347s] -- Up-to-date: /home/ros/nemo/install/rosapi_msgs/include/rosapi_msgs/rosapi_msgs
[1.347s] -- Up-to-date: /home/ros/nemo/install/rosapi_msgs/include/rosapi_msgs/rosapi_msgs/srv
[1.347s] -- Up-to-date: /home/ros/nemo/install/rosapi_msgs/include/rosapi_msgs/rosapi_msgs/srv/detail
[1.347s] -- Up-to-date: /home/ros/nemo/install/rosapi_msgs/include/rosapi_msgs/rosapi_msgs/srv/detail/get_action_servers__type_support.cpp
[1.347s] -- Up-to-date: /home/ros/nemo/install/rosapi_msgs/include/rosapi_msgs/rosapi_msgs/srv/detail/topics_and_raw_types__type_support.cpp
[1.348s] -- Up-to-date: /home/ros/nemo/install/rosapi_msgs/include/rosapi_msgs/rosapi_msgs/srv/detail/topics_for_type__rosidl_typesupport_introspection_cpp.hpp
[1.348s] -- Up-to-date: /home/ros/nemo/install/rosapi_msgs/include/rosapi_msgs/rosapi_msgs/srv/detail/publishers__type_support.cpp
[1.348s] -- Up-to-date: /home/ros/nemo/install/rosapi_msgs/include/rosapi_msgs/rosapi_msgs/srv/detail/subscribers__rosidl_typesupport_introspection_cpp.hpp
[1.348s] -- Up-to-date: /home/ros/nemo/install/rosapi_msgs/include/rosapi_msgs/rosapi_msgs/srv/detail/message_details__type_support.cpp
[1.348s] -- Up-to-date: /home/ros/nemo/install/rosapi_msgs/include/rosapi_msgs/rosapi_msgs/srv/detail/service_providers__type_support.cpp
[1.348s] -- Up-to-date: /home/ros/nemo/install/rosapi_msgs/include/rosapi_msgs/rosapi_msgs/srv/detail/has_param__rosidl_typesupport_introspection_cpp.hpp
[1.348s] -- Up-to-date: /home/ros/nemo/install/rosapi_msgs/include/rosapi_msgs/rosapi_msgs/srv/detail/service_type__rosidl_typesupport_introspection_cpp.hpp
[1.348s] -- Up-to-date: /home/ros/nemo/install/rosapi_msgs/include/rosapi_msgs/rosapi_msgs/srv/detail/services_for_type__rosidl_typesupport_introspection_cpp.hpp
[1.348s] -- Up-to-date: /home/ros/nemo/install/rosapi_msgs/include/rosapi_msgs/rosapi_msgs/srv/detail/nodes__type_support.cpp
[1.349s] -- Up-to-date: /home/ros/nemo/install/rosapi_msgs/include/rosapi_msgs/rosapi_msgs/srv/detail/node_details__rosidl_typesupport_introspection_cpp.hpp
[1.349s] -- Up-to-date: /home/ros/nemo/install/rosapi_msgs/include/rosapi_msgs/rosapi_msgs/srv/detail/get_action_servers__rosidl_typesupport_introspection_cpp.hpp
[1.349s] -- Up-to-date: /home/ros/nemo/install/rosapi_msgs/include/rosapi_msgs/rosapi_msgs/srv/detail/topics__type_support.cpp
[1.349s] -- Up-to-date: /home/ros/nemo/install/rosapi_msgs/include/rosapi_msgs/rosapi_msgs/srv/detail/subscribers__type_support.cpp
[1.349s] -- Up-to-date: /home/ros/nemo/install/rosapi_msgs/include/rosapi_msgs/rosapi_msgs/srv/detail/service_providers__rosidl_typesupport_introspection_cpp.hpp
[1.349s] -- Up-to-date: /home/ros/nemo/install/rosapi_msgs/include/rosapi_msgs/rosapi_msgs/srv/detail/publishers__rosidl_typesupport_introspection_cpp.hpp
[1.349s] -- Up-to-date: /home/ros/nemo/install/rosapi_msgs/include/rosapi_msgs/rosapi_msgs/srv/detail/services__rosidl_typesupport_introspection_cpp.hpp
[1.349s] -- Up-to-date: /home/ros/nemo/install/rosapi_msgs/include/rosapi_msgs/rosapi_msgs/srv/detail/topics_for_type__type_support.cpp
[1.349s] -- Up-to-date: /home/ros/nemo/install/rosapi_msgs/include/rosapi_msgs/rosapi_msgs/srv/detail/topic_type__rosidl_typesupport_introspection_cpp.hpp
[1.349s] -- Up-to-date: /home/ros/nemo/install/rosapi_msgs/include/rosapi_msgs/rosapi_msgs/srv/detail/message_details__rosidl_typesupport_introspection_cpp.hpp
[1.350s] -- Up-to-date: /home/ros/nemo/install/rosapi_msgs/include/rosapi_msgs/rosapi_msgs/srv/detail/service_response_details__rosidl_typesupport_introspection_cpp.hpp
[1.350s] -- Up-to-date: /home/ros/nemo/install/rosapi_msgs/include/rosapi_msgs/rosapi_msgs/srv/detail/service_response_details__type_support.cpp
[1.350s] -- Up-to-date: /home/ros/nemo/install/rosapi_msgs/include/rosapi_msgs/rosapi_msgs/srv/detail/topics__rosidl_typesupport_introspection_cpp.hpp
[1.350s] -- Up-to-date: /home/ros/nemo/install/rosapi_msgs/include/rosapi_msgs/rosapi_msgs/srv/detail/services_for_type__type_support.cpp
[1.350s] -- Up-to-date: /home/ros/nemo/install/rosapi_msgs/include/rosapi_msgs/rosapi_msgs/srv/detail/get_param__rosidl_typesupport_introspection_cpp.hpp
[1.350s] -- Up-to-date: /home/ros/nemo/install/rosapi_msgs/include/rosapi_msgs/rosapi_msgs/srv/detail/delete_param__rosidl_typesupport_introspection_cpp.hpp
[1.350s] -- Up-to-date: /home/ros/nemo/install/rosapi_msgs/include/rosapi_msgs/rosapi_msgs/srv/detail/get_param_names__rosidl_typesupport_introspection_cpp.hpp
[1.350s] -- Up-to-date: /home/ros/nemo/install/rosapi_msgs/include/rosapi_msgs/rosapi_msgs/srv/detail/get_ros_version__type_support.cpp
[1.350s] -- Up-to-date: /home/ros/nemo/install/rosapi_msgs/include/rosapi_msgs/rosapi_msgs/srv/detail/service_request_details__rosidl_typesupport_introspection_cpp.hpp
[1.350s] -- Up-to-date: /home/ros/nemo/install/rosapi_msgs/include/rosapi_msgs/rosapi_msgs/srv/detail/service_type__type_support.cpp
[1.351s] -- Up-to-date: /home/ros/nemo/install/rosapi_msgs/include/rosapi_msgs/rosapi_msgs/srv/detail/service_node__rosidl_typesupport_introspection_cpp.hpp
[1.351s] -- Up-to-date: /home/ros/nemo/install/rosapi_msgs/include/rosapi_msgs/rosapi_msgs/srv/detail/set_param__rosidl_typesupport_introspection_cpp.hpp
[1.351s] -- Up-to-date: /home/ros/nemo/install/rosapi_msgs/include/rosapi_msgs/rosapi_msgs/srv/detail/service_request_details__type_support.cpp
[1.351s] -- Up-to-date: /home/ros/nemo/install/rosapi_msgs/include/rosapi_msgs/rosapi_msgs/srv/detail/get_ros_version__rosidl_typesupport_introspection_cpp.hpp
[1.351s] -- Up-to-date: /home/ros/nemo/install/rosapi_msgs/include/rosapi_msgs/rosapi_msgs/srv/detail/get_param_names__type_support.cpp
[1.351s] -- Up-to-date: /home/ros/nemo/install/rosapi_msgs/include/rosapi_msgs/rosapi_msgs/srv/detail/delete_param__type_support.cpp
[1.351s] -- Up-to-date: /home/ros/nemo/install/rosapi_msgs/include/rosapi_msgs/rosapi_msgs/srv/detail/service_node__type_support.cpp
[1.351s] -- Up-to-date: /home/ros/nemo/install/rosapi_msgs/include/rosapi_msgs/rosapi_msgs/srv/detail/get_param__type_support.cpp
[1.351s] -- Up-to-date: /home/ros/nemo/install/rosapi_msgs/include/rosapi_msgs/rosapi_msgs/srv/detail/node_details__type_support.cpp
[1.352s] -- Up-to-date: /home/ros/nemo/install/rosapi_msgs/include/rosapi_msgs/rosapi_msgs/srv/detail/get_time__rosidl_typesupport_introspection_cpp.hpp
[1.352s] -- Up-to-date: /home/ros/nemo/install/rosapi_msgs/include/rosapi_msgs/rosapi_msgs/srv/detail/topics_and_raw_types__rosidl_typesupport_introspection_cpp.hpp
[1.352s] -- Up-to-date: /home/ros/nemo/install/rosapi_msgs/include/rosapi_msgs/rosapi_msgs/srv/detail/nodes__rosidl_typesupport_introspection_cpp.hpp
[1.352s] -- Up-to-date: /home/ros/nemo/install/rosapi_msgs/include/rosapi_msgs/rosapi_msgs/srv/detail/set_param__type_support.cpp
[1.352s] -- Up-to-date: /home/ros/nemo/install/rosapi_msgs/include/rosapi_msgs/rosapi_msgs/srv/detail/get_time__type_support.cpp
[1.352s] -- Up-to-date: /home/ros/nemo/install/rosapi_msgs/include/rosapi_msgs/rosapi_msgs/srv/detail/services__type_support.cpp
[1.352s] -- Up-to-date: /home/ros/nemo/install/rosapi_msgs/include/rosapi_msgs/rosapi_msgs/srv/detail/has_param__type_support.cpp
[1.352s] -- Up-to-date: /home/ros/nemo/install/rosapi_msgs/include/rosapi_msgs/rosapi_msgs/srv/detail/topic_type__type_support.cpp
[1.352s] -- Up-to-date: /home/ros/nemo/install/rosapi_msgs/include/rosapi_msgs/rosapi_msgs/msg
[1.352s] -- Up-to-date: /home/ros/nemo/install/rosapi_msgs/include/rosapi_msgs/rosapi_msgs/msg/detail
[1.353s] -- Up-to-date: /home/ros/nemo/install/rosapi_msgs/include/rosapi_msgs/rosapi_msgs/msg/detail/type_def__type_support.cpp
[1.353s] -- Up-to-date: /home/ros/nemo/install/rosapi_msgs/include/rosapi_msgs/rosapi_msgs/msg/detail/type_def__rosidl_typesupport_introspection_cpp.hpp
[1.353s] -- Up-to-date: /home/ros/nemo/install/rosapi_msgs/lib/librosapi_msgs__rosidl_typesupport_introspection_cpp.so
[1.353s] -- Up-to-date: /home/ros/nemo/install/rosapi_msgs/lib/librosapi_msgs__rosidl_typesupport_cpp.so
[1.353s] -- Up-to-date: /home/ros/nemo/install/rosapi_msgs/share/rosapi_msgs/environment/pythonpath.sh
[1.353s] -- Up-to-date: /home/ros/nemo/install/rosapi_msgs/share/rosapi_msgs/environment/pythonpath.dsv
[1.353s] -- Up-to-date: /home/ros/nemo/install/rosapi_msgs/local/lib/python3.10/dist-packages/rosapi_msgs-1.3.1-py3.10.egg-info
[1.353s] -- Installing: /home/ros/nemo/install/rosapi_msgs/local/lib/python3.10/dist-packages/rosapi_msgs-1.3.1-py3.10.egg-info/SOURCES.txt
[1.353s] -- Installing: /home/ros/nemo/install/rosapi_msgs/local/lib/python3.10/dist-packages/rosapi_msgs-1.3.1-py3.10.egg-info/PKG-INFO
[1.353s] -- Installing: /home/ros/nemo/install/rosapi_msgs/local/lib/python3.10/dist-packages/rosapi_msgs-1.3.1-py3.10.egg-info/top_level.txt
[1.354s] -- Installing: /home/ros/nemo/install/rosapi_msgs/local/lib/python3.10/dist-packages/rosapi_msgs-1.3.1-py3.10.egg-info/dependency_links.txt
[1.354s] -- Up-to-date: /home/ros/nemo/install/rosapi_msgs/local/lib/python3.10/dist-packages/rosapi_msgs
[1.354s] -- Up-to-date: /home/ros/nemo/install/rosapi_msgs/local/lib/python3.10/dist-packages/rosapi_msgs/rosapi_msgs_s__rosidl_typesupport_fastrtps_c.cpython-310-x86_64-linux-gnu.so
[1.354s] -- Up-to-date: /home/ros/nemo/install/rosapi_msgs/local/lib/python3.10/dist-packages/rosapi_msgs/srv
[1.354s] -- Up-to-date: /home/ros/nemo/install/rosapi_msgs/local/lib/python3.10/dist-packages/rosapi_msgs/srv/_message_details.py
[1.354s] -- Up-to-date: /home/ros/nemo/install/rosapi_msgs/local/lib/python3.10/dist-packages/rosapi_msgs/srv/_nodes.py
[1.354s] -- Up-to-date: /home/ros/nemo/install/rosapi_msgs/local/lib/python3.10/dist-packages/rosapi_msgs/srv/_topics_and_raw_types_s.c
[1.354s] -- Up-to-date: /home/ros/nemo/install/rosapi_msgs/local/lib/python3.10/dist-packages/rosapi_msgs/srv/_services.py
[1.354s] -- Up-to-date: /home/ros/nemo/install/rosapi_msgs/local/lib/python3.10/dist-packages/rosapi_msgs/srv/_services_for_type.py
[1.354s] -- Up-to-date: /home/ros/nemo/install/rosapi_msgs/local/lib/python3.10/dist-packages/rosapi_msgs/srv/_service_node.py
[1.355s] -- Up-to-date: /home/ros/nemo/install/rosapi_msgs/local/lib/python3.10/dist-packages/rosapi_msgs/srv/_publishers_s.c
[1.355s] -- Up-to-date: /home/ros/nemo/install/rosapi_msgs/local/lib/python3.10/dist-packages/rosapi_msgs/srv/_set_param.py
[1.355s] -- Up-to-date: /home/ros/nemo/install/rosapi_msgs/local/lib/python3.10/dist-packages/rosapi_msgs/srv/_topics_s.c
[1.355s] -- Up-to-date: /home/ros/nemo/install/rosapi_msgs/local/lib/python3.10/dist-packages/rosapi_msgs/srv/_service_request_details_s.c
[1.355s] -- Up-to-date: /home/ros/nemo/install/rosapi_msgs/local/lib/python3.10/dist-packages/rosapi_msgs/srv/_service_response_details_s.c
[1.355s] -- Up-to-date: /home/ros/nemo/install/rosapi_msgs/local/lib/python3.10/dist-packages/rosapi_msgs/srv/_topic_type_s.c
[1.355s] -- Up-to-date: /home/ros/nemo/install/rosapi_msgs/local/lib/python3.10/dist-packages/rosapi_msgs/srv/_topics_and_raw_types.py
[1.355s] -- Up-to-date: /home/ros/nemo/install/rosapi_msgs/local/lib/python3.10/dist-packages/rosapi_msgs/srv/_has_param_s.c
[1.355s] -- Up-to-date: /home/ros/nemo/install/rosapi_msgs/local/lib/python3.10/dist-packages/rosapi_msgs/srv/_service_node_s.c
[1.356s] -- Up-to-date: /home/ros/nemo/install/rosapi_msgs/local/lib/python3.10/dist-packages/rosapi_msgs/srv/_node_details_s.c
[1.356s] -- Up-to-date: /home/ros/nemo/install/rosapi_msgs/local/lib/python3.10/dist-packages/rosapi_msgs/srv/_set_param_s.c
[1.356s] -- Up-to-date: /home/ros/nemo/install/rosapi_msgs/local/lib/python3.10/dist-packages/rosapi_msgs/srv/__init__.py
[1.356s] -- Up-to-date: /home/ros/nemo/install/rosapi_msgs/local/lib/python3.10/dist-packages/rosapi_msgs/srv/_services_s.c
[1.356s] -- Up-to-date: /home/ros/nemo/install/rosapi_msgs/local/lib/python3.10/dist-packages/rosapi_msgs/srv/_get_param_names_s.c
[1.356s] -- Up-to-date: /home/ros/nemo/install/rosapi_msgs/local/lib/python3.10/dist-packages/rosapi_msgs/srv/_topics.py
[1.356s] -- Up-to-date: /home/ros/nemo/install/rosapi_msgs/local/lib/python3.10/dist-packages/rosapi_msgs/srv/_get_param_s.c
[1.356s] -- Up-to-date: /home/ros/nemo/install/rosapi_msgs/local/lib/python3.10/dist-packages/rosapi_msgs/srv/_service_type_s.c
[1.356s] -- Up-to-date: /home/ros/nemo/install/rosapi_msgs/local/lib/python3.10/dist-packages/rosapi_msgs/srv/_subscribers.py
[1.356s] -- Up-to-date: /home/ros/nemo/install/rosapi_msgs/local/lib/python3.10/dist-packages/rosapi_msgs/srv/_services_for_type_s.c
[1.357s] -- Up-to-date: /home/ros/nemo/install/rosapi_msgs/local/lib/python3.10/dist-packages/rosapi_msgs/srv/_service_request_details.py
[1.357s] -- Up-to-date: /home/ros/nemo/install/rosapi_msgs/local/lib/python3.10/dist-packages/rosapi_msgs/srv/_service_type.py
[1.357s] -- Up-to-date: /home/ros/nemo/install/rosapi_msgs/local/lib/python3.10/dist-packages/rosapi_msgs/srv/_publishers.py
[1.357s] -- Up-to-date: /home/ros/nemo/install/rosapi_msgs/local/lib/python3.10/dist-packages/rosapi_msgs/srv/_message_details_s.c
[1.357s] -- Up-to-date: /home/ros/nemo/install/rosapi_msgs/local/lib/python3.10/dist-packages/rosapi_msgs/srv/_service_providers_s.c
[1.357s] -- Up-to-date: /home/ros/nemo/install/rosapi_msgs/local/lib/python3.10/dist-packages/rosapi_msgs/srv/_get_param_names.py
[1.357s] -- Up-to-date: /home/ros/nemo/install/rosapi_msgs/local/lib/python3.10/dist-packages/rosapi_msgs/srv/_get_time.py
[1.357s] -- Up-to-date: /home/ros/nemo/install/rosapi_msgs/local/lib/python3.10/dist-packages/rosapi_msgs/srv/_subscribers_s.c
[1.357s] -- Up-to-date: /home/ros/nemo/install/rosapi_msgs/local/lib/python3.10/dist-packages/rosapi_msgs/srv/_get_param.py
[1.357s] -- Up-to-date: /home/ros/nemo/install/rosapi_msgs/local/lib/python3.10/dist-packages/rosapi_msgs/srv/_topic_type.py
[1.357s] -- Up-to-date: /home/ros/nemo/install/rosapi_msgs/local/lib/python3.10/dist-packages/rosapi_msgs/srv/_get_ros_version.py
[1.358s] -- Up-to-date: /home/ros/nemo/install/rosapi_msgs/local/lib/python3.10/dist-packages/rosapi_msgs/srv/_topics_for_type_s.c
[1.358s] -- Up-to-date: /home/ros/nemo/install/rosapi_msgs/local/lib/python3.10/dist-packages/rosapi_msgs/srv/_service_providers.py
[1.358s] -- Up-to-date: /home/ros/nemo/install/rosapi_msgs/local/lib/python3.10/dist-packages/rosapi_msgs/srv/_topics_for_type.py
[1.358s] -- Up-to-date: /home/ros/nemo/install/rosapi_msgs/local/lib/python3.10/dist-packages/rosapi_msgs/srv/_get_action_servers_s.c
[1.358s] -- Up-to-date: /home/ros/nemo/install/rosapi_msgs/local/lib/python3.10/dist-packages/rosapi_msgs/srv/_delete_param_s.c
[1.358s] -- Up-to-date: /home/ros/nemo/install/rosapi_msgs/local/lib/python3.10/dist-packages/rosapi_msgs/srv/_has_param.py
[1.358s] -- Up-to-date: /home/ros/nemo/install/rosapi_msgs/local/lib/python3.10/dist-packages/rosapi_msgs/srv/_get_ros_version_s.c
[1.358s] -- Up-to-date: /home/ros/nemo/install/rosapi_msgs/local/lib/python3.10/dist-packages/rosapi_msgs/srv/_service_response_details.py
[1.358s] -- Up-to-date: /home/ros/nemo/install/rosapi_msgs/local/lib/python3.10/dist-packages/rosapi_msgs/srv/_get_action_servers.py
[1.359s] -- Up-to-date: /home/ros/nemo/install/rosapi_msgs/local/lib/python3.10/dist-packages/rosapi_msgs/srv/_get_time_s.c
[1.359s] -- Up-to-date: /home/ros/nemo/install/rosapi_msgs/local/lib/python3.10/dist-packages/rosapi_msgs/srv/_delete_param.py
[1.359s] -- Up-to-date: /home/ros/nemo/install/rosapi_msgs/local/lib/python3.10/dist-packages/rosapi_msgs/srv/_node_details.py
[1.359s] -- Up-to-date: /home/ros/nemo/install/rosapi_msgs/local/lib/python3.10/dist-packages/rosapi_msgs/srv/_nodes_s.c
[1.359s] -- Up-to-date: /home/ros/nemo/install/rosapi_msgs/local/lib/python3.10/dist-packages/rosapi_msgs/rosapi_msgs_s__rosidl_typesupport_introspection_c.cpython-310-x86_64-linux-gnu.so
[1.359s] -- Up-to-date: /home/ros/nemo/install/rosapi_msgs/local/lib/python3.10/dist-packages/rosapi_msgs/__init__.py
[1.359s] -- Up-to-date: /home/ros/nemo/install/rosapi_msgs/local/lib/python3.10/dist-packages/rosapi_msgs/_rosapi_msgs_s.ep.rosidl_typesupport_introspection_c.c
[1.359s] -- Up-to-date: /home/ros/nemo/install/rosapi_msgs/local/lib/python3.10/dist-packages/rosapi_msgs/_rosapi_msgs_s.ep.rosidl_typesupport_c.c
[1.359s] -- Up-to-date: /home/ros/nemo/install/rosapi_msgs/local/lib/python3.10/dist-packages/rosapi_msgs/msg
[1.359s] -- Up-to-date: /home/ros/nemo/install/rosapi_msgs/local/lib/python3.10/dist-packages/rosapi_msgs/msg/__init__.py
[1.360s] -- Up-to-date: /home/ros/nemo/install/rosapi_msgs/local/lib/python3.10/dist-packages/rosapi_msgs/msg/_type_def.py
[1.360s] -- Up-to-date: /home/ros/nemo/install/rosapi_msgs/local/lib/python3.10/dist-packages/rosapi_msgs/msg/_type_def_s.c
[1.360s] -- Up-to-date: /home/ros/nemo/install/rosapi_msgs/local/lib/python3.10/dist-packages/rosapi_msgs/rosapi_msgs_s__rosidl_typesupport_c.cpython-310-x86_64-linux-gnu.so
[1.360s] -- Up-to-date: /home/ros/nemo/install/rosapi_msgs/local/lib/python3.10/dist-packages/rosapi_msgs/librosapi_msgs__rosidl_generator_py.so
[1.360s] -- Up-to-date: /home/ros/nemo/install/rosapi_msgs/local/lib/python3.10/dist-packages/rosapi_msgs/_rosapi_msgs_s.ep.rosidl_typesupport_fastrtps_c.c
[1.404s] Listing '/home/ros/nemo/install/rosapi_msgs/local/lib/python3.10/dist-packages/rosapi_msgs'...
[1.404s] Listing '/home/ros/nemo/install/rosapi_msgs/local/lib/python3.10/dist-packages/rosapi_msgs/msg'...
[1.404s] Listing '/home/ros/nemo/install/rosapi_msgs/local/lib/python3.10/dist-packages/rosapi_msgs/srv'...
[1.404s] -- Up-to-date: /home/ros/nemo/install/rosapi_msgs/local/lib/python3.10/dist-packages/rosapi_msgs/rosapi_msgs_s__rosidl_typesupport_fastrtps_c.cpython-310-x86_64-linux-gnu.so
[1.404s] -- Up-to-date: /home/ros/nemo/install/rosapi_msgs/local/lib/python3.10/dist-packages/rosapi_msgs/rosapi_msgs_s__rosidl_typesupport_introspection_c.cpython-310-x86_64-linux-gnu.so
[1.404s] -- Up-to-date: /home/ros/nemo/install/rosapi_msgs/local/lib/python3.10/dist-packages/rosapi_msgs/rosapi_msgs_s__rosidl_typesupport_c.cpython-310-x86_64-linux-gnu.so
[1.404s] -- Up-to-date: /home/ros/nemo/install/rosapi_msgs/lib/librosapi_msgs__rosidl_generator_py.so
[1.404s] -- Up-to-date: /home/ros/nemo/install/rosapi_msgs/share/rosapi_msgs/msg/TypeDef.idl
[1.404s] -- Up-to-date: /home/ros/nemo/install/rosapi_msgs/share/rosapi_msgs/srv/DeleteParam.idl
[1.404s] -- Up-to-date: /home/ros/nemo/install/rosapi_msgs/share/rosapi_msgs/srv/GetActionServers.idl
[1.405s] -- Up-to-date: /home/ros/nemo/install/rosapi_msgs/share/rosapi_msgs/srv/GetParam.idl
[1.405s] -- Up-to-date: /home/ros/nemo/install/rosapi_msgs/share/rosapi_msgs/srv/GetParamNames.idl
[1.405s] -- Up-to-date: /home/ros/nemo/install/rosapi_msgs/share/rosapi_msgs/srv/GetROSVersion.idl
[1.405s] -- Up-to-date: /home/ros/nemo/install/rosapi_msgs/share/rosapi_msgs/srv/GetTime.idl
[1.405s] -- Up-to-date: /home/ros/nemo/install/rosapi_msgs/share/rosapi_msgs/srv/HasParam.idl
[1.405s] -- Up-to-date: /home/ros/nemo/install/rosapi_msgs/share/rosapi_msgs/srv/MessageDetails.idl
[1.405s] -- Up-to-date: /home/ros/nemo/install/rosapi_msgs/share/rosapi_msgs/srv/Nodes.idl
[1.405s] -- Up-to-date: /home/ros/nemo/install/rosapi_msgs/share/rosapi_msgs/srv/NodeDetails.idl
[1.405s] -- Up-to-date: /home/ros/nemo/install/rosapi_msgs/share/rosapi_msgs/srv/Publishers.idl
[1.405s] -- Up-to-date: /home/ros/nemo/install/rosapi_msgs/share/rosapi_msgs/srv/ServiceNode.idl
[1.405s] -- Up-to-date: /home/ros/nemo/install/rosapi_msgs/share/rosapi_msgs/srv/ServiceProviders.idl
[1.405s] -- Up-to-date: /home/ros/nemo/install/rosapi_msgs/share/rosapi_msgs/srv/ServiceRequestDetails.idl
[1.405s] -- Up-to-date: /home/ros/nemo/install/rosapi_msgs/share/rosapi_msgs/srv/ServiceResponseDetails.idl
[1.405s] -- Up-to-date: /home/ros/nemo/install/rosapi_msgs/share/rosapi_msgs/srv/Services.idl
[1.405s] -- Up-to-date: /home/ros/nemo/install/rosapi_msgs/share/rosapi_msgs/srv/ServicesForType.idl
[1.405s] -- Up-to-date: /home/ros/nemo/install/rosapi_msgs/share/rosapi_msgs/srv/ServiceType.idl
[1.405s] -- Up-to-date: /home/ros/nemo/install/rosapi_msgs/share/rosapi_msgs/srv/SetParam.idl
[1.406s] -- Up-to-date: /home/ros/nemo/install/rosapi_msgs/share/rosapi_msgs/srv/Subscribers.idl
[1.406s] -- Up-to-date: /home/ros/nemo/install/rosapi_msgs/share/rosapi_msgs/srv/Topics.idl
[1.406s] -- Up-to-date: /home/ros/nemo/install/rosapi_msgs/share/rosapi_msgs/srv/TopicsAndRawTypes.idl
[1.406s] -- Up-to-date: /home/ros/nemo/install/rosapi_msgs/share/rosapi_msgs/srv/TopicsForType.idl
[1.406s] -- Up-to-date: /home/ros/nemo/install/rosapi_msgs/share/rosapi_msgs/srv/TopicType.idl
[1.406s] -- Up-to-date: /home/ros/nemo/install/rosapi_msgs/share/rosapi_msgs/msg/TypeDef.msg
[1.406s] -- Up-to-date: /home/ros/nemo/install/rosapi_msgs/share/rosapi_msgs/srv/DeleteParam.srv
[1.406s] -- Up-to-date: /home/ros/nemo/install/rosapi_msgs/share/rosapi_msgs/srv/DeleteParam_Request.msg
[1.406s] -- Up-to-date: /home/ros/nemo/install/rosapi_msgs/share/rosapi_msgs/srv/DeleteParam_Response.msg
[1.406s] -- Up-to-date: /home/ros/nemo/install/rosapi_msgs/share/rosapi_msgs/srv/GetActionServers.srv
[1.406s] -- Up-to-date: /home/ros/nemo/install/rosapi_msgs/share/rosapi_msgs/srv/GetActionServers_Request.msg
[1.406s] -- Up-to-date: /home/ros/nemo/install/rosapi_msgs/share/rosapi_msgs/srv/GetActionServers_Response.msg
[1.406s] -- Up-to-date: /home/ros/nemo/install/rosapi_msgs/share/rosapi_msgs/srv/GetParam.srv
[1.406s] -- Up-to-date: /home/ros/nemo/install/rosapi_msgs/share/rosapi_msgs/srv/GetParam_Request.msg
[1.406s] -- Up-to-date: /home/ros/nemo/install/rosapi_msgs/share/rosapi_msgs/srv/GetParam_Response.msg
[1.406s] -- Up-to-date: /home/ros/nemo/install/rosapi_msgs/share/rosapi_msgs/srv/GetParamNames.srv
[1.407s] -- Up-to-date: /home/ros/nemo/install/rosapi_msgs/share/rosapi_msgs/srv/GetParamNames_Request.msg
[1.407s] -- Up-to-date: /home/ros/nemo/install/rosapi_msgs/share/rosapi_msgs/srv/GetParamNames_Response.msg
[1.407s] -- Up-to-date: /home/ros/nemo/install/rosapi_msgs/share/rosapi_msgs/srv/GetROSVersion.srv
[1.407s] -- Up-to-date: /home/ros/nemo/install/rosapi_msgs/share/rosapi_msgs/srv/GetROSVersion_Request.msg
[1.407s] -- Up-to-date: /home/ros/nemo/install/rosapi_msgs/share/rosapi_msgs/srv/GetROSVersion_Response.msg
[1.407s] -- Up-to-date: /home/ros/nemo/install/rosapi_msgs/share/rosapi_msgs/srv/GetTime.srv
[1.407s] -- Up-to-date: /home/ros/nemo/install/rosapi_msgs/share/rosapi_msgs/srv/GetTime_Request.msg
[1.407s] -- Up-to-date: /home/ros/nemo/install/rosapi_msgs/share/rosapi_msgs/srv/GetTime_Response.msg
[1.407s] -- Up-to-date: /home/ros/nemo/install/rosapi_msgs/share/rosapi_msgs/srv/HasParam.srv
[1.407s] -- Up-to-date: /home/ros/nemo/install/rosapi_msgs/share/rosapi_msgs/srv/HasParam_Request.msg
[1.407s] -- Up-to-date: /home/ros/nemo/install/rosapi_msgs/share/rosapi_msgs/srv/HasParam_Response.msg
[1.407s] -- Up-to-date: /home/ros/nemo/install/rosapi_msgs/share/rosapi_msgs/srv/MessageDetails.srv
[1.407s] -- Up-to-date: /home/ros/nemo/install/rosapi_msgs/share/rosapi_msgs/srv/MessageDetails_Request.msg
[1.408s] -- Up-to-date: /home/ros/nemo/install/rosapi_msgs/share/rosapi_msgs/srv/MessageDetails_Response.msg
[1.408s] -- Up-to-date: /home/ros/nemo/install/rosapi_msgs/share/rosapi_msgs/srv/Nodes.srv
[1.408s] -- Up-to-date: /home/ros/nemo/install/rosapi_msgs/share/rosapi_msgs/srv/Nodes_Request.msg
[1.408s] -- Up-to-date: /home/ros/nemo/install/rosapi_msgs/share/rosapi_msgs/srv/Nodes_Response.msg
[1.408s] -- Up-to-date: /home/ros/nemo/install/rosapi_msgs/share/rosapi_msgs/srv/NodeDetails.srv
[1.408s] -- Up-to-date: /home/ros/nemo/install/rosapi_msgs/share/rosapi_msgs/srv/NodeDetails_Request.msg
[1.408s] -- Up-to-date: /home/ros/nemo/install/rosapi_msgs/share/rosapi_msgs/srv/NodeDetails_Response.msg
[1.408s] -- Up-to-date: /home/ros/nemo/install/rosapi_msgs/share/rosapi_msgs/srv/Publishers.srv
[1.408s] -- Up-to-date: /home/ros/nemo/install/rosapi_msgs/share/rosapi_msgs/srv/Publishers_Request.msg
[1.408s] -- Up-to-date: /home/ros/nemo/install/rosapi_msgs/share/rosapi_msgs/srv/Publishers_Response.msg
[1.408s] -- Up-to-date: /home/ros/nemo/install/rosapi_msgs/share/rosapi_msgs/srv/ServiceNode.srv
[1.408s] -- Up-to-date: /home/ros/nemo/install/rosapi_msgs/share/rosapi_msgs/srv/ServiceNode_Request.msg
[1.408s] -- Up-to-date: /home/ros/nemo/install/rosapi_msgs/share/rosapi_msgs/srv/ServiceNode_Response.msg
[1.409s] -- Up-to-date: /home/ros/nemo/install/rosapi_msgs/share/rosapi_msgs/srv/ServiceProviders.srv
[1.409s] -- Up-to-date: /home/ros/nemo/install/rosapi_msgs/share/rosapi_msgs/srv/ServiceProviders_Request.msg
[1.409s] -- Up-to-date: /home/ros/nemo/install/rosapi_msgs/share/rosapi_msgs/srv/ServiceProviders_Response.msg
[1.409s] -- Up-to-date: /home/ros/nemo/install/rosapi_msgs/share/rosapi_msgs/srv/ServiceRequestDetails.srv
[1.409s] -- Up-to-date: /home/ros/nemo/install/rosapi_msgs/share/rosapi_msgs/srv/ServiceRequestDetails_Request.msg
[1.409s] -- Up-to-date: /home/ros/nemo/install/rosapi_msgs/share/rosapi_msgs/srv/ServiceRequestDetails_Response.msg
[1.409s] -- Up-to-date: /home/ros/nemo/install/rosapi_msgs/share/rosapi_msgs/srv/ServiceResponseDetails.srv
[1.409s] -- Up-to-date: /home/ros/nemo/install/rosapi_msgs/share/rosapi_msgs/srv/ServiceResponseDetails_Request.msg
[1.409s] -- Up-to-date: /home/ros/nemo/install/rosapi_msgs/share/rosapi_msgs/srv/ServiceResponseDetails_Response.msg
[1.409s] -- Up-to-date: /home/ros/nemo/install/rosapi_msgs/share/rosapi_msgs/srv/Services.srv
[1.409s] -- Up-to-date: /home/ros/nemo/install/rosapi_msgs/share/rosapi_msgs/srv/Services_Request.msg
[1.409s] -- Up-to-date: /home/ros/nemo/install/rosapi_msgs/share/rosapi_msgs/srv/Services_Response.msg
[1.409s] -- Up-to-date: /home/ros/nemo/install/rosapi_msgs/share/rosapi_msgs/srv/ServicesForType.srv
[1.409s] -- Up-to-date: /home/ros/nemo/install/rosapi_msgs/share/rosapi_msgs/srv/ServicesForType_Request.msg
[1.409s] -- Up-to-date: /home/ros/nemo/install/rosapi_msgs/share/rosapi_msgs/srv/ServicesForType_Response.msg
[1.409s] -- Up-to-date: /home/ros/nemo/install/rosapi_msgs/share/rosapi_msgs/srv/ServiceType.srv
[1.410s] -- Up-to-date: /home/ros/nemo/install/rosapi_msgs/share/rosapi_msgs/srv/ServiceType_Request.msg
[1.410s] -- Up-to-date: /home/ros/nemo/install/rosapi_msgs/share/rosapi_msgs/srv/ServiceType_Response.msg
[1.410s] -- Up-to-date: /home/ros/nemo/install/rosapi_msgs/share/rosapi_msgs/srv/SetParam.srv
[1.410s] -- Up-to-date: /home/ros/nemo/install/rosapi_msgs/share/rosapi_msgs/srv/SetParam_Request.msg
[1.410s] -- Up-to-date: /home/ros/nemo/install/rosapi_msgs/share/rosapi_msgs/srv/SetParam_Response.msg
[1.410s] -- Up-to-date: /home/ros/nemo/install/rosapi_msgs/share/rosapi_msgs/srv/Subscribers.srv
[1.410s] -- Up-to-date: /home/ros/nemo/install/rosapi_msgs/share/rosapi_msgs/srv/Subscribers_Request.msg
[1.410s] -- Up-to-date: /home/ros/nemo/install/rosapi_msgs/share/rosapi_msgs/srv/Subscribers_Response.msg
[1.410s] -- Up-to-date: /home/ros/nemo/install/rosapi_msgs/share/rosapi_msgs/srv/Topics.srv
[1.410s] -- Up-to-date: /home/ros/nemo/install/rosapi_msgs/share/rosapi_msgs/srv/Topics_Request.msg
[1.410s] -- Up-to-date: /home/ros/nemo/install/rosapi_msgs/share/rosapi_msgs/srv/Topics_Response.msg
[1.410s] -- Up-to-date: /home/ros/nemo/install/rosapi_msgs/share/rosapi_msgs/srv/TopicsAndRawTypes.srv
[1.410s] -- Up-to-date: /home/ros/nemo/install/rosapi_msgs/share/rosapi_msgs/srv/TopicsAndRawTypes_Request.msg
[1.410s] -- Up-to-date: /home/ros/nemo/install/rosapi_msgs/share/rosapi_msgs/srv/TopicsAndRawTypes_Response.msg
[1.410s] -- Up-to-date: /home/ros/nemo/install/rosapi_msgs/share/rosapi_msgs/srv/TopicsForType.srv
[1.410s] -- Up-to-date: /home/ros/nemo/install/rosapi_msgs/share/rosapi_msgs/srv/TopicsForType_Request.msg
[1.410s] -- Up-to-date: /home/ros/nemo/install/rosapi_msgs/share/rosapi_msgs/srv/TopicsForType_Response.msg
[1.411s] -- Up-to-date: /home/ros/nemo/install/rosapi_msgs/share/rosapi_msgs/srv/TopicType.srv
[1.411s] -- Up-to-date: /home/ros/nemo/install/rosapi_msgs/share/rosapi_msgs/srv/TopicType_Request.msg
[1.411s] -- Up-to-date: /home/ros/nemo/install/rosapi_msgs/share/rosapi_msgs/srv/TopicType_Response.msg
[1.411s] -- Up-to-date: /home/ros/nemo/install/rosapi_msgs/share/ament_index/resource_index/package_run_dependencies/rosapi_msgs
[1.411s] -- Up-to-date: /home/ros/nemo/install/rosapi_msgs/share/ament_index/resource_index/parent_prefix_path/rosapi_msgs
[1.411s] -- Up-to-date: /home/ros/nemo/install/rosapi_msgs/share/rosapi_msgs/environment/ament_prefix_path.sh
[1.411s] -- Up-to-date: /home/ros/nemo/install/rosapi_msgs/share/rosapi_msgs/environment/ament_prefix_path.dsv
[1.411s] -- Up-to-date: /home/ros/nemo/install/rosapi_msgs/share/rosapi_msgs/environment/path.sh
[1.411s] -- Up-to-date: /home/ros/nemo/install/rosapi_msgs/share/rosapi_msgs/environment/path.dsv
[1.411s] -- Up-to-date: /home/ros/nemo/install/rosapi_msgs/share/rosapi_msgs/local_setup.bash
[1.411s] -- Up-to-date: /home/ros/nemo/install/rosapi_msgs/share/rosapi_msgs/local_setup.sh
[1.411s] -- Up-to-date: /home/ros/nemo/install/rosapi_msgs/share/rosapi_msgs/local_setup.zsh
[1.411s] -- Up-to-date: /home/ros/nemo/install/rosapi_msgs/share/rosapi_msgs/local_setup.dsv
[1.411s] -- Installing: /home/ros/nemo/install/rosapi_msgs/share/rosapi_msgs/package.dsv
[1.412s] -- Up-to-date: /home/ros/nemo/install/rosapi_msgs/share/ament_index/resource_index/packages/rosapi_msgs
[1.412s] -- Up-to-date: /home/ros/nemo/install/rosapi_msgs/share/rosapi_msgs/cmake/export_rosapi_msgs__rosidl_generator_cExport.cmake
[1.412s] -- Up-to-date: /home/ros/nemo/install/rosapi_msgs/share/rosapi_msgs/cmake/export_rosapi_msgs__rosidl_generator_cExport-noconfig.cmake
[1.412s] -- Up-to-date: /home/ros/nemo/install/rosapi_msgs/share/rosapi_msgs/cmake/export_rosapi_msgs__rosidl_typesupport_fastrtps_cExport.cmake
[1.412s] -- Up-to-date: /home/ros/nemo/install/rosapi_msgs/share/rosapi_msgs/cmake/export_rosapi_msgs__rosidl_typesupport_fastrtps_cExport-noconfig.cmake
[1.412s] -- Up-to-date: /home/ros/nemo/install/rosapi_msgs/share/rosapi_msgs/cmake/export_rosapi_msgs__rosidl_generator_cppExport.cmake
[1.412s] -- Up-to-date: /home/ros/nemo/install/rosapi_msgs/share/rosapi_msgs/cmake/export_rosapi_msgs__rosidl_typesupport_fastrtps_cppExport.cmake
[1.412s] -- Up-to-date: /home/ros/nemo/install/rosapi_msgs/share/rosapi_msgs/cmake/export_rosapi_msgs__rosidl_typesupport_fastrtps_cppExport-noconfig.cmake
[1.412s] -- Up-to-date: /home/ros/nemo/install/rosapi_msgs/share/rosapi_msgs/cmake/rosapi_msgs__rosidl_typesupport_introspection_cExport.cmake
[1.412s] -- Up-to-date: /home/ros/nemo/install/rosapi_msgs/share/rosapi_msgs/cmake/rosapi_msgs__rosidl_typesupport_introspection_cExport-noconfig.cmake
[1.412s] -- Up-to-date: /home/ros/nemo/install/rosapi_msgs/share/rosapi_msgs/cmake/rosapi_msgs__rosidl_typesupport_cExport.cmake
[1.412s] -- Up-to-date: /home/ros/nemo/install/rosapi_msgs/share/rosapi_msgs/cmake/rosapi_msgs__rosidl_typesupport_cExport-noconfig.cmake
[1.412s] -- Up-to-date: /home/ros/nemo/install/rosapi_msgs/share/rosapi_msgs/cmake/rosapi_msgs__rosidl_typesupport_introspection_cppExport.cmake
[1.412s] -- Up-to-date: /home/ros/nemo/install/rosapi_msgs/share/rosapi_msgs/cmake/rosapi_msgs__rosidl_typesupport_introspection_cppExport-noconfig.cmake
[1.412s] -- Up-to-date: /home/ros/nemo/install/rosapi_msgs/share/rosapi_msgs/cmake/rosapi_msgs__rosidl_typesupport_cppExport.cmake
[1.413s] -- Up-to-date: /home/ros/nemo/install/rosapi_msgs/share/rosapi_msgs/cmake/rosapi_msgs__rosidl_typesupport_cppExport-noconfig.cmake
[1.413s] -- Up-to-date: /home/ros/nemo/install/rosapi_msgs/share/rosapi_msgs/cmake/export_rosapi_msgs__rosidl_generator_pyExport.cmake
[1.413s] -- Up-to-date: /home/ros/nemo/install/rosapi_msgs/share/rosapi_msgs/cmake/export_rosapi_msgs__rosidl_generator_pyExport-noconfig.cmake
[1.413s] -- Up-to-date: /home/ros/nemo/install/rosapi_msgs/share/rosapi_msgs/cmake/rosidl_cmake-extras.cmake
[1.413s] -- Up-to-date: /home/ros/nemo/install/rosapi_msgs/share/rosapi_msgs/cmake/ament_cmake_export_dependencies-extras.cmake
[1.413s] -- Up-to-date: /home/ros/nemo/install/rosapi_msgs/share/rosapi_msgs/cmake/ament_cmake_export_include_directories-extras.cmake
[1.413s] -- Up-to-date: /home/ros/nemo/install/rosapi_msgs/share/rosapi_msgs/cmake/ament_cmake_export_libraries-extras.cmake
[1.413s] -- Up-to-date: /home/ros/nemo/install/rosapi_msgs/share/rosapi_msgs/cmake/ament_cmake_export_targets-extras.cmake
[1.413s] -- Up-to-date: /home/ros/nemo/install/rosapi_msgs/share/rosapi_msgs/cmake/rosidl_cmake_export_typesupport_targets-extras.cmake
[1.413s] -- Up-to-date: /home/ros/nemo/install/rosapi_msgs/share/rosapi_msgs/cmake/rosidl_cmake_export_typesupport_libraries-extras.cmake
[1.413s] -- Up-to-date: /home/ros/nemo/install/rosapi_msgs/share/rosapi_msgs/cmake/rosapi_msgsConfig.cmake
[1.413s] -- Up-to-date: /home/ros/nemo/install/rosapi_msgs/share/rosapi_msgs/cmake/rosapi_msgsConfig-version.cmake
[1.413s] -- Up-to-date: /home/ros/nemo/install/rosapi_msgs/share/rosapi_msgs/package.xml
[1.435s] Invoked command in '/home/ros/nemo/build/rosapi_msgs' returned '0': CMAKE_PREFIX_PATH=${CMAKE_PREFIX_PATH}:/opt/ros/humble:/home/ros/nemo/install/ros_tcp_endpoint:/home/ros/nemo/install/nemo_server /usr/bin/cmake --install /home/ros/nemo/build/rosapi_msgs
