[0.039s] Invoking command in '/home/ros/nemo/build/rosbridge_msgs': CMAKE_PREFIX_PATH=${CMAKE_PREFIX_PATH}:/home/ros/nemo/install/ros_tcp_endpoint:/home/ros/nemo/install/nemo_server:/opt/ros/humble /usr/bin/cmake --build /home/ros/nemo/build/rosbridge_msgs -- -j4 -l4
[0.114s] [35m[1mConsolidate compiler generated dependencies of target rosbridge_msgs__rosidl_generator_c[0m
[0.164s] [  2%] Built target rosbridge_msgs__cpp
[0.189s] [ 12%] Built target rosbridge_msgs__rosidl_generator_c
[0.214s] [35m[1mConsolidate compiler generated dependencies of target rosbridge_msgs__rosidl_typesupport_fastrtps_cpp[0m
[0.218s] [ 12%] Built target ament_cmake_python_copy_rosbridge_msgs
[0.232s] [35m[1mConsolidate compiler generated dependencies of target rosbridge_msgs__rosidl_typesupport_cpp[0m
[0.258s] [35m[1mConsolidate compiler generated dependencies of target rosbridge_msgs__rosidl_typesupport_introspection_c[0m
[0.279s] [ 23%] Built target rosbridge_msgs__rosidl_typesupport_fastrtps_cpp
[0.292s] [35m[1mConsolidate compiler generated dependencies of target rosbridge_msgs__rosidl_typesupport_c[0m
[0.301s] [ 33%] Built target rosbridge_msgs__rosidl_typesupport_cpp
[0.349s] [ 43%] Built target rosbridge_msgs__rosidl_typesupport_introspection_c
[0.365s] [35m[1mConsolidate compiler generated dependencies of target rosbridge_msgs__rosidl_typesupport_fastrtps_c[0m
[0.374s] [ 53%] Built target rosbridge_msgs__rosidl_typesupport_c
[0.379s] [35m[1mConsolidate compiler generated dependencies of target rosbridge_msgs__rosidl_typesupport_introspection_cpp[0m
[0.512s] [ 64%] Built target rosbridge_msgs__rosidl_typesupport_fastrtps_c
[0.514s] [ 74%] Built target rosbridge_msgs__rosidl_typesupport_introspection_cpp
[0.596s] [ 74%] Built target rosbridge_msgs
[0.702s] [ 76%] Built target rosbridge_msgs__py
[0.759s] [35m[1mConsolidate compiler generated dependencies of target rosbridge_msgs__rosidl_generator_py[0m
[0.826s] running egg_info
[0.827s] writing rosbridge_msgs.egg-info/PKG-INFO
[0.827s] writing dependency_links to rosbridge_msgs.egg-info/dependency_links.txt
[0.827s] writing top-level names to rosbridge_msgs.egg-info/top_level.txt
[0.828s] [ 84%] Built target rosbridge_msgs__rosidl_generator_py
[0.829s] reading manifest file 'rosbridge_msgs.egg-info/SOURCES.txt'
[0.830s] writing manifest file 'rosbridge_msgs.egg-info/SOURCES.txt'
[0.867s] [ 84%] Built target ament_cmake_python_build_rosbridge_msgs_egg
[0.868s] [35m[1mConsolidate compiler generated dependencies of target rosbridge_msgs__rosidl_typesupport_fastrtps_c__pyext[0m
[0.874s] [35m[1mConsolidate compiler generated dependencies of target rosbridge_msgs__rosidl_typesupport_c__pyext[0m
[0.895s] [35m[1mConsolidate compiler generated dependencies of target rosbridge_msgs__rosidl_typesupport_introspection_c__pyext[0m
[0.903s] [ 89%] Built target rosbridge_msgs__rosidl_typesupport_c__pyext
[0.919s] [ 94%] Built target rosbridge_msgs__rosidl_typesupport_fastrtps_c__pyext
[0.928s] [100%] Built target rosbridge_msgs__rosidl_typesupport_introspection_c__pyext
[0.945s] Invoked command in '/home/ros/nemo/build/rosbridge_msgs' returned '0': CMAKE_PREFIX_PATH=${CMAKE_PREFIX_PATH}:/home/ros/nemo/install/ros_tcp_endpoint:/home/ros/nemo/install/nemo_server:/opt/ros/humble /usr/bin/cmake --build /home/ros/nemo/build/rosbridge_msgs -- -j4 -l4
[1.061s] Invoking command in '/home/ros/nemo/build/rosbridge_msgs': CMAKE_PREFIX_PATH=${CMAKE_PREFIX_PATH}:/home/ros/nemo/install/ros_tcp_endpoint:/home/ros/nemo/install/nemo_server:/opt/ros/humble /usr/bin/cmake --install /home/ros/nemo/build/rosbridge_msgs
[1.069s] -- Install configuration: ""
[1.069s] -- Up-to-date: /home/ros/nemo/install/rosbridge_msgs/share/ament_index/resource_index/rosidl_interfaces/rosbridge_msgs
[1.069s] -- Up-to-date: /home/ros/nemo/install/rosbridge_msgs/include/rosbridge_msgs/rosbridge_msgs
[1.069s] -- Up-to-date: /home/ros/nemo/install/rosbridge_msgs/include/rosbridge_msgs/rosbridge_msgs/msg
[1.069s] -- Up-to-date: /home/ros/nemo/install/rosbridge_msgs/include/rosbridge_msgs/rosbridge_msgs/msg/detail
[1.070s] -- Up-to-date: /home/ros/nemo/install/rosbridge_msgs/include/rosbridge_msgs/rosbridge_msgs/msg/detail/connected_clients__functions.c
[1.070s] -- Up-to-date: /home/ros/nemo/install/rosbridge_msgs/include/rosbridge_msgs/rosbridge_msgs/msg/detail/connected_client__type_support.h
[1.070s] -- Up-to-date: /home/ros/nemo/install/rosbridge_msgs/include/rosbridge_msgs/rosbridge_msgs/msg/detail/connected_client__functions.c
[1.070s] -- Up-to-date: /home/ros/nemo/install/rosbridge_msgs/include/rosbridge_msgs/rosbridge_msgs/msg/detail/connected_clients__struct.h
[1.070s] -- Up-to-date: /home/ros/nemo/install/rosbridge_msgs/include/rosbridge_msgs/rosbridge_msgs/msg/detail/connected_clients__type_support.h
[1.070s] -- Up-to-date: /home/ros/nemo/install/rosbridge_msgs/include/rosbridge_msgs/rosbridge_msgs/msg/detail/connected_clients__functions.h
[1.070s] -- Up-to-date: /home/ros/nemo/install/rosbridge_msgs/include/rosbridge_msgs/rosbridge_msgs/msg/detail/connected_client__struct.h
[1.070s] -- Up-to-date: /home/ros/nemo/install/rosbridge_msgs/include/rosbridge_msgs/rosbridge_msgs/msg/detail/connected_client__functions.h
[1.071s] -- Up-to-date: /home/ros/nemo/install/rosbridge_msgs/include/rosbridge_msgs/rosbridge_msgs/msg/connected_clients.h
[1.071s] -- Up-to-date: /home/ros/nemo/install/rosbridge_msgs/include/rosbridge_msgs/rosbridge_msgs/msg/connected_client.h
[1.071s] -- Up-to-date: /home/ros/nemo/install/rosbridge_msgs/include/rosbridge_msgs/rosbridge_msgs/msg/rosidl_generator_c__visibility_control.h
[1.071s] -- Up-to-date: /home/ros/nemo/install/rosbridge_msgs/share/rosbridge_msgs/environment/library_path.sh
[1.071s] -- Up-to-date: /home/ros/nemo/install/rosbridge_msgs/share/rosbridge_msgs/environment/library_path.dsv
[1.071s] -- Up-to-date: /home/ros/nemo/install/rosbridge_msgs/lib/librosbridge_msgs__rosidl_generator_c.so
[1.071s] -- Up-to-date: /home/ros/nemo/install/rosbridge_msgs/include/rosbridge_msgs/rosbridge_msgs
[1.071s] -- Up-to-date: /home/ros/nemo/install/rosbridge_msgs/include/rosbridge_msgs/rosbridge_msgs/msg
[1.071s] -- Up-to-date: /home/ros/nemo/install/rosbridge_msgs/include/rosbridge_msgs/rosbridge_msgs/msg/detail
[1.071s] -- Up-to-date: /home/ros/nemo/install/rosbridge_msgs/include/rosbridge_msgs/rosbridge_msgs/msg/detail/connected_clients__rosidl_typesupport_fastrtps_c.h
[1.072s] -- Up-to-date: /home/ros/nemo/install/rosbridge_msgs/include/rosbridge_msgs/rosbridge_msgs/msg/detail/connected_client__rosidl_typesupport_fastrtps_c.h
[1.072s] -- Up-to-date: /home/ros/nemo/install/rosbridge_msgs/include/rosbridge_msgs/rosbridge_msgs/msg/rosidl_typesupport_fastrtps_c__visibility_control.h
[1.072s] -- Up-to-date: /home/ros/nemo/install/rosbridge_msgs/lib/librosbridge_msgs__rosidl_typesupport_fastrtps_c.so
[1.072s] -- Up-to-date: /home/ros/nemo/install/rosbridge_msgs/include/rosbridge_msgs/rosbridge_msgs
[1.072s] -- Up-to-date: /home/ros/nemo/install/rosbridge_msgs/include/rosbridge_msgs/rosbridge_msgs/msg
[1.072s] -- Up-to-date: /home/ros/nemo/install/rosbridge_msgs/include/rosbridge_msgs/rosbridge_msgs/msg/detail
[1.072s] -- Up-to-date: /home/ros/nemo/install/rosbridge_msgs/include/rosbridge_msgs/rosbridge_msgs/msg/detail/connected_clients__builder.hpp
[1.072s] -- Up-to-date: /home/ros/nemo/install/rosbridge_msgs/include/rosbridge_msgs/rosbridge_msgs/msg/detail/connected_clients__struct.hpp
[1.072s] -- Up-to-date: /home/ros/nemo/install/rosbridge_msgs/include/rosbridge_msgs/rosbridge_msgs/msg/detail/connected_client__struct.hpp
[1.073s] -- Up-to-date: /home/ros/nemo/install/rosbridge_msgs/include/rosbridge_msgs/rosbridge_msgs/msg/detail/connected_clients__traits.hpp
[1.073s] -- Up-to-date: /home/ros/nemo/install/rosbridge_msgs/include/rosbridge_msgs/rosbridge_msgs/msg/detail/connected_client__builder.hpp
[1.073s] -- Up-to-date: /home/ros/nemo/install/rosbridge_msgs/include/rosbridge_msgs/rosbridge_msgs/msg/detail/connected_client__traits.hpp
[1.073s] -- Up-to-date: /home/ros/nemo/install/rosbridge_msgs/include/rosbridge_msgs/rosbridge_msgs/msg/connected_client.hpp
[1.073s] -- Up-to-date: /home/ros/nemo/install/rosbridge_msgs/include/rosbridge_msgs/rosbridge_msgs/msg/connected_clients.hpp
[1.073s] -- Up-to-date: /home/ros/nemo/install/rosbridge_msgs/include/rosbridge_msgs/rosbridge_msgs
[1.073s] -- Up-to-date: /home/ros/nemo/install/rosbridge_msgs/include/rosbridge_msgs/rosbridge_msgs/msg
[1.073s] -- Up-to-date: /home/ros/nemo/install/rosbridge_msgs/include/rosbridge_msgs/rosbridge_msgs/msg/detail
[1.073s] -- Up-to-date: /home/ros/nemo/install/rosbridge_msgs/include/rosbridge_msgs/rosbridge_msgs/msg/detail/connected_clients__rosidl_typesupport_fastrtps_cpp.hpp
[1.073s] -- Up-to-date: /home/ros/nemo/install/rosbridge_msgs/include/rosbridge_msgs/rosbridge_msgs/msg/detail/dds_fastrtps
[1.073s] -- Up-to-date: /home/ros/nemo/install/rosbridge_msgs/include/rosbridge_msgs/rosbridge_msgs/msg/detail/connected_client__rosidl_typesupport_fastrtps_cpp.hpp
[1.074s] -- Up-to-date: /home/ros/nemo/install/rosbridge_msgs/include/rosbridge_msgs/rosbridge_msgs/msg/rosidl_typesupport_fastrtps_cpp__visibility_control.h
[1.074s] -- Up-to-date: /home/ros/nemo/install/rosbridge_msgs/lib/librosbridge_msgs__rosidl_typesupport_fastrtps_cpp.so
[1.074s] -- Up-to-date: /home/ros/nemo/install/rosbridge_msgs/include/rosbridge_msgs/rosbridge_msgs
[1.074s] -- Up-to-date: /home/ros/nemo/install/rosbridge_msgs/include/rosbridge_msgs/rosbridge_msgs/msg
[1.074s] -- Up-to-date: /home/ros/nemo/install/rosbridge_msgs/include/rosbridge_msgs/rosbridge_msgs/msg/detail
[1.074s] -- Up-to-date: /home/ros/nemo/install/rosbridge_msgs/include/rosbridge_msgs/rosbridge_msgs/msg/detail/connected_clients__rosidl_typesupport_introspection_c.h
[1.074s] -- Up-to-date: /home/ros/nemo/install/rosbridge_msgs/include/rosbridge_msgs/rosbridge_msgs/msg/detail/connected_client__rosidl_typesupport_introspection_c.h
[1.075s] -- Up-to-date: /home/ros/nemo/install/rosbridge_msgs/include/rosbridge_msgs/rosbridge_msgs/msg/detail/connected_client__type_support.c
[1.075s] -- Up-to-date: /home/ros/nemo/install/rosbridge_msgs/include/rosbridge_msgs/rosbridge_msgs/msg/detail/connected_clients__type_support.c
[1.075s] -- Up-to-date: /home/ros/nemo/install/rosbridge_msgs/include/rosbridge_msgs/rosbridge_msgs/msg/rosidl_typesupport_introspection_c__visibility_control.h
[1.075s] -- Up-to-date: /home/ros/nemo/install/rosbridge_msgs/lib/librosbridge_msgs__rosidl_typesupport_introspection_c.so
[1.075s] -- Up-to-date: /home/ros/nemo/install/rosbridge_msgs/lib/librosbridge_msgs__rosidl_typesupport_c.so
[1.075s] -- Up-to-date: /home/ros/nemo/install/rosbridge_msgs/include/rosbridge_msgs/rosbridge_msgs
[1.075s] -- Up-to-date: /home/ros/nemo/install/rosbridge_msgs/include/rosbridge_msgs/rosbridge_msgs/msg
[1.075s] -- Up-to-date: /home/ros/nemo/install/rosbridge_msgs/include/rosbridge_msgs/rosbridge_msgs/msg/detail
[1.075s] -- Up-to-date: /home/ros/nemo/install/rosbridge_msgs/include/rosbridge_msgs/rosbridge_msgs/msg/detail/connected_client__type_support.cpp
[1.075s] -- Up-to-date: /home/ros/nemo/install/rosbridge_msgs/include/rosbridge_msgs/rosbridge_msgs/msg/detail/connected_clients__rosidl_typesupport_introspection_cpp.hpp
[1.076s] -- Up-to-date: /home/ros/nemo/install/rosbridge_msgs/include/rosbridge_msgs/rosbridge_msgs/msg/detail/connected_clients__type_support.cpp
[1.076s] -- Up-to-date: /home/ros/nemo/install/rosbridge_msgs/include/rosbridge_msgs/rosbridge_msgs/msg/detail/connected_client__rosidl_typesupport_introspection_cpp.hpp
[1.076s] -- Up-to-date: /home/ros/nemo/install/rosbridge_msgs/lib/librosbridge_msgs__rosidl_typesupport_introspection_cpp.so
[1.076s] -- Up-to-date: /home/ros/nemo/install/rosbridge_msgs/lib/librosbridge_msgs__rosidl_typesupport_cpp.so
[1.076s] -- Up-to-date: /home/ros/nemo/install/rosbridge_msgs/share/rosbridge_msgs/environment/pythonpath.sh
[1.076s] -- Up-to-date: /home/ros/nemo/install/rosbridge_msgs/share/rosbridge_msgs/environment/pythonpath.dsv
[1.076s] -- Up-to-date: /home/ros/nemo/install/rosbridge_msgs/local/lib/python3.10/dist-packages/rosbridge_msgs-1.3.1-py3.10.egg-info
[1.076s] -- Installing: /home/ros/nemo/install/rosbridge_msgs/local/lib/python3.10/dist-packages/rosbridge_msgs-1.3.1-py3.10.egg-info/SOURCES.txt
[1.076s] -- Installing: /home/ros/nemo/install/rosbridge_msgs/local/lib/python3.10/dist-packages/rosbridge_msgs-1.3.1-py3.10.egg-info/PKG-INFO
[1.076s] -- Installing: /home/ros/nemo/install/rosbridge_msgs/local/lib/python3.10/dist-packages/rosbridge_msgs-1.3.1-py3.10.egg-info/top_level.txt
[1.076s] -- Installing: /home/ros/nemo/install/rosbridge_msgs/local/lib/python3.10/dist-packages/rosbridge_msgs-1.3.1-py3.10.egg-info/dependency_links.txt
[1.077s] -- Up-to-date: /home/ros/nemo/install/rosbridge_msgs/local/lib/python3.10/dist-packages/rosbridge_msgs
[1.077s] -- Up-to-date: /home/ros/nemo/install/rosbridge_msgs/local/lib/python3.10/dist-packages/rosbridge_msgs/rosbridge_msgs_s__rosidl_typesupport_fastrtps_c.cpython-310-x86_64-linux-gnu.so
[1.077s] -- Up-to-date: /home/ros/nemo/install/rosbridge_msgs/local/lib/python3.10/dist-packages/rosbridge_msgs/rosbridge_msgs_s__rosidl_typesupport_introspection_c.cpython-310-x86_64-linux-gnu.so
[1.077s] -- Up-to-date: /home/ros/nemo/install/rosbridge_msgs/local/lib/python3.10/dist-packages/rosbridge_msgs/librosbridge_msgs__rosidl_generator_py.so
[1.077s] -- Up-to-date: /home/ros/nemo/install/rosbridge_msgs/local/lib/python3.10/dist-packages/rosbridge_msgs/_rosbridge_msgs_s.ep.rosidl_typesupport_fastrtps_c.c
[1.077s] -- Up-to-date: /home/ros/nemo/install/rosbridge_msgs/local/lib/python3.10/dist-packages/rosbridge_msgs/__init__.py
[1.077s] -- Up-to-date: /home/ros/nemo/install/rosbridge_msgs/local/lib/python3.10/dist-packages/rosbridge_msgs/rosbridge_msgs_s__rosidl_typesupport_c.cpython-310-x86_64-linux-gnu.so
[1.077s] -- Up-to-date: /home/ros/nemo/install/rosbridge_msgs/local/lib/python3.10/dist-packages/rosbridge_msgs/_rosbridge_msgs_s.ep.rosidl_typesupport_c.c
[1.077s] -- Up-to-date: /home/ros/nemo/install/rosbridge_msgs/local/lib/python3.10/dist-packages/rosbridge_msgs/_rosbridge_msgs_s.ep.rosidl_typesupport_introspection_c.c
[1.077s] -- Up-to-date: /home/ros/nemo/install/rosbridge_msgs/local/lib/python3.10/dist-packages/rosbridge_msgs/msg
[1.077s] -- Up-to-date: /home/ros/nemo/install/rosbridge_msgs/local/lib/python3.10/dist-packages/rosbridge_msgs/msg/_connected_clients.py
[1.078s] -- Up-to-date: /home/ros/nemo/install/rosbridge_msgs/local/lib/python3.10/dist-packages/rosbridge_msgs/msg/__init__.py
[1.078s] -- Up-to-date: /home/ros/nemo/install/rosbridge_msgs/local/lib/python3.10/dist-packages/rosbridge_msgs/msg/_connected_clients_s.c
[1.078s] -- Up-to-date: /home/ros/nemo/install/rosbridge_msgs/local/lib/python3.10/dist-packages/rosbridge_msgs/msg/_connected_client.py
[1.078s] -- Up-to-date: /home/ros/nemo/install/rosbridge_msgs/local/lib/python3.10/dist-packages/rosbridge_msgs/msg/_connected_client_s.c
[1.109s] Listing '/home/ros/nemo/install/rosbridge_msgs/local/lib/python3.10/dist-packages/rosbridge_msgs'...
[1.110s] Listing '/home/ros/nemo/install/rosbridge_msgs/local/lib/python3.10/dist-packages/rosbridge_msgs/msg'...
[1.120s] -- Up-to-date: /home/ros/nemo/install/rosbridge_msgs/local/lib/python3.10/dist-packages/rosbridge_msgs/rosbridge_msgs_s__rosidl_typesupport_fastrtps_c.cpython-310-x86_64-linux-gnu.so
[1.120s] -- Up-to-date: /home/ros/nemo/install/rosbridge_msgs/local/lib/python3.10/dist-packages/rosbridge_msgs/rosbridge_msgs_s__rosidl_typesupport_introspection_c.cpython-310-x86_64-linux-gnu.so
[1.121s] -- Up-to-date: /home/ros/nemo/install/rosbridge_msgs/local/lib/python3.10/dist-packages/rosbridge_msgs/rosbridge_msgs_s__rosidl_typesupport_c.cpython-310-x86_64-linux-gnu.so
[1.121s] -- Up-to-date: /home/ros/nemo/install/rosbridge_msgs/lib/librosbridge_msgs__rosidl_generator_py.so
[1.121s] -- Up-to-date: /home/ros/nemo/install/rosbridge_msgs/share/rosbridge_msgs/msg/ConnectedClient.idl
[1.121s] -- Up-to-date: /home/ros/nemo/install/rosbridge_msgs/share/rosbridge_msgs/msg/ConnectedClients.idl
[1.121s] -- Up-to-date: /home/ros/nemo/install/rosbridge_msgs/share/rosbridge_msgs/msg/ConnectedClient.msg
[1.121s] -- Up-to-date: /home/ros/nemo/install/rosbridge_msgs/share/rosbridge_msgs/msg/ConnectedClients.msg
[1.121s] -- Up-to-date: /home/ros/nemo/install/rosbridge_msgs/share/ament_index/resource_index/package_run_dependencies/rosbridge_msgs
[1.121s] -- Up-to-date: /home/ros/nemo/install/rosbridge_msgs/share/ament_index/resource_index/parent_prefix_path/rosbridge_msgs
[1.121s] -- Up-to-date: /home/ros/nemo/install/rosbridge_msgs/share/rosbridge_msgs/environment/ament_prefix_path.sh
[1.121s] -- Up-to-date: /home/ros/nemo/install/rosbridge_msgs/share/rosbridge_msgs/environment/ament_prefix_path.dsv
[1.122s] -- Up-to-date: /home/ros/nemo/install/rosbridge_msgs/share/rosbridge_msgs/environment/path.sh
[1.122s] -- Up-to-date: /home/ros/nemo/install/rosbridge_msgs/share/rosbridge_msgs/environment/path.dsv
[1.122s] -- Up-to-date: /home/ros/nemo/install/rosbridge_msgs/share/rosbridge_msgs/local_setup.bash
[1.122s] -- Up-to-date: /home/ros/nemo/install/rosbridge_msgs/share/rosbridge_msgs/local_setup.sh
[1.122s] -- Up-to-date: /home/ros/nemo/install/rosbridge_msgs/share/rosbridge_msgs/local_setup.zsh
[1.122s] -- Up-to-date: /home/ros/nemo/install/rosbridge_msgs/share/rosbridge_msgs/local_setup.dsv
[1.122s] -- Installing: /home/ros/nemo/install/rosbridge_msgs/share/rosbridge_msgs/package.dsv
[1.122s] -- Up-to-date: /home/ros/nemo/install/rosbridge_msgs/share/ament_index/resource_index/packages/rosbridge_msgs
[1.122s] -- Up-to-date: /home/ros/nemo/install/rosbridge_msgs/share/rosbridge_msgs/cmake/export_rosbridge_msgs__rosidl_generator_cExport.cmake
[1.123s] -- Up-to-date: /home/ros/nemo/install/rosbridge_msgs/share/rosbridge_msgs/cmake/export_rosbridge_msgs__rosidl_generator_cExport-noconfig.cmake
[1.123s] -- Up-to-date: /home/ros/nemo/install/rosbridge_msgs/share/rosbridge_msgs/cmake/export_rosbridge_msgs__rosidl_typesupport_fastrtps_cExport.cmake
[1.123s] -- Up-to-date: /home/ros/nemo/install/rosbridge_msgs/share/rosbridge_msgs/cmake/export_rosbridge_msgs__rosidl_typesupport_fastrtps_cExport-noconfig.cmake
[1.123s] -- Up-to-date: /home/ros/nemo/install/rosbridge_msgs/share/rosbridge_msgs/cmake/export_rosbridge_msgs__rosidl_generator_cppExport.cmake
[1.123s] -- Up-to-date: /home/ros/nemo/install/rosbridge_msgs/share/rosbridge_msgs/cmake/export_rosbridge_msgs__rosidl_typesupport_fastrtps_cppExport.cmake
[1.123s] -- Up-to-date: /home/ros/nemo/install/rosbridge_msgs/share/rosbridge_msgs/cmake/export_rosbridge_msgs__rosidl_typesupport_fastrtps_cppExport-noconfig.cmake
[1.123s] -- Up-to-date: /home/ros/nemo/install/rosbridge_msgs/share/rosbridge_msgs/cmake/rosbridge_msgs__rosidl_typesupport_introspection_cExport.cmake
[1.123s] -- Up-to-date: /home/ros/nemo/install/rosbridge_msgs/share/rosbridge_msgs/cmake/rosbridge_msgs__rosidl_typesupport_introspection_cExport-noconfig.cmake
[1.123s] -- Up-to-date: /home/ros/nemo/install/rosbridge_msgs/share/rosbridge_msgs/cmake/rosbridge_msgs__rosidl_typesupport_cExport.cmake
[1.123s] -- Up-to-date: /home/ros/nemo/install/rosbridge_msgs/share/rosbridge_msgs/cmake/rosbridge_msgs__rosidl_typesupport_cExport-noconfig.cmake
[1.124s] -- Up-to-date: /home/ros/nemo/install/rosbridge_msgs/share/rosbridge_msgs/cmake/rosbridge_msgs__rosidl_typesupport_introspection_cppExport.cmake
[1.124s] -- Up-to-date: /home/ros/nemo/install/rosbridge_msgs/share/rosbridge_msgs/cmake/rosbridge_msgs__rosidl_typesupport_introspection_cppExport-noconfig.cmake
[1.124s] -- Up-to-date: /home/ros/nemo/install/rosbridge_msgs/share/rosbridge_msgs/cmake/rosbridge_msgs__rosidl_typesupport_cppExport.cmake
[1.124s] -- Up-to-date: /home/ros/nemo/install/rosbridge_msgs/share/rosbridge_msgs/cmake/rosbridge_msgs__rosidl_typesupport_cppExport-noconfig.cmake
[1.124s] -- Up-to-date: /home/ros/nemo/install/rosbridge_msgs/share/rosbridge_msgs/cmake/export_rosbridge_msgs__rosidl_generator_pyExport.cmake
[1.124s] -- Up-to-date: /home/ros/nemo/install/rosbridge_msgs/share/rosbridge_msgs/cmake/export_rosbridge_msgs__rosidl_generator_pyExport-noconfig.cmake
[1.124s] -- Up-to-date: /home/ros/nemo/install/rosbridge_msgs/share/rosbridge_msgs/cmake/rosidl_cmake-extras.cmake
[1.124s] -- Up-to-date: /home/ros/nemo/install/rosbridge_msgs/share/rosbridge_msgs/cmake/ament_cmake_export_dependencies-extras.cmake
[1.124s] -- Up-to-date: /home/ros/nemo/install/rosbridge_msgs/share/rosbridge_msgs/cmake/ament_cmake_export_include_directories-extras.cmake
[1.125s] -- Up-to-date: /home/ros/nemo/install/rosbridge_msgs/share/rosbridge_msgs/cmake/ament_cmake_export_libraries-extras.cmake
[1.125s] -- Up-to-date: /home/ros/nemo/install/rosbridge_msgs/share/rosbridge_msgs/cmake/ament_cmake_export_targets-extras.cmake
[1.125s] -- Up-to-date: /home/ros/nemo/install/rosbridge_msgs/share/rosbridge_msgs/cmake/rosidl_cmake_export_typesupport_targets-extras.cmake
[1.125s] -- Up-to-date: /home/ros/nemo/install/rosbridge_msgs/share/rosbridge_msgs/cmake/rosidl_cmake_export_typesupport_libraries-extras.cmake
[1.125s] -- Up-to-date: /home/ros/nemo/install/rosbridge_msgs/share/rosbridge_msgs/cmake/rosbridge_msgsConfig.cmake
[1.125s] -- Up-to-date: /home/ros/nemo/install/rosbridge_msgs/share/rosbridge_msgs/cmake/rosbridge_msgsConfig-version.cmake
[1.125s] -- Up-to-date: /home/ros/nemo/install/rosbridge_msgs/share/rosbridge_msgs/package.xml
[1.132s] Invoked command in '/home/ros/nemo/build/rosbridge_msgs' returned '0': CMAKE_PREFIX_PATH=${CMAKE_PREFIX_PATH}:/home/ros/nemo/install/ros_tcp_endpoint:/home/ros/nemo/install/nemo_server:/opt/ros/humble /usr/bin/cmake --install /home/ros/nemo/build/rosbridge_msgs
