[0.014s] Invoking command in '/home/ros/nemo/build/rosbridge_suite': CMAKE_PREFIX_PATH=/home/ros/nemo/install/rosbridge_server:/home/ros/nemo/install/rosapi:/home/ros/nemo/install/rosbridge_library:/home/ros/nemo/install/rosbridge_msgs:/home/ros/nemo/install/rosapi_msgs:/home/ros/nemo/install/rosbridge_test_msgs:/home/ros/nemo/install/rosbridge_suite:/home/ros/nemo/install/ros_tcp_endpoint:/home/ros/nemo/install/nemo_server:/opt/ros/humble LD_LIBRARY_PATH=/home/ros/nemo/install/rosbridge_msgs/lib:/home/ros/nemo/install/rosapi_msgs/lib:/home/ros/nemo/install/rosbridge_test_msgs/lib:/opt/ros/humble/lib/x86_64-linux-gnu:/opt/ros/humble/lib /usr/bin/cmake --build /home/ros/nemo/build/rosbridge_suite -- -j4 -l4
[0.046s] Invoked command in '/home/ros/nemo/build/rosbridge_suite' returned '0': CMAKE_PREFIX_PATH=/home/ros/nemo/install/rosbridge_server:/home/ros/nemo/install/rosapi:/home/ros/nemo/install/rosbridge_library:/home/ros/nemo/install/rosbridge_msgs:/home/ros/nemo/install/rosapi_msgs:/home/ros/nemo/install/rosbridge_test_msgs:/home/ros/nemo/install/rosbridge_suite:/home/ros/nemo/install/ros_tcp_endpoint:/home/ros/nemo/install/nemo_server:/opt/ros/humble LD_LIBRARY_PATH=/home/ros/nemo/install/rosbridge_msgs/lib:/home/ros/nemo/install/rosapi_msgs/lib:/home/ros/nemo/install/rosbridge_test_msgs/lib:/opt/ros/humble/lib/x86_64-linux-gnu:/opt/ros/humble/lib /usr/bin/cmake --build /home/ros/nemo/build/rosbridge_suite -- -j4 -l4
[0.064s] Invoking command in '/home/ros/nemo/build/rosbridge_suite': CMAKE_PREFIX_PATH=/home/ros/nemo/install/rosbridge_server:/home/ros/nemo/install/rosapi:/home/ros/nemo/install/rosbridge_library:/home/ros/nemo/install/rosbridge_msgs:/home/ros/nemo/install/rosapi_msgs:/home/ros/nemo/install/rosbridge_test_msgs:/home/ros/nemo/install/rosbridge_suite:/home/ros/nemo/install/ros_tcp_endpoint:/home/ros/nemo/install/nemo_server:/opt/ros/humble LD_LIBRARY_PATH=/home/ros/nemo/install/rosbridge_msgs/lib:/home/ros/nemo/install/rosapi_msgs/lib:/home/ros/nemo/install/rosbridge_test_msgs/lib:/opt/ros/humble/lib/x86_64-linux-gnu:/opt/ros/humble/lib /usr/bin/cmake --install /home/ros/nemo/build/rosbridge_suite
[0.070s] -- Install configuration: ""
[0.071s] -- Up-to-date: /home/ros/nemo/install/rosbridge_suite/share/ament_index/resource_index/package_run_dependencies/rosbridge_suite
[0.071s] -- Up-to-date: /home/ros/nemo/install/rosbridge_suite/share/ament_index/resource_index/parent_prefix_path/rosbridge_suite
[0.071s] -- Up-to-date: /home/ros/nemo/install/rosbridge_suite/share/rosbridge_suite/environment/ament_prefix_path.sh
[0.071s] -- Up-to-date: /home/ros/nemo/install/rosbridge_suite/share/rosbridge_suite/environment/ament_prefix_path.dsv
[0.071s] -- Up-to-date: /home/ros/nemo/install/rosbridge_suite/share/rosbridge_suite/environment/path.sh
[0.071s] -- Up-to-date: /home/ros/nemo/install/rosbridge_suite/share/rosbridge_suite/environment/path.dsv
[0.071s] -- Up-to-date: /home/ros/nemo/install/rosbridge_suite/share/rosbridge_suite/local_setup.bash
[0.071s] -- Up-to-date: /home/ros/nemo/install/rosbridge_suite/share/rosbridge_suite/local_setup.sh
[0.071s] -- Up-to-date: /home/ros/nemo/install/rosbridge_suite/share/rosbridge_suite/local_setup.zsh
[0.071s] -- Up-to-date: /home/ros/nemo/install/rosbridge_suite/share/rosbridge_suite/local_setup.dsv
[0.071s] -- Up-to-date: /home/ros/nemo/install/rosbridge_suite/share/rosbridge_suite/package.dsv
[0.071s] -- Up-to-date: /home/ros/nemo/install/rosbridge_suite/share/ament_index/resource_index/packages/rosbridge_suite
[0.071s] -- Up-to-date: /home/ros/nemo/install/rosbridge_suite/share/rosbridge_suite/cmake/rosbridge_suiteConfig.cmake
[0.071s] -- Up-to-date: /home/ros/nemo/install/rosbridge_suite/share/rosbridge_suite/cmake/rosbridge_suiteConfig-version.cmake
[0.071s] -- Up-to-date: /home/ros/nemo/install/rosbridge_suite/share/rosbridge_suite/package.xml
[0.076s] Invoked command in '/home/ros/nemo/build/rosbridge_suite' returned '0': CMAKE_PREFIX_PATH=/home/ros/nemo/install/rosbridge_server:/home/ros/nemo/install/rosapi:/home/ros/nemo/install/rosbridge_library:/home/ros/nemo/install/rosbridge_msgs:/home/ros/nemo/install/rosapi_msgs:/home/ros/nemo/install/rosbridge_test_msgs:/home/ros/nemo/install/rosbridge_suite:/home/ros/nemo/install/ros_tcp_endpoint:/home/ros/nemo/install/nemo_server:/opt/ros/humble LD_LIBRARY_PATH=/home/ros/nemo/install/rosbridge_msgs/lib:/home/ros/nemo/install/rosapi_msgs/lib:/home/ros/nemo/install/rosbridge_test_msgs/lib:/opt/ros/humble/lib/x86_64-linux-gnu:/opt/ros/humble/lib /usr/bin/cmake --install /home/ros/nemo/build/rosbridge_suite
