[0.299s] DEBUG:colcon:Command line arguments: ['/usr/bin/colcon', 'build']
[0.299s] DEBUG:colcon:Parsed command line arguments: Namespace(log_base=None, log_level=None, verb_name='build', build_base='build', install_base='install', merge_install=False, symlink_install=False, test_result_base=None, continue_on_error=False, executor='parallel', parallel_workers=2, event_handlers=None, ignore_user_meta=False, metas=['./colcon.meta'], base_paths=['.'], packages_ignore=None, packages_ignore_regex=None, paths=None, packages_up_to=None, packages_up_to_regex=None, packages_above=None, packages_above_and_dependencies=None, packages_above_depth=None, packages_select_by_dep=None, packages_skip_by_dep=None, packages_skip_up_to=None, packages_select_build_failed=False, packages_skip_build_finished=False, packages_select_test_failures=False, packages_skip_test_passed=False, packages_select=None, packages_skip=None, packages_select_regex=None, packages_skip_regex=None, packages_start=None, packages_end=None, allow_overriding=[], ament_gradle_args=None, ament_gradle_task=None, cmake_args=None, cmake_target=None, cmake_target_skip_unavailable=False, cmake_clean_cache=False, cmake_clean_first=False, cmake_force_configure=False, gradle_args=None, gradle_task=None, ament_cmake_args=None, catkin_cmake_args=None, catkin_skip_building_tests=False, verb_parser=<colcon_defaults.argument_parser.defaults.DefaultArgumentsDecorator object at 0x7f7df8a11ab0>, verb_extension=<colcon_core.verb.build.BuildVerb object at 0x7f7df9376230>, main=<bound method BuildVerb.main of <colcon_core.verb.build.BuildVerb object at 0x7f7df9376230>>)
[0.326s] Level 1:colcon.colcon_core.package_discovery:discover_packages(colcon_meta) check parameters
[0.326s] Level 1:colcon.colcon_core.package_discovery:discover_packages(recursive) check parameters
[0.326s] Level 1:colcon.colcon_core.package_discovery:discover_packages(ignore) check parameters
[0.326s] Level 1:colcon.colcon_core.package_discovery:discover_packages(path) check parameters
[0.326s] Level 1:colcon.colcon_core.package_discovery:discover_packages(colcon_meta) discover
[0.326s] Level 1:colcon.colcon_core.package_discovery:discover_packages(recursive) discover
[0.326s] INFO:colcon.colcon_core.package_discovery:Crawling recursively for packages in '/home/ros/nemo'
[0.327s] Level 1:colcon.colcon_core.package_identification:_identify(.) by extensions ['ignore', 'ignore_ament_install']
[0.327s] Level 1:colcon.colcon_core.package_identification:_identify(.) by extension 'ignore'
[0.327s] Level 1:colcon.colcon_core.package_identification:_identify(.) by extension 'ignore_ament_install'
[0.327s] Level 1:colcon.colcon_core.package_identification:_identify(.) by extensions ['colcon_pkg']
[0.327s] Level 1:colcon.colcon_core.package_identification:_identify(.) by extension 'colcon_pkg'
[0.327s] Level 1:colcon.colcon_core.package_identification:_identify(.) by extensions ['colcon_meta']
[0.327s] Level 1:colcon.colcon_core.package_identification:_identify(.) by extension 'colcon_meta'
[0.327s] Level 1:colcon.colcon_core.package_identification:_identify(.) by extensions ['ament_gradle']
[0.327s] Level 1:colcon.colcon_core.package_identification:_identify(.) by extension 'ament_gradle'
[0.327s] Level 1:colcon.colcon_core.package_identification:_identify(.) by extensions ['ros']
[0.327s] Level 1:colcon.colcon_core.package_identification:_identify(.) by extension 'ros'
[0.338s] Level 1:colcon.colcon_core.package_identification:_identify(.) by extensions ['cmake', 'gradle', 'python']
[0.338s] Level 1:colcon.colcon_core.package_identification:_identify(.) by extension 'cmake'
[0.338s] Level 1:colcon.colcon_core.package_identification:_identify(.) by extension 'gradle'
[0.338s] Level 1:colcon.colcon_core.package_identification:_identify(.) by extension 'python'
[0.338s] Level 1:colcon.colcon_core.package_identification:_identify(.) by extensions ['python_setup_py']
[0.338s] Level 1:colcon.colcon_core.package_identification:_identify(.) by extension 'python_setup_py'
[0.338s] Level 1:colcon.colcon_core.package_identification:_identify(build) by extensions ['ignore', 'ignore_ament_install']
[0.338s] Level 1:colcon.colcon_core.package_identification:_identify(build) by extension 'ignore'
[0.338s] Level 1:colcon.colcon_core.package_identification:_identify(build) ignored
[0.338s] Level 1:colcon.colcon_core.package_identification:_identify(install) by extensions ['ignore', 'ignore_ament_install']
[0.338s] Level 1:colcon.colcon_core.package_identification:_identify(install) by extension 'ignore'
[0.338s] Level 1:colcon.colcon_core.package_identification:_identify(install) ignored
[0.338s] Level 1:colcon.colcon_core.package_identification:_identify(launch) by extensions ['ignore', 'ignore_ament_install']
[0.338s] Level 1:colcon.colcon_core.package_identification:_identify(launch) by extension 'ignore'
[0.338s] Level 1:colcon.colcon_core.package_identification:_identify(launch) by extension 'ignore_ament_install'
[0.338s] Level 1:colcon.colcon_core.package_identification:_identify(launch) by extensions ['colcon_pkg']
[0.339s] Level 1:colcon.colcon_core.package_identification:_identify(launch) by extension 'colcon_pkg'
[0.339s] Level 1:colcon.colcon_core.package_identification:_identify(launch) by extensions ['colcon_meta']
[0.339s] Level 1:colcon.colcon_core.package_identification:_identify(launch) by extension 'colcon_meta'
[0.339s] Level 1:colcon.colcon_core.package_identification:_identify(launch) by extensions ['ament_gradle']
[0.339s] Level 1:colcon.colcon_core.package_identification:_identify(launch) by extension 'ament_gradle'
[0.339s] Level 1:colcon.colcon_core.package_identification:_identify(launch) by extensions ['ros']
[0.339s] Level 1:colcon.colcon_core.package_identification:_identify(launch) by extension 'ros'
[0.339s] Level 1:colcon.colcon_core.package_identification:_identify(launch) by extensions ['cmake', 'gradle', 'python']
[0.339s] Level 1:colcon.colcon_core.package_identification:_identify(launch) by extension 'cmake'
[0.339s] Level 1:colcon.colcon_core.package_identification:_identify(launch) by extension 'gradle'
[0.339s] Level 1:colcon.colcon_core.package_identification:_identify(launch) by extension 'python'
[0.339s] Level 1:colcon.colcon_core.package_identification:_identify(launch) by extensions ['python_setup_py']
[0.339s] Level 1:colcon.colcon_core.package_identification:_identify(launch) by extension 'python_setup_py'
[0.339s] Level 1:colcon.colcon_core.package_identification:_identify(launch/__pycache__) by extensions ['ignore', 'ignore_ament_install']
[0.339s] Level 1:colcon.colcon_core.package_identification:_identify(launch/__pycache__) by extension 'ignore'
[0.339s] Level 1:colcon.colcon_core.package_identification:_identify(launch/__pycache__) by extension 'ignore_ament_install'
[0.339s] Level 1:colcon.colcon_core.package_identification:_identify(launch/__pycache__) by extensions ['colcon_pkg']
[0.339s] Level 1:colcon.colcon_core.package_identification:_identify(launch/__pycache__) by extension 'colcon_pkg'
[0.339s] Level 1:colcon.colcon_core.package_identification:_identify(launch/__pycache__) by extensions ['colcon_meta']
[0.339s] Level 1:colcon.colcon_core.package_identification:_identify(launch/__pycache__) by extension 'colcon_meta'
[0.339s] Level 1:colcon.colcon_core.package_identification:_identify(launch/__pycache__) by extensions ['ament_gradle']
[0.339s] Level 1:colcon.colcon_core.package_identification:_identify(launch/__pycache__) by extension 'ament_gradle'
[0.340s] Level 1:colcon.colcon_core.package_identification:_identify(launch/__pycache__) by extensions ['ros']
[0.340s] Level 1:colcon.colcon_core.package_identification:_identify(launch/__pycache__) by extension 'ros'
[0.340s] Level 1:colcon.colcon_core.package_identification:_identify(launch/__pycache__) by extensions ['cmake', 'gradle', 'python']
[0.340s] Level 1:colcon.colcon_core.package_identification:_identify(launch/__pycache__) by extension 'cmake'
[0.340s] Level 1:colcon.colcon_core.package_identification:_identify(launch/__pycache__) by extension 'gradle'
[0.340s] Level 1:colcon.colcon_core.package_identification:_identify(launch/__pycache__) by extension 'python'
[0.340s] Level 1:colcon.colcon_core.package_identification:_identify(launch/__pycache__) by extensions ['python_setup_py']
[0.340s] Level 1:colcon.colcon_core.package_identification:_identify(launch/__pycache__) by extension 'python_setup_py'
[0.340s] Level 1:colcon.colcon_core.package_identification:_identify(log) by extensions ['ignore', 'ignore_ament_install']
[0.340s] Level 1:colcon.colcon_core.package_identification:_identify(log) by extension 'ignore'
[0.340s] Level 1:colcon.colcon_core.package_identification:_identify(log) ignored
[0.340s] Level 1:colcon.colcon_core.package_identification:_identify(scripts) by extensions ['ignore', 'ignore_ament_install']
[0.340s] Level 1:colcon.colcon_core.package_identification:_identify(scripts) by extension 'ignore'
[0.340s] Level 1:colcon.colcon_core.package_identification:_identify(scripts) by extension 'ignore_ament_install'
[0.340s] Level 1:colcon.colcon_core.package_identification:_identify(scripts) by extensions ['colcon_pkg']
[0.340s] Level 1:colcon.colcon_core.package_identification:_identify(scripts) by extension 'colcon_pkg'
[0.340s] Level 1:colcon.colcon_core.package_identification:_identify(scripts) by extensions ['colcon_meta']
[0.340s] Level 1:colcon.colcon_core.package_identification:_identify(scripts) by extension 'colcon_meta'
[0.340s] Level 1:colcon.colcon_core.package_identification:_identify(scripts) by extensions ['ament_gradle']
[0.340s] Level 1:colcon.colcon_core.package_identification:_identify(scripts) by extension 'ament_gradle'
[0.341s] Level 1:colcon.colcon_core.package_identification:_identify(scripts) by extensions ['ros']
[0.341s] Level 1:colcon.colcon_core.package_identification:_identify(scripts) by extension 'ros'
[0.341s] Level 1:colcon.colcon_core.package_identification:_identify(scripts) by extensions ['cmake', 'gradle', 'python']
[0.341s] Level 1:colcon.colcon_core.package_identification:_identify(scripts) by extension 'cmake'
[0.341s] Level 1:colcon.colcon_core.package_identification:_identify(scripts) by extension 'gradle'
[0.341s] Level 1:colcon.colcon_core.package_identification:_identify(scripts) by extension 'python'
[0.341s] Level 1:colcon.colcon_core.package_identification:_identify(scripts) by extensions ['python_setup_py']
[0.341s] Level 1:colcon.colcon_core.package_identification:_identify(scripts) by extension 'python_setup_py'
[0.341s] Level 1:colcon.colcon_core.package_identification:_identify(scripts/movement) by extensions ['ignore', 'ignore_ament_install']
[0.341s] Level 1:colcon.colcon_core.package_identification:_identify(scripts/movement) by extension 'ignore'
[0.341s] Level 1:colcon.colcon_core.package_identification:_identify(scripts/movement) by extension 'ignore_ament_install'
[0.341s] Level 1:colcon.colcon_core.package_identification:_identify(scripts/movement) by extensions ['colcon_pkg']
[0.341s] Level 1:colcon.colcon_core.package_identification:_identify(scripts/movement) by extension 'colcon_pkg'
[0.341s] Level 1:colcon.colcon_core.package_identification:_identify(scripts/movement) by extensions ['colcon_meta']
[0.341s] Level 1:colcon.colcon_core.package_identification:_identify(scripts/movement) by extension 'colcon_meta'
[0.341s] Level 1:colcon.colcon_core.package_identification:_identify(scripts/movement) by extensions ['ament_gradle']
[0.341s] Level 1:colcon.colcon_core.package_identification:_identify(scripts/movement) by extension 'ament_gradle'
[0.341s] Level 1:colcon.colcon_core.package_identification:_identify(scripts/movement) by extensions ['ros']
[0.341s] Level 1:colcon.colcon_core.package_identification:_identify(scripts/movement) by extension 'ros'
[0.341s] Level 1:colcon.colcon_core.package_identification:_identify(scripts/movement) by extensions ['cmake', 'gradle', 'python']
[0.341s] Level 1:colcon.colcon_core.package_identification:_identify(scripts/movement) by extension 'cmake'
[0.341s] Level 1:colcon.colcon_core.package_identification:_identify(scripts/movement) by extension 'gradle'
[0.341s] Level 1:colcon.colcon_core.package_identification:_identify(scripts/movement) by extension 'python'
[0.342s] Level 1:colcon.colcon_core.package_identification:_identify(scripts/movement) by extensions ['python_setup_py']
[0.342s] Level 1:colcon.colcon_core.package_identification:_identify(scripts/movement) by extension 'python_setup_py'
[0.342s] Level 1:colcon.colcon_core.package_identification:_identify(src) by extensions ['ignore', 'ignore_ament_install']
[0.342s] Level 1:colcon.colcon_core.package_identification:_identify(src) by extension 'ignore'
[0.342s] Level 1:colcon.colcon_core.package_identification:_identify(src) by extension 'ignore_ament_install'
[0.342s] Level 1:colcon.colcon_core.package_identification:_identify(src) by extensions ['colcon_pkg']
[0.342s] Level 1:colcon.colcon_core.package_identification:_identify(src) by extension 'colcon_pkg'
[0.342s] Level 1:colcon.colcon_core.package_identification:_identify(src) by extensions ['colcon_meta']
[0.342s] Level 1:colcon.colcon_core.package_identification:_identify(src) by extension 'colcon_meta'
[0.342s] Level 1:colcon.colcon_core.package_identification:_identify(src) by extensions ['ament_gradle']
[0.342s] Level 1:colcon.colcon_core.package_identification:_identify(src) by extension 'ament_gradle'
[0.342s] Level 1:colcon.colcon_core.package_identification:_identify(src) by extensions ['ros']
[0.342s] Level 1:colcon.colcon_core.package_identification:_identify(src) by extension 'ros'
[0.342s] Level 1:colcon.colcon_core.package_identification:_identify(src) by extensions ['cmake', 'gradle', 'python']
[0.342s] Level 1:colcon.colcon_core.package_identification:_identify(src) by extension 'cmake'
[0.342s] Level 1:colcon.colcon_core.package_identification:_identify(src) by extension 'gradle'
[0.342s] Level 1:colcon.colcon_core.package_identification:_identify(src) by extension 'python'
[0.342s] Level 1:colcon.colcon_core.package_identification:_identify(src) by extensions ['python_setup_py']
[0.342s] Level 1:colcon.colcon_core.package_identification:_identify(src) by extension 'python_setup_py'
[0.342s] Level 1:colcon.colcon_core.package_identification:_identify(src/nemo_server) by extensions ['ignore', 'ignore_ament_install']
[0.342s] Level 1:colcon.colcon_core.package_identification:_identify(src/nemo_server) by extension 'ignore'
[0.343s] Level 1:colcon.colcon_core.package_identification:_identify(src/nemo_server) by extension 'ignore_ament_install'
[0.343s] Level 1:colcon.colcon_core.package_identification:_identify(src/nemo_server) by extensions ['colcon_pkg']
[0.343s] Level 1:colcon.colcon_core.package_identification:_identify(src/nemo_server) by extension 'colcon_pkg'
[0.343s] Level 1:colcon.colcon_core.package_identification:_identify(src/nemo_server) by extensions ['colcon_meta']
[0.343s] Level 1:colcon.colcon_core.package_identification:_identify(src/nemo_server) by extension 'colcon_meta'
[0.343s] Level 1:colcon.colcon_core.package_identification:_identify(src/nemo_server) by extensions ['ament_gradle']
[0.343s] Level 1:colcon.colcon_core.package_identification:_identify(src/nemo_server) by extension 'ament_gradle'
[0.343s] Level 1:colcon.colcon_core.package_identification:_identify(src/nemo_server) by extensions ['ros']
[0.343s] Level 1:colcon.colcon_core.package_identification:_identify(src/nemo_server) by extension 'ros'
[0.345s] DEBUG:colcon.colcon_core.package_identification:Package 'src/nemo_server' with type 'ros.ament_python' and name 'nemo_server'
[0.345s] Level 1:colcon.colcon_core.package_identification:_identify(src/ros_tcp_endpoint) by extensions ['ignore', 'ignore_ament_install']
[0.345s] Level 1:colcon.colcon_core.package_identification:_identify(src/ros_tcp_endpoint) by extension 'ignore'
[0.345s] Level 1:colcon.colcon_core.package_identification:_identify(src/ros_tcp_endpoint) by extension 'ignore_ament_install'
[0.345s] Level 1:colcon.colcon_core.package_identification:_identify(src/ros_tcp_endpoint) by extensions ['colcon_pkg']
[0.345s] Level 1:colcon.colcon_core.package_identification:_identify(src/ros_tcp_endpoint) by extension 'colcon_pkg'
[0.345s] Level 1:colcon.colcon_core.package_identification:_identify(src/ros_tcp_endpoint) by extensions ['colcon_meta']
[0.346s] Level 1:colcon.colcon_core.package_identification:_identify(src/ros_tcp_endpoint) by extension 'colcon_meta'
[0.346s] Level 1:colcon.colcon_core.package_identification:_identify(src/ros_tcp_endpoint) by extensions ['ament_gradle']
[0.346s] Level 1:colcon.colcon_core.package_identification:_identify(src/ros_tcp_endpoint) by extension 'ament_gradle'
[0.346s] Level 1:colcon.colcon_core.package_identification:_identify(src/ros_tcp_endpoint) by extensions ['ros']
[0.346s] Level 1:colcon.colcon_core.package_identification:_identify(src/ros_tcp_endpoint) by extension 'ros'
[0.346s] DEBUG:colcon.colcon_core.package_identification:Package 'src/ros_tcp_endpoint' with type 'ros.ament_python' and name 'ros_tcp_endpoint'
[0.346s] Level 1:colcon.colcon_core.package_discovery:discover_packages(recursive) using defaults
[0.346s] Level 1:colcon.colcon_core.package_discovery:discover_packages(ignore) discover
[0.346s] Level 1:colcon.colcon_core.package_discovery:discover_packages(ignore) using defaults
[0.346s] Level 1:colcon.colcon_core.package_discovery:discover_packages(path) discover
[0.346s] Level 1:colcon.colcon_core.package_discovery:discover_packages(path) using defaults
[0.369s] Level 1:colcon.colcon_core.package_discovery:discover_packages(prefix_path) check parameters
[0.369s] Level 1:colcon.colcon_core.package_discovery:discover_packages(prefix_path) discover
[0.370s] WARNING:colcon.colcon_ros.prefix_path.ament:The path '/home/ros/ros_ws/install/rcljava_examples' in the environment variable AMENT_PREFIX_PATH doesn't exist
[0.370s] WARNING:colcon.colcon_ros.prefix_path.ament:The path '/home/ros/nemo/install/examples_rclpy_minimal_service' in the environment variable AMENT_PREFIX_PATH doesn't exist
[0.370s] WARNING:colcon.colcon_ros.prefix_path.ament:The path '/home/ros/nemo/install/examples_rclpy_minimal_client' in the environment variable AMENT_PREFIX_PATH doesn't exist
[0.370s] WARNING:colcon.colcon_ros.prefix_path.ament:The path '/home/ros/nemo/install/examples_rclpy_minimal_action_server' in the environment variable AMENT_PREFIX_PATH doesn't exist
[0.370s] WARNING:colcon.colcon_ros.prefix_path.ament:The path '/home/ros/nemo/install/examples_rclpy_minimal_action_client' in the environment variable AMENT_PREFIX_PATH doesn't exist
[0.370s] WARNING:colcon.colcon_ros.prefix_path.ament:The path '/home/ros/nemo/install/examples_rclcpp_wait_set' in the environment variable AMENT_PREFIX_PATH doesn't exist
[0.370s] WARNING:colcon.colcon_ros.prefix_path.ament:The path '/home/ros/nemo/install/examples_rclcpp_minimal_service' in the environment variable AMENT_PREFIX_PATH doesn't exist
[0.370s] WARNING:colcon.colcon_ros.prefix_path.ament:The path '/home/ros/nemo/install/examples_rclcpp_minimal_client' in the environment variable AMENT_PREFIX_PATH doesn't exist
[0.370s] WARNING:colcon.colcon_ros.prefix_path.ament:The path '/home/ros/nemo/install/examples_rclcpp_minimal_action_server' in the environment variable AMENT_PREFIX_PATH doesn't exist
[0.371s] WARNING:colcon.colcon_ros.prefix_path.ament:The path '/home/ros/nemo/install/examples_rclcpp_minimal_action_client' in the environment variable AMENT_PREFIX_PATH doesn't exist
[0.371s] WARNING:colcon.colcon_ros.prefix_path.ament:The path '/home/ros/nemo/install/examples_rclpy_pointcloud_publisher' in the environment variable AMENT_PREFIX_PATH doesn't exist
[0.371s] WARNING:colcon.colcon_ros.prefix_path.ament:The path '/home/ros/nemo/install/sensor_msgs_py' in the environment variable AMENT_PREFIX_PATH doesn't exist
[0.371s] WARNING:colcon.colcon_ros.prefix_path.ament:The path '/home/ros/nemo/install/examples_rclpy_minimal_subscriber' in the environment variable AMENT_PREFIX_PATH doesn't exist
[0.371s] WARNING:colcon.colcon_ros.prefix_path.ament:The path '/home/ros/nemo/install/examples_rclpy_minimal_publisher' in the environment variable AMENT_PREFIX_PATH doesn't exist
[0.371s] WARNING:colcon.colcon_ros.prefix_path.ament:The path '/home/ros/nemo/install/examples_rclpy_executors' in the environment variable AMENT_PREFIX_PATH doesn't exist
[0.371s] WARNING:colcon.colcon_ros.prefix_path.ament:The path '/home/ros/nemo/install/examples_rclcpp_multithreaded_executor' in the environment variable AMENT_PREFIX_PATH doesn't exist
[0.371s] WARNING:colcon.colcon_ros.prefix_path.ament:The path '/home/ros/nemo/install/examples_rclcpp_minimal_subscriber' in the environment variable AMENT_PREFIX_PATH doesn't exist
[0.371s] WARNING:colcon.colcon_ros.prefix_path.ament:The path '/home/ros/nemo/install/examples_rclcpp_minimal_publisher' in the environment variable AMENT_PREFIX_PATH doesn't exist
[0.371s] WARNING:colcon.colcon_ros.prefix_path.ament:The path '/home/ros/nemo/install/examples_rclcpp_minimal_composition' in the environment variable AMENT_PREFIX_PATH doesn't exist
[0.371s] WARNING:colcon.colcon_ros.prefix_path.ament:The path '/home/ros/nemo/install/ros_tcp_endpoint' in the environment variable AMENT_PREFIX_PATH doesn't exist
[0.372s] WARNING:colcon.colcon_ros.prefix_path.ament:The path '/home/ros/nemo/install/nemo_server' in the environment variable AMENT_PREFIX_PATH doesn't exist
[0.372s] WARNING:colcon.colcon_ros.prefix_path.ament:The path '/home/ros/nemo/install/launch_testing_examples' in the environment variable AMENT_PREFIX_PATH doesn't exist
[0.372s] WARNING:colcon.colcon_ros.prefix_path.ament:The path '/home/ros/nemo/install/examples_rclpy_guard_conditions' in the environment variable AMENT_PREFIX_PATH doesn't exist
[0.372s] WARNING:colcon.colcon_ros.prefix_path.ament:The path '/home/ros/nemo/install/examples_rclcpp_minimal_timer' in the environment variable AMENT_PREFIX_PATH doesn't exist
[0.372s] WARNING:colcon.colcon_ros.prefix_path.ament:The path '/home/ros/nemo/install/ament_build_type_gradle' in the environment variable AMENT_PREFIX_PATH doesn't exist
[0.372s] WARNING:colcon.colcon_ros.prefix_path.catkin:The path '/home/ros/nemo/install/common_interfaces' in the environment variable CMAKE_PREFIX_PATH doesn't exist
[0.372s] WARNING:colcon.colcon_ros.prefix_path.catkin:The path '/home/ros/nemo/install/visualization_msgs' in the environment variable CMAKE_PREFIX_PATH doesn't exist
[0.372s] WARNING:colcon.colcon_ros.prefix_path.catkin:The path '/home/ros/nemo/install/test_msgs' in the environment variable CMAKE_PREFIX_PATH doesn't exist
[0.372s] WARNING:colcon.colcon_ros.prefix_path.catkin:The path '/home/ros/nemo/install/examples_rclcpp_wait_set' in the environment variable CMAKE_PREFIX_PATH doesn't exist
[0.372s] WARNING:colcon.colcon_ros.prefix_path.catkin:The path '/home/ros/nemo/install/examples_rclcpp_minimal_service' in the environment variable CMAKE_PREFIX_PATH doesn't exist
[0.372s] WARNING:colcon.colcon_ros.prefix_path.catkin:The path '/home/ros/nemo/install/examples_rclcpp_minimal_client' in the environment variable CMAKE_PREFIX_PATH doesn't exist
[0.372s] WARNING:colcon.colcon_ros.prefix_path.catkin:The path '/home/ros/nemo/install/examples_rclcpp_minimal_action_server' in the environment variable CMAKE_PREFIX_PATH doesn't exist
[0.372s] WARNING:colcon.colcon_ros.prefix_path.catkin:The path '/home/ros/nemo/install/examples_rclcpp_minimal_action_client' in the environment variable CMAKE_PREFIX_PATH doesn't exist
[0.372s] WARNING:colcon.colcon_ros.prefix_path.catkin:The path '/home/ros/nemo/install/examples_rclcpp_async_client' in the environment variable CMAKE_PREFIX_PATH doesn't exist
[0.372s] WARNING:colcon.colcon_ros.prefix_path.catkin:The path '/home/ros/nemo/install/example_interfaces' in the environment variable CMAKE_PREFIX_PATH doesn't exist
[0.373s] WARNING:colcon.colcon_ros.prefix_path.catkin:The path '/home/ros/nemo/install/action_msgs' in the environment variable CMAKE_PREFIX_PATH doesn't exist
[0.373s] WARNING:colcon.colcon_ros.prefix_path.catkin:The path '/home/ros/nemo/install/unique_identifier_msgs' in the environment variable CMAKE_PREFIX_PATH doesn't exist
[0.373s] WARNING:colcon.colcon_ros.prefix_path.catkin:The path '/home/ros/nemo/install/trajectory_msgs' in the environment variable CMAKE_PREFIX_PATH doesn't exist
[0.373s] WARNING:colcon.colcon_ros.prefix_path.catkin:The path '/home/ros/nemo/install/stereo_msgs' in the environment variable CMAKE_PREFIX_PATH doesn't exist
[0.373s] WARNING:colcon.colcon_ros.prefix_path.catkin:The path '/home/ros/nemo/install/std_srvs' in the environment variable CMAKE_PREFIX_PATH doesn't exist
[0.373s] WARNING:colcon.colcon_ros.prefix_path.catkin:The path '/home/ros/nemo/install/shape_msgs' in the environment variable CMAKE_PREFIX_PATH doesn't exist
[0.373s] WARNING:colcon.colcon_ros.prefix_path.catkin:The path '/home/ros/nemo/install/sensor_msgs' in the environment variable CMAKE_PREFIX_PATH doesn't exist
[0.373s] WARNING:colcon.colcon_ros.prefix_path.catkin:The path '/home/ros/nemo/install/nav_msgs' in the environment variable CMAKE_PREFIX_PATH doesn't exist
[0.373s] WARNING:colcon.colcon_ros.prefix_path.catkin:The path '/home/ros/nemo/install/diagnostic_msgs' in the environment variable CMAKE_PREFIX_PATH doesn't exist
[0.373s] WARNING:colcon.colcon_ros.prefix_path.catkin:The path '/home/ros/nemo/install/geometry_msgs' in the environment variable CMAKE_PREFIX_PATH doesn't exist
[0.373s] WARNING:colcon.colcon_ros.prefix_path.catkin:The path '/home/ros/nemo/install/examples_rclcpp_multithreaded_executor' in the environment variable CMAKE_PREFIX_PATH doesn't exist
[0.373s] WARNING:colcon.colcon_ros.prefix_path.catkin:The path '/home/ros/nemo/install/examples_rclcpp_minimal_subscriber' in the environment variable CMAKE_PREFIX_PATH doesn't exist
[0.373s] WARNING:colcon.colcon_ros.prefix_path.catkin:The path '/home/ros/nemo/install/examples_rclcpp_minimal_publisher' in the environment variable CMAKE_PREFIX_PATH doesn't exist
[0.373s] WARNING:colcon.colcon_ros.prefix_path.catkin:The path '/home/ros/nemo/install/examples_rclcpp_minimal_composition' in the environment variable CMAKE_PREFIX_PATH doesn't exist
[0.373s] WARNING:colcon.colcon_ros.prefix_path.catkin:The path '/home/ros/nemo/install/examples_rclcpp_cbg_executor' in the environment variable CMAKE_PREFIX_PATH doesn't exist
[0.373s] WARNING:colcon.colcon_ros.prefix_path.catkin:The path '/home/ros/nemo/install/actionlib_msgs' in the environment variable CMAKE_PREFIX_PATH doesn't exist
[0.373s] WARNING:colcon.colcon_ros.prefix_path.catkin:The path '/home/ros/nemo/install/std_msgs' in the environment variable CMAKE_PREFIX_PATH doesn't exist
[0.374s] WARNING:colcon.colcon_ros.prefix_path.catkin:The path '/home/ros/nemo/install/statistics_msgs' in the environment variable CMAKE_PREFIX_PATH doesn't exist
[0.374s] WARNING:colcon.colcon_ros.prefix_path.catkin:The path '/home/ros/nemo/install/rosgraph_msgs' in the environment variable CMAKE_PREFIX_PATH doesn't exist
[0.374s] WARNING:colcon.colcon_ros.prefix_path.catkin:The path '/home/ros/nemo/install/rcljava' in the environment variable CMAKE_PREFIX_PATH doesn't exist
[0.374s] WARNING:colcon.colcon_ros.prefix_path.catkin:The path '/home/ros/nemo/install/composition_interfaces' in the environment variable CMAKE_PREFIX_PATH doesn't exist
[0.374s] WARNING:colcon.colcon_ros.prefix_path.catkin:The path '/home/ros/nemo/install/rcl_interfaces' in the environment variable CMAKE_PREFIX_PATH doesn't exist
[0.374s] WARNING:colcon.colcon_ros.prefix_path.catkin:The path '/home/ros/nemo/install/lifecycle_msgs' in the environment variable CMAKE_PREFIX_PATH doesn't exist
[0.374s] WARNING:colcon.colcon_ros.prefix_path.catkin:The path '/home/ros/nemo/install/builtin_interfaces' in the environment variable CMAKE_PREFIX_PATH doesn't exist
[0.374s] WARNING:colcon.colcon_ros.prefix_path.catkin:The path '/home/ros/nemo/install/rosidl_default_runtime' in the environment variable CMAKE_PREFIX_PATH doesn't exist
[0.374s] WARNING:colcon.colcon_ros.prefix_path.catkin:The path '/home/ros/nemo/install/rosidl_default_generators' in the environment variable CMAKE_PREFIX_PATH doesn't exist
[0.374s] WARNING:colcon.colcon_ros.prefix_path.catkin:The path '/home/ros/nemo/install/rosidl_generator_java' in the environment variable CMAKE_PREFIX_PATH doesn't exist
[0.374s] WARNING:colcon.colcon_ros.prefix_path.catkin:The path '/home/ros/nemo/install/rcljava_common' in the environment variable CMAKE_PREFIX_PATH doesn't exist
[0.374s] WARNING:colcon.colcon_ros.prefix_path.catkin:The path '/home/ros/nemo/install/examples_rclcpp_minimal_timer' in the environment variable CMAKE_PREFIX_PATH doesn't exist
[0.374s] WARNING:colcon.colcon_ros.prefix_path.catkin:The path '/home/ros/nemo/install/ament_cmake_export_jni_libraries' in the environment variable CMAKE_PREFIX_PATH doesn't exist
[0.374s] WARNING:colcon.colcon_ros.prefix_path.catkin:The path '/home/ros/nemo/install/ament_cmake_export_jars' in the environment variable CMAKE_PREFIX_PATH doesn't exist
[0.374s] WARNING:colcon.colcon_ros.prefix_path.catkin:The path '/home/ros/nemo/install/ament_java_resources' in the environment variable CMAKE_PREFIX_PATH doesn't exist
[0.376s] DEBUG:colcon.colcon_installed_package_information.package_discovery:Found 0 installed packages in /home/ros/nemo/install
[0.378s] DEBUG:colcon.colcon_installed_package_information.package_discovery:Found 187 installed packages in /opt/ros/humble
[0.380s] Level 1:colcon.colcon_core.package_discovery:discover_packages(prefix_path) using defaults
[0.421s] Level 5:colcon.colcon_core.verb:set package 'nemo_server' build argument 'ament_gradle_args' from command line to 'None'
[0.421s] Level 5:colcon.colcon_core.verb:set package 'nemo_server' build argument 'ament_gradle_task' from command line to 'None'
[0.421s] Level 5:colcon.colcon_core.verb:set package 'nemo_server' build argument 'cmake_args' from command line to 'None'
[0.421s] Level 5:colcon.colcon_core.verb:set package 'nemo_server' build argument 'cmake_target' from command line to 'None'
[0.421s] Level 5:colcon.colcon_core.verb:set package 'nemo_server' build argument 'cmake_target_skip_unavailable' from command line to 'False'
[0.421s] Level 5:colcon.colcon_core.verb:set package 'nemo_server' build argument 'cmake_clean_cache' from command line to 'False'
[0.421s] Level 5:colcon.colcon_core.verb:set package 'nemo_server' build argument 'cmake_clean_first' from command line to 'False'
[0.421s] Level 5:colcon.colcon_core.verb:set package 'nemo_server' build argument 'cmake_force_configure' from command line to 'False'
[0.421s] Level 5:colcon.colcon_core.verb:set package 'nemo_server' build argument 'gradle_args' from command line to 'None'
[0.421s] Level 5:colcon.colcon_core.verb:set package 'nemo_server' build argument 'gradle_task' from command line to 'None'
[0.421s] Level 5:colcon.colcon_core.verb:set package 'nemo_server' build argument 'ament_cmake_args' from command line to 'None'
[0.421s] Level 5:colcon.colcon_core.verb:set package 'nemo_server' build argument 'catkin_cmake_args' from command line to 'None'
[0.421s] Level 5:colcon.colcon_core.verb:set package 'nemo_server' build argument 'catkin_skip_building_tests' from command line to 'False'
[0.421s] DEBUG:colcon.colcon_core.verb:Building package 'nemo_server' with the following arguments: {'ament_cmake_args': None, 'ament_gradle_args': None, 'ament_gradle_task': None, 'build_base': '/home/ros/nemo/build/nemo_server', 'catkin_cmake_args': None, 'catkin_skip_building_tests': False, 'cmake_args': None, 'cmake_clean_cache': False, 'cmake_clean_first': False, 'cmake_force_configure': False, 'cmake_target': None, 'cmake_target_skip_unavailable': False, 'gradle_args': None, 'gradle_task': None, 'install_base': '/home/ros/nemo/install/nemo_server', 'merge_install': False, 'path': '/home/ros/nemo/src/nemo_server', 'symlink_install': False, 'test_result_base': None}
[0.423s] Level 5:colcon.colcon_core.verb:set package 'ros_tcp_endpoint' build argument 'ament_gradle_args' from command line to 'None'
[0.423s] Level 5:colcon.colcon_core.verb:set package 'ros_tcp_endpoint' build argument 'ament_gradle_task' from command line to 'None'
[0.423s] Level 5:colcon.colcon_core.verb:set package 'ros_tcp_endpoint' build argument 'cmake_args' from command line to 'None'
[0.423s] Level 5:colcon.colcon_core.verb:set package 'ros_tcp_endpoint' build argument 'cmake_target' from command line to 'None'
[0.423s] Level 5:colcon.colcon_core.verb:set package 'ros_tcp_endpoint' build argument 'cmake_target_skip_unavailable' from command line to 'False'
[0.423s] Level 5:colcon.colcon_core.verb:set package 'ros_tcp_endpoint' build argument 'cmake_clean_cache' from command line to 'False'
[0.423s] Level 5:colcon.colcon_core.verb:set package 'ros_tcp_endpoint' build argument 'cmake_clean_first' from command line to 'False'
[0.423s] Level 5:colcon.colcon_core.verb:set package 'ros_tcp_endpoint' build argument 'cmake_force_configure' from command line to 'False'
[0.423s] Level 5:colcon.colcon_core.verb:set package 'ros_tcp_endpoint' build argument 'gradle_args' from command line to 'None'
[0.423s] Level 5:colcon.colcon_core.verb:set package 'ros_tcp_endpoint' build argument 'gradle_task' from command line to 'None'
[0.423s] Level 5:colcon.colcon_core.verb:set package 'ros_tcp_endpoint' build argument 'ament_cmake_args' from command line to 'None'
[0.423s] Level 5:colcon.colcon_core.verb:set package 'ros_tcp_endpoint' build argument 'catkin_cmake_args' from command line to 'None'
[0.423s] Level 5:colcon.colcon_core.verb:set package 'ros_tcp_endpoint' build argument 'catkin_skip_building_tests' from command line to 'False'
[0.423s] DEBUG:colcon.colcon_core.verb:Building package 'ros_tcp_endpoint' with the following arguments: {'ament_cmake_args': None, 'ament_gradle_args': None, 'ament_gradle_task': None, 'build_base': '/home/ros/nemo/build/ros_tcp_endpoint', 'catkin_cmake_args': None, 'catkin_skip_building_tests': False, 'cmake_args': None, 'cmake_clean_cache': False, 'cmake_clean_first': False, 'cmake_force_configure': False, 'cmake_target': None, 'cmake_target_skip_unavailable': False, 'gradle_args': None, 'gradle_task': None, 'install_base': '/home/ros/nemo/install/ros_tcp_endpoint', 'merge_install': False, 'path': '/home/ros/nemo/src/ros_tcp_endpoint', 'symlink_install': False, 'test_result_base': None}
[0.424s] INFO:colcon.colcon_core.executor:Executing jobs using 'parallel' executor
[0.427s] DEBUG:colcon.colcon_parallel_executor.executor.parallel:run_until_complete
[0.427s] INFO:colcon.colcon_ros.task.ament_python.build:Building ROS package in '/home/ros/nemo/src/nemo_server' with build type 'ament_python'
[0.428s] Level 1:colcon.colcon_core.shell:create_environment_hook('nemo_server', 'ament_prefix_path')
[0.433s] INFO:colcon.colcon_core.plugin_system:Skipping extension 'colcon_core.shell.bat': Not used on non-Windows systems
[0.433s] INFO:colcon.colcon_core.shell:Creating environment hook '/home/ros/nemo/install/nemo_server/share/nemo_server/hook/ament_prefix_path.ps1'
[0.433s] INFO:colcon.colcon_core.shell:Creating environment descriptor '/home/ros/nemo/install/nemo_server/share/nemo_server/hook/ament_prefix_path.dsv'
[0.434s] INFO:colcon.colcon_core.shell:Creating environment hook '/home/ros/nemo/install/nemo_server/share/nemo_server/hook/ament_prefix_path.sh'
[0.435s] INFO:colcon.colcon_core.shell:Skip shell extension 'powershell' for command environment: Not usable outside of PowerShell
[0.435s] DEBUG:colcon.colcon_core.shell:Skip shell extension 'dsv' for command environment
[0.440s] INFO:colcon.colcon_ros.task.ament_python.build:Building ROS package in '/home/ros/nemo/src/ros_tcp_endpoint' with build type 'ament_python'
[0.440s] Level 1:colcon.colcon_core.shell:create_environment_hook('ros_tcp_endpoint', 'ament_prefix_path')
[0.442s] INFO:colcon.colcon_core.shell:Creating environment hook '/home/ros/nemo/install/ros_tcp_endpoint/share/ros_tcp_endpoint/hook/ament_prefix_path.ps1'
[0.442s] INFO:colcon.colcon_core.shell:Creating environment descriptor '/home/ros/nemo/install/ros_tcp_endpoint/share/ros_tcp_endpoint/hook/ament_prefix_path.dsv'
[0.443s] INFO:colcon.colcon_core.shell:Creating environment hook '/home/ros/nemo/install/ros_tcp_endpoint/share/ros_tcp_endpoint/hook/ament_prefix_path.sh'
[0.444s] INFO:colcon.colcon_core.shell:Skip shell extension 'powershell' for command environment: Not usable outside of PowerShell
[0.444s] DEBUG:colcon.colcon_core.shell:Skip shell extension 'dsv' for command environment
[0.642s] INFO:colcon.colcon_core.task.python.build:Building Python package in '/home/ros/nemo/src/nemo_server'
[0.644s] INFO:colcon.colcon_core.shell:Skip shell extension 'powershell' for command environment: Not usable outside of PowerShell
[0.644s] DEBUG:colcon.colcon_core.shell:Skip shell extension 'dsv' for command environment
[0.842s] INFO:colcon.colcon_core.task.python.build:Building Python package in '/home/ros/nemo/src/ros_tcp_endpoint'
[0.843s] INFO:colcon.colcon_core.shell:Skip shell extension 'powershell' for command environment: Not usable outside of PowerShell
[0.843s] DEBUG:colcon.colcon_core.shell:Skip shell extension 'dsv' for command environment
[1.255s] DEBUG:colcon.colcon_core.event_handler.log_command:Invoking command in '/home/ros/nemo/src/nemo_server': PYTHONPATH=/home/ros/nemo/build/nemo_server/prefix_override:/home/ros/nemo/install/nemo_server/lib/python3.10/site-packages:${PYTHONPATH} /usr/bin/python3 setup.py egg_info --egg-base ../../build/nemo_server build --build-base /home/ros/nemo/build/nemo_server/build install --record /home/ros/nemo/build/nemo_server/install.log --single-version-externally-managed
[1.258s] DEBUG:colcon.colcon_core.event_handler.log_command:Invoking command in '/home/ros/nemo/src/ros_tcp_endpoint': PYTHONPATH=/home/ros/nemo/build/ros_tcp_endpoint/prefix_override:/home/ros/nemo/install/ros_tcp_endpoint/lib/python3.10/site-packages:${PYTHONPATH} /usr/bin/python3 setup.py egg_info --egg-base ../../build/ros_tcp_endpoint build --build-base /home/ros/nemo/build/ros_tcp_endpoint/build install --record /home/ros/nemo/build/ros_tcp_endpoint/install.log --install-scripts $base/lib/ros_tcp_endpoint --single-version-externally-managed
[1.633s] Level 1:colcon.colcon_core.environment:checking '/home/ros/nemo/install/nemo_server' for CMake module files
[1.633s] Level 1:colcon.colcon_core.environment:checking '/home/ros/nemo/install/nemo_server' for CMake config files
[1.634s] Level 1:colcon.colcon_core.environment:checking '/home/ros/nemo/install/nemo_server/lib'
[1.634s] Level 1:colcon.colcon_core.environment:checking '/home/ros/nemo/install/nemo_server/bin'
[1.635s] Level 1:colcon.colcon_core.environment:checking '/home/ros/nemo/install/nemo_server/lib/pkgconfig/nemo_server.pc'
[1.635s] Level 1:colcon.colcon_core.environment:checking '/home/ros/nemo/install/nemo_server/lib/python3.10/site-packages'
[1.635s] Level 1:colcon.colcon_core.shell:create_environment_hook('nemo_server', 'pythonpath')
[1.637s] INFO:colcon.colcon_core.shell:Creating environment hook '/home/ros/nemo/install/nemo_server/share/nemo_server/hook/pythonpath.ps1'
[1.637s] DEBUG:colcon.colcon_core.event_handler.log_command:Invoked command in '/home/ros/nemo/src/nemo_server' returned '0': PYTHONPATH=/home/ros/nemo/build/nemo_server/prefix_override:/home/ros/nemo/install/nemo_server/lib/python3.10/site-packages:${PYTHONPATH} /usr/bin/python3 setup.py egg_info --egg-base ../../build/nemo_server build --build-base /home/ros/nemo/build/nemo_server/build install --record /home/ros/nemo/build/nemo_server/install.log --single-version-externally-managed
[1.638s] INFO:colcon.colcon_core.shell:Creating environment descriptor '/home/ros/nemo/install/nemo_server/share/nemo_server/hook/pythonpath.dsv'
[1.638s] INFO:colcon.colcon_core.shell:Creating environment hook '/home/ros/nemo/install/nemo_server/share/nemo_server/hook/pythonpath.sh'
[1.639s] Level 1:colcon.colcon_core.environment:checking '/home/ros/nemo/install/nemo_server/bin'
[1.639s] Level 1:colcon.colcon_core.environment:create_environment_scripts_only(nemo_server)
[1.641s] INFO:colcon.colcon_core.shell:Creating package script '/home/ros/nemo/install/nemo_server/share/nemo_server/package.ps1'
[1.643s] INFO:colcon.colcon_core.shell:Creating package descriptor '/home/ros/nemo/install/nemo_server/share/nemo_server/package.dsv'
[1.643s] INFO:colcon.colcon_core.shell:Creating package script '/home/ros/nemo/install/nemo_server/share/nemo_server/package.sh'
[1.644s] INFO:colcon.colcon_core.shell:Creating package script '/home/ros/nemo/install/nemo_server/share/nemo_server/package.bash'
[1.644s] INFO:colcon.colcon_core.shell:Creating package script '/home/ros/nemo/install/nemo_server/share/nemo_server/package.zsh'
[1.645s] Level 1:colcon.colcon_core.environment:create_file_with_runtime_dependencies(/home/ros/nemo/install/nemo_server/share/colcon-core/packages/nemo_server)
[1.649s] Level 1:colcon.colcon_core.environment:checking '/home/ros/nemo/install/ros_tcp_endpoint' for CMake module files
[1.650s] DEBUG:colcon.colcon_core.event_handler.log_command:Invoked command in '/home/ros/nemo/src/ros_tcp_endpoint' returned '0': PYTHONPATH=/home/ros/nemo/build/ros_tcp_endpoint/prefix_override:/home/ros/nemo/install/ros_tcp_endpoint/lib/python3.10/site-packages:${PYTHONPATH} /usr/bin/python3 setup.py egg_info --egg-base ../../build/ros_tcp_endpoint build --build-base /home/ros/nemo/build/ros_tcp_endpoint/build install --record /home/ros/nemo/build/ros_tcp_endpoint/install.log --install-scripts $base/lib/ros_tcp_endpoint --single-version-externally-managed
[1.650s] Level 1:colcon.colcon_core.environment:checking '/home/ros/nemo/install/ros_tcp_endpoint' for CMake config files
[1.651s] Level 1:colcon.colcon_core.environment:checking '/home/ros/nemo/install/ros_tcp_endpoint/lib'
[1.651s] Level 1:colcon.colcon_core.environment:checking '/home/ros/nemo/install/ros_tcp_endpoint/bin'
[1.651s] Level 1:colcon.colcon_core.environment:checking '/home/ros/nemo/install/ros_tcp_endpoint/lib/pkgconfig/ros_tcp_endpoint.pc'
[1.651s] Level 1:colcon.colcon_core.environment:checking '/home/ros/nemo/install/ros_tcp_endpoint/lib/python3.10/site-packages'
[1.652s] Level 1:colcon.colcon_core.shell:create_environment_hook('ros_tcp_endpoint', 'pythonpath')
[1.654s] INFO:colcon.colcon_core.shell:Creating environment hook '/home/ros/nemo/install/ros_tcp_endpoint/share/ros_tcp_endpoint/hook/pythonpath.ps1'
[1.654s] INFO:colcon.colcon_core.shell:Creating environment descriptor '/home/ros/nemo/install/ros_tcp_endpoint/share/ros_tcp_endpoint/hook/pythonpath.dsv'
[1.654s] INFO:colcon.colcon_core.shell:Creating environment hook '/home/ros/nemo/install/ros_tcp_endpoint/share/ros_tcp_endpoint/hook/pythonpath.sh'
[1.655s] Level 1:colcon.colcon_core.environment:checking '/home/ros/nemo/install/ros_tcp_endpoint/bin'
[1.655s] Level 1:colcon.colcon_core.environment:create_environment_scripts_only(ros_tcp_endpoint)
[1.657s] INFO:colcon.colcon_core.shell:Creating package script '/home/ros/nemo/install/ros_tcp_endpoint/share/ros_tcp_endpoint/package.ps1'
[1.658s] INFO:colcon.colcon_core.shell:Creating package descriptor '/home/ros/nemo/install/ros_tcp_endpoint/share/ros_tcp_endpoint/package.dsv'
[1.658s] INFO:colcon.colcon_core.shell:Creating package script '/home/ros/nemo/install/ros_tcp_endpoint/share/ros_tcp_endpoint/package.sh'
[1.658s] INFO:colcon.colcon_core.shell:Creating package script '/home/ros/nemo/install/ros_tcp_endpoint/share/ros_tcp_endpoint/package.bash'
[1.659s] INFO:colcon.colcon_core.shell:Creating package script '/home/ros/nemo/install/ros_tcp_endpoint/share/ros_tcp_endpoint/package.zsh'
[1.659s] Level 1:colcon.colcon_core.environment:create_file_with_runtime_dependencies(/home/ros/nemo/install/ros_tcp_endpoint/share/colcon-core/packages/ros_tcp_endpoint)
[1.659s] DEBUG:colcon.colcon_parallel_executor.executor.parallel:closing loop
[1.660s] DEBUG:colcon.colcon_parallel_executor.executor.parallel:loop closed
[1.660s] DEBUG:colcon.colcon_parallel_executor.executor.parallel:run_until_complete finished with '0'
[1.660s] DEBUG:colcon.colcon_core.event_reactor:joining thread
[1.665s] INFO:colcon.colcon_core.plugin_system:Skipping extension 'colcon_notification.desktop_notification.notify_send': Could not find 'notify-send'
[1.665s] INFO:colcon.colcon_core.plugin_system:Skipping extension 'colcon_notification.desktop_notification.terminal_notifier': Not used on non-Darwin systems
[1.665s] INFO:colcon.colcon_core.plugin_system:Skipping extension 'colcon_notification.desktop_notification.win32': Not used on non-Windows systems
[1.665s] INFO:colcon.colcon_notification.desktop_notification:Sending desktop notification using 'notify2'
[1.666s] DEBUG:colcon.colcon_notification.desktop_notification.notify2:Failed to initialize notify2: org.freedesktop.DBus.Error.ServiceUnknown: The name org.freedesktop.Notifications was not provided by any .service files
[1.666s] DEBUG:colcon.colcon_core.event_reactor:joined thread
[1.668s] INFO:colcon.colcon_core.shell:Creating prefix script '/home/ros/nemo/install/local_setup.ps1'
[1.668s] INFO:colcon.colcon_core.shell:Creating prefix util module '/home/ros/nemo/install/_local_setup_util_ps1.py'
[1.670s] INFO:colcon.colcon_core.shell:Creating prefix chain script '/home/ros/nemo/install/setup.ps1'
[1.671s] INFO:colcon.colcon_core.shell:Creating prefix script '/home/ros/nemo/install/local_setup.sh'
[1.671s] INFO:colcon.colcon_core.shell:Creating prefix util module '/home/ros/nemo/install/_local_setup_util_sh.py'
[1.672s] INFO:colcon.colcon_core.shell:Creating prefix chain script '/home/ros/nemo/install/setup.sh'
[1.673s] INFO:colcon.colcon_core.shell:Creating prefix script '/home/ros/nemo/install/local_setup.bash'
[1.674s] INFO:colcon.colcon_core.shell:Creating prefix chain script '/home/ros/nemo/install/setup.bash'
[1.675s] INFO:colcon.colcon_core.shell:Creating prefix script '/home/ros/nemo/install/local_setup.zsh'
[1.675s] INFO:colcon.colcon_core.shell:Creating prefix chain script '/home/ros/nemo/install/setup.zsh'
