[0.027s] Invoking command in '/home/ros/nemo/build/rosbridge_msgs': CMAKE_PREFIX_PATH=${CMAKE_PREFIX_PATH}:/opt/ros/humble:/home/ros/nemo/install/ros_tcp_endpoint:/home/ros/nemo/install/nemo_server /usr/bin/cmake --build /home/ros/nemo/build/rosbridge_msgs -- -j4 -l4
[0.078s] [  2%] Built target rosbridge_msgs__cpp
[0.101s] [ 12%] Built target rosbridge_msgs__rosidl_generator_c
[0.135s] [ 12%] Built target ament_cmake_python_copy_rosbridge_msgs
[0.168s] [ 23%] Built target rosbridge_msgs__rosidl_typesupport_cpp
[0.183s] [ 33%] Built target rosbridge_msgs__rosidl_typesupport_introspection_c
[0.193s] [ 43%] Built target rosbridge_msgs__rosidl_typesupport_fastrtps_cpp
[0.200s] [ 53%] Built target rosbridge_msgs__rosidl_typesupport_c
[0.301s] [ 64%] Built target rosbridge_msgs__rosidl_typesupport_introspection_cpp
[0.327s] [ 74%] Built target rosbridge_msgs__rosidl_typesupport_fastrtps_c
[0.380s] [ 74%] Built target rosbridge_msgs
[0.456s] [ 76%] Built target rosbridge_msgs__py
[0.569s] running egg_info
[0.570s] writing rosbridge_msgs.egg-info/PKG-INFO
[0.570s] writing dependency_links to rosbridge_msgs.egg-info/dependency_links.txt
[0.570s] writing top-level names to rosbridge_msgs.egg-info/top_level.txt
[0.572s] reading manifest file 'rosbridge_msgs.egg-info/SOURCES.txt'
[0.573s] writing manifest file 'rosbridge_msgs.egg-info/SOURCES.txt'
[0.590s] [ 84%] Built target rosbridge_msgs__rosidl_generator_py
[0.622s] [ 84%] Built target ament_cmake_python_build_rosbridge_msgs_egg
[0.654s] [ 89%] Built target rosbridge_msgs__rosidl_typesupport_fastrtps_c__pyext
[0.667s] [ 94%] Built target rosbridge_msgs__rosidl_typesupport_introspection_c__pyext
[0.693s] [100%] Built target rosbridge_msgs__rosidl_typesupport_c__pyext
[0.713s] Invoked command in '/home/ros/nemo/build/rosbridge_msgs' returned '0': CMAKE_PREFIX_PATH=${CMAKE_PREFIX_PATH}:/opt/ros/humble:/home/ros/nemo/install/ros_tcp_endpoint:/home/ros/nemo/install/nemo_server /usr/bin/cmake --build /home/ros/nemo/build/rosbridge_msgs -- -j4 -l4
[0.811s] Invoking command in '/home/ros/nemo/build/rosbridge_msgs': CMAKE_PREFIX_PATH=${CMAKE_PREFIX_PATH}:/opt/ros/humble:/home/ros/nemo/install/ros_tcp_endpoint:/home/ros/nemo/install/nemo_server /usr/bin/cmake --install /home/ros/nemo/build/rosbridge_msgs
[0.817s] -- Install configuration: ""
[0.817s] -- Up-to-date: /home/ros/nemo/install/rosbridge_msgs/share/ament_index/resource_index/rosidl_interfaces/rosbridge_msgs
[0.817s] -- Up-to-date: /home/ros/nemo/install/rosbridge_msgs/include/rosbridge_msgs/rosbridge_msgs
[0.817s] -- Up-to-date: /home/ros/nemo/install/rosbridge_msgs/include/rosbridge_msgs/rosbridge_msgs/msg
[0.817s] -- Up-to-date: /home/ros/nemo/install/rosbridge_msgs/include/rosbridge_msgs/rosbridge_msgs/msg/detail
[0.817s] -- Up-to-date: /home/ros/nemo/install/rosbridge_msgs/include/rosbridge_msgs/rosbridge_msgs/msg/detail/connected_clients__functions.c
[0.818s] -- Up-to-date: /home/ros/nemo/install/rosbridge_msgs/include/rosbridge_msgs/rosbridge_msgs/msg/detail/connected_client__type_support.h
[0.818s] -- Up-to-date: /home/ros/nemo/install/rosbridge_msgs/include/rosbridge_msgs/rosbridge_msgs/msg/detail/connected_client__functions.c
[0.818s] -- Up-to-date: /home/ros/nemo/install/rosbridge_msgs/include/rosbridge_msgs/rosbridge_msgs/msg/detail/connected_clients__struct.h
[0.818s] -- Up-to-date: /home/ros/nemo/install/rosbridge_msgs/include/rosbridge_msgs/rosbridge_msgs/msg/detail/connected_clients__type_support.h
[0.818s] -- Up-to-date: /home/ros/nemo/install/rosbridge_msgs/include/rosbridge_msgs/rosbridge_msgs/msg/detail/connected_clients__functions.h
[0.818s] -- Up-to-date: /home/ros/nemo/install/rosbridge_msgs/include/rosbridge_msgs/rosbridge_msgs/msg/detail/connected_client__struct.h
[0.818s] -- Up-to-date: /home/ros/nemo/install/rosbridge_msgs/include/rosbridge_msgs/rosbridge_msgs/msg/detail/connected_client__functions.h
[0.818s] -- Up-to-date: /home/ros/nemo/install/rosbridge_msgs/include/rosbridge_msgs/rosbridge_msgs/msg/connected_clients.h
[0.818s] -- Up-to-date: /home/ros/nemo/install/rosbridge_msgs/include/rosbridge_msgs/rosbridge_msgs/msg/connected_client.h
[0.819s] -- Up-to-date: /home/ros/nemo/install/rosbridge_msgs/include/rosbridge_msgs/rosbridge_msgs/msg/rosidl_generator_c__visibility_control.h
[0.819s] -- Up-to-date: /home/ros/nemo/install/rosbridge_msgs/share/rosbridge_msgs/environment/library_path.sh
[0.819s] -- Up-to-date: /home/ros/nemo/install/rosbridge_msgs/share/rosbridge_msgs/environment/library_path.dsv
[0.819s] -- Up-to-date: /home/ros/nemo/install/rosbridge_msgs/lib/librosbridge_msgs__rosidl_generator_c.so
[0.819s] -- Up-to-date: /home/ros/nemo/install/rosbridge_msgs/include/rosbridge_msgs/rosbridge_msgs
[0.819s] -- Up-to-date: /home/ros/nemo/install/rosbridge_msgs/include/rosbridge_msgs/rosbridge_msgs/msg
[0.819s] -- Up-to-date: /home/ros/nemo/install/rosbridge_msgs/include/rosbridge_msgs/rosbridge_msgs/msg/detail
[0.819s] -- Up-to-date: /home/ros/nemo/install/rosbridge_msgs/include/rosbridge_msgs/rosbridge_msgs/msg/detail/connected_clients__rosidl_typesupport_fastrtps_c.h
[0.820s] -- Up-to-date: /home/ros/nemo/install/rosbridge_msgs/include/rosbridge_msgs/rosbridge_msgs/msg/detail/connected_client__rosidl_typesupport_fastrtps_c.h
[0.820s] -- Up-to-date: /home/ros/nemo/install/rosbridge_msgs/include/rosbridge_msgs/rosbridge_msgs/msg/rosidl_typesupport_fastrtps_c__visibility_control.h
[0.820s] -- Up-to-date: /home/ros/nemo/install/rosbridge_msgs/lib/librosbridge_msgs__rosidl_typesupport_fastrtps_c.so
[0.820s] -- Up-to-date: /home/ros/nemo/install/rosbridge_msgs/include/rosbridge_msgs/rosbridge_msgs
[0.820s] -- Up-to-date: /home/ros/nemo/install/rosbridge_msgs/include/rosbridge_msgs/rosbridge_msgs/msg
[0.820s] -- Up-to-date: /home/ros/nemo/install/rosbridge_msgs/include/rosbridge_msgs/rosbridge_msgs/msg/detail
[0.821s] -- Up-to-date: /home/ros/nemo/install/rosbridge_msgs/include/rosbridge_msgs/rosbridge_msgs/msg/detail/connected_clients__builder.hpp
[0.821s] -- Up-to-date: /home/ros/nemo/install/rosbridge_msgs/include/rosbridge_msgs/rosbridge_msgs/msg/detail/connected_clients__struct.hpp
[0.821s] -- Up-to-date: /home/ros/nemo/install/rosbridge_msgs/include/rosbridge_msgs/rosbridge_msgs/msg/detail/connected_client__struct.hpp
[0.821s] -- Up-to-date: /home/ros/nemo/install/rosbridge_msgs/include/rosbridge_msgs/rosbridge_msgs/msg/detail/connected_clients__traits.hpp
[0.821s] -- Up-to-date: /home/ros/nemo/install/rosbridge_msgs/include/rosbridge_msgs/rosbridge_msgs/msg/detail/connected_client__builder.hpp
[0.821s] -- Up-to-date: /home/ros/nemo/install/rosbridge_msgs/include/rosbridge_msgs/rosbridge_msgs/msg/detail/connected_client__traits.hpp
[0.821s] -- Up-to-date: /home/ros/nemo/install/rosbridge_msgs/include/rosbridge_msgs/rosbridge_msgs/msg/connected_client.hpp
[0.821s] -- Up-to-date: /home/ros/nemo/install/rosbridge_msgs/include/rosbridge_msgs/rosbridge_msgs/msg/connected_clients.hpp
[0.821s] -- Up-to-date: /home/ros/nemo/install/rosbridge_msgs/include/rosbridge_msgs/rosbridge_msgs
[0.822s] -- Up-to-date: /home/ros/nemo/install/rosbridge_msgs/include/rosbridge_msgs/rosbridge_msgs/msg
[0.822s] -- Up-to-date: /home/ros/nemo/install/rosbridge_msgs/include/rosbridge_msgs/rosbridge_msgs/msg/detail
[0.822s] -- Up-to-date: /home/ros/nemo/install/rosbridge_msgs/include/rosbridge_msgs/rosbridge_msgs/msg/detail/connected_clients__rosidl_typesupport_fastrtps_cpp.hpp
[0.822s] -- Up-to-date: /home/ros/nemo/install/rosbridge_msgs/include/rosbridge_msgs/rosbridge_msgs/msg/detail/dds_fastrtps
[0.822s] -- Up-to-date: /home/ros/nemo/install/rosbridge_msgs/include/rosbridge_msgs/rosbridge_msgs/msg/detail/connected_client__rosidl_typesupport_fastrtps_cpp.hpp
[0.822s] -- Up-to-date: /home/ros/nemo/install/rosbridge_msgs/include/rosbridge_msgs/rosbridge_msgs/msg/rosidl_typesupport_fastrtps_cpp__visibility_control.h
[0.822s] -- Up-to-date: /home/ros/nemo/install/rosbridge_msgs/lib/librosbridge_msgs__rosidl_typesupport_fastrtps_cpp.so
[0.822s] -- Up-to-date: /home/ros/nemo/install/rosbridge_msgs/include/rosbridge_msgs/rosbridge_msgs
[0.822s] -- Up-to-date: /home/ros/nemo/install/rosbridge_msgs/include/rosbridge_msgs/rosbridge_msgs/msg
[0.822s] -- Up-to-date: /home/ros/nemo/install/rosbridge_msgs/include/rosbridge_msgs/rosbridge_msgs/msg/detail
[0.823s] -- Up-to-date: /home/ros/nemo/install/rosbridge_msgs/include/rosbridge_msgs/rosbridge_msgs/msg/detail/connected_clients__rosidl_typesupport_introspection_c.h
[0.823s] -- Up-to-date: /home/ros/nemo/install/rosbridge_msgs/include/rosbridge_msgs/rosbridge_msgs/msg/detail/connected_client__rosidl_typesupport_introspection_c.h
[0.823s] -- Up-to-date: /home/ros/nemo/install/rosbridge_msgs/include/rosbridge_msgs/rosbridge_msgs/msg/detail/connected_client__type_support.c
[0.823s] -- Up-to-date: /home/ros/nemo/install/rosbridge_msgs/include/rosbridge_msgs/rosbridge_msgs/msg/detail/connected_clients__type_support.c
[0.823s] -- Up-to-date: /home/ros/nemo/install/rosbridge_msgs/include/rosbridge_msgs/rosbridge_msgs/msg/rosidl_typesupport_introspection_c__visibility_control.h
[0.823s] -- Up-to-date: /home/ros/nemo/install/rosbridge_msgs/lib/librosbridge_msgs__rosidl_typesupport_introspection_c.so
[0.823s] -- Up-to-date: /home/ros/nemo/install/rosbridge_msgs/lib/librosbridge_msgs__rosidl_typesupport_c.so
[0.823s] -- Up-to-date: /home/ros/nemo/install/rosbridge_msgs/include/rosbridge_msgs/rosbridge_msgs
[0.823s] -- Up-to-date: /home/ros/nemo/install/rosbridge_msgs/include/rosbridge_msgs/rosbridge_msgs/msg
[0.824s] -- Up-to-date: /home/ros/nemo/install/rosbridge_msgs/include/rosbridge_msgs/rosbridge_msgs/msg/detail
[0.824s] -- Up-to-date: /home/ros/nemo/install/rosbridge_msgs/include/rosbridge_msgs/rosbridge_msgs/msg/detail/connected_client__type_support.cpp
[0.824s] -- Up-to-date: /home/ros/nemo/install/rosbridge_msgs/include/rosbridge_msgs/rosbridge_msgs/msg/detail/connected_clients__rosidl_typesupport_introspection_cpp.hpp
[0.824s] -- Up-to-date: /home/ros/nemo/install/rosbridge_msgs/include/rosbridge_msgs/rosbridge_msgs/msg/detail/connected_clients__type_support.cpp
[0.824s] -- Up-to-date: /home/ros/nemo/install/rosbridge_msgs/include/rosbridge_msgs/rosbridge_msgs/msg/detail/connected_client__rosidl_typesupport_introspection_cpp.hpp
[0.824s] -- Up-to-date: /home/ros/nemo/install/rosbridge_msgs/lib/librosbridge_msgs__rosidl_typesupport_introspection_cpp.so
[0.825s] -- Up-to-date: /home/ros/nemo/install/rosbridge_msgs/lib/librosbridge_msgs__rosidl_typesupport_cpp.so
[0.825s] -- Up-to-date: /home/ros/nemo/install/rosbridge_msgs/share/rosbridge_msgs/environment/pythonpath.sh
[0.825s] -- Up-to-date: /home/ros/nemo/install/rosbridge_msgs/share/rosbridge_msgs/environment/pythonpath.dsv
[0.825s] -- Up-to-date: /home/ros/nemo/install/rosbridge_msgs/local/lib/python3.10/dist-packages/rosbridge_msgs-1.3.1-py3.10.egg-info
[0.825s] -- Installing: /home/ros/nemo/install/rosbridge_msgs/local/lib/python3.10/dist-packages/rosbridge_msgs-1.3.1-py3.10.egg-info/SOURCES.txt
[0.825s] -- Installing: /home/ros/nemo/install/rosbridge_msgs/local/lib/python3.10/dist-packages/rosbridge_msgs-1.3.1-py3.10.egg-info/PKG-INFO
[0.825s] -- Installing: /home/ros/nemo/install/rosbridge_msgs/local/lib/python3.10/dist-packages/rosbridge_msgs-1.3.1-py3.10.egg-info/top_level.txt
[0.825s] -- Installing: /home/ros/nemo/install/rosbridge_msgs/local/lib/python3.10/dist-packages/rosbridge_msgs-1.3.1-py3.10.egg-info/dependency_links.txt
[0.826s] -- Up-to-date: /home/ros/nemo/install/rosbridge_msgs/local/lib/python3.10/dist-packages/rosbridge_msgs
[0.826s] -- Up-to-date: /home/ros/nemo/install/rosbridge_msgs/local/lib/python3.10/dist-packages/rosbridge_msgs/rosbridge_msgs_s__rosidl_typesupport_fastrtps_c.cpython-310-x86_64-linux-gnu.so
[0.826s] -- Up-to-date: /home/ros/nemo/install/rosbridge_msgs/local/lib/python3.10/dist-packages/rosbridge_msgs/rosbridge_msgs_s__rosidl_typesupport_introspection_c.cpython-310-x86_64-linux-gnu.so
[0.826s] -- Up-to-date: /home/ros/nemo/install/rosbridge_msgs/local/lib/python3.10/dist-packages/rosbridge_msgs/librosbridge_msgs__rosidl_generator_py.so
[0.826s] -- Up-to-date: /home/ros/nemo/install/rosbridge_msgs/local/lib/python3.10/dist-packages/rosbridge_msgs/_rosbridge_msgs_s.ep.rosidl_typesupport_fastrtps_c.c
[0.826s] -- Up-to-date: /home/ros/nemo/install/rosbridge_msgs/local/lib/python3.10/dist-packages/rosbridge_msgs/__init__.py
[0.826s] -- Up-to-date: /home/ros/nemo/install/rosbridge_msgs/local/lib/python3.10/dist-packages/rosbridge_msgs/rosbridge_msgs_s__rosidl_typesupport_c.cpython-310-x86_64-linux-gnu.so
[0.826s] -- Up-to-date: /home/ros/nemo/install/rosbridge_msgs/local/lib/python3.10/dist-packages/rosbridge_msgs/_rosbridge_msgs_s.ep.rosidl_typesupport_c.c
[0.827s] -- Up-to-date: /home/ros/nemo/install/rosbridge_msgs/local/lib/python3.10/dist-packages/rosbridge_msgs/_rosbridge_msgs_s.ep.rosidl_typesupport_introspection_c.c
[0.827s] -- Up-to-date: /home/ros/nemo/install/rosbridge_msgs/local/lib/python3.10/dist-packages/rosbridge_msgs/msg
[0.827s] -- Up-to-date: /home/ros/nemo/install/rosbridge_msgs/local/lib/python3.10/dist-packages/rosbridge_msgs/msg/_connected_clients.py
[0.827s] -- Up-to-date: /home/ros/nemo/install/rosbridge_msgs/local/lib/python3.10/dist-packages/rosbridge_msgs/msg/__init__.py
[0.827s] -- Up-to-date: /home/ros/nemo/install/rosbridge_msgs/local/lib/python3.10/dist-packages/rosbridge_msgs/msg/_connected_clients_s.c
[0.827s] -- Up-to-date: /home/ros/nemo/install/rosbridge_msgs/local/lib/python3.10/dist-packages/rosbridge_msgs/msg/_connected_client.py
[0.827s] -- Up-to-date: /home/ros/nemo/install/rosbridge_msgs/local/lib/python3.10/dist-packages/rosbridge_msgs/msg/_connected_client_s.c
[0.857s] Listing '/home/ros/nemo/install/rosbridge_msgs/local/lib/python3.10/dist-packages/rosbridge_msgs'...
[0.857s] Listing '/home/ros/nemo/install/rosbridge_msgs/local/lib/python3.10/dist-packages/rosbridge_msgs/msg'...
[0.861s] -- Up-to-date: /home/ros/nemo/install/rosbridge_msgs/local/lib/python3.10/dist-packages/rosbridge_msgs/rosbridge_msgs_s__rosidl_typesupport_fastrtps_c.cpython-310-x86_64-linux-gnu.so
[0.861s] -- Up-to-date: /home/ros/nemo/install/rosbridge_msgs/local/lib/python3.10/dist-packages/rosbridge_msgs/rosbridge_msgs_s__rosidl_typesupport_introspection_c.cpython-310-x86_64-linux-gnu.so
[0.861s] -- Up-to-date: /home/ros/nemo/install/rosbridge_msgs/local/lib/python3.10/dist-packages/rosbridge_msgs/rosbridge_msgs_s__rosidl_typesupport_c.cpython-310-x86_64-linux-gnu.so
[0.861s] -- Up-to-date: /home/ros/nemo/install/rosbridge_msgs/lib/librosbridge_msgs__rosidl_generator_py.so
[0.862s] -- Up-to-date: /home/ros/nemo/install/rosbridge_msgs/share/rosbridge_msgs/msg/ConnectedClient.idl
[0.862s] -- Up-to-date: /home/ros/nemo/install/rosbridge_msgs/share/rosbridge_msgs/msg/ConnectedClients.idl
[0.862s] -- Up-to-date: /home/ros/nemo/install/rosbridge_msgs/share/rosbridge_msgs/msg/ConnectedClient.msg
[0.862s] -- Up-to-date: /home/ros/nemo/install/rosbridge_msgs/share/rosbridge_msgs/msg/ConnectedClients.msg
[0.862s] -- Up-to-date: /home/ros/nemo/install/rosbridge_msgs/share/ament_index/resource_index/package_run_dependencies/rosbridge_msgs
[0.862s] -- Up-to-date: /home/ros/nemo/install/rosbridge_msgs/share/ament_index/resource_index/parent_prefix_path/rosbridge_msgs
[0.862s] -- Up-to-date: /home/ros/nemo/install/rosbridge_msgs/share/rosbridge_msgs/environment/ament_prefix_path.sh
[0.862s] -- Up-to-date: /home/ros/nemo/install/rosbridge_msgs/share/rosbridge_msgs/environment/ament_prefix_path.dsv
[0.863s] -- Up-to-date: /home/ros/nemo/install/rosbridge_msgs/share/rosbridge_msgs/environment/path.sh
[0.863s] -- Up-to-date: /home/ros/nemo/install/rosbridge_msgs/share/rosbridge_msgs/environment/path.dsv
[0.863s] -- Up-to-date: /home/ros/nemo/install/rosbridge_msgs/share/rosbridge_msgs/local_setup.bash
[0.863s] -- Up-to-date: /home/ros/nemo/install/rosbridge_msgs/share/rosbridge_msgs/local_setup.sh
[0.863s] -- Up-to-date: /home/ros/nemo/install/rosbridge_msgs/share/rosbridge_msgs/local_setup.zsh
[0.863s] -- Up-to-date: /home/ros/nemo/install/rosbridge_msgs/share/rosbridge_msgs/local_setup.dsv
[0.863s] -- Installing: /home/ros/nemo/install/rosbridge_msgs/share/rosbridge_msgs/package.dsv
[0.863s] -- Up-to-date: /home/ros/nemo/install/rosbridge_msgs/share/ament_index/resource_index/packages/rosbridge_msgs
[0.864s] -- Up-to-date: /home/ros/nemo/install/rosbridge_msgs/share/rosbridge_msgs/cmake/export_rosbridge_msgs__rosidl_generator_cExport.cmake
[0.864s] -- Up-to-date: /home/ros/nemo/install/rosbridge_msgs/share/rosbridge_msgs/cmake/export_rosbridge_msgs__rosidl_generator_cExport-noconfig.cmake
[0.864s] -- Up-to-date: /home/ros/nemo/install/rosbridge_msgs/share/rosbridge_msgs/cmake/export_rosbridge_msgs__rosidl_typesupport_fastrtps_cExport.cmake
[0.864s] -- Up-to-date: /home/ros/nemo/install/rosbridge_msgs/share/rosbridge_msgs/cmake/export_rosbridge_msgs__rosidl_typesupport_fastrtps_cExport-noconfig.cmake
[0.864s] -- Up-to-date: /home/ros/nemo/install/rosbridge_msgs/share/rosbridge_msgs/cmake/export_rosbridge_msgs__rosidl_generator_cppExport.cmake
[0.864s] -- Up-to-date: /home/ros/nemo/install/rosbridge_msgs/share/rosbridge_msgs/cmake/export_rosbridge_msgs__rosidl_typesupport_fastrtps_cppExport.cmake
[0.864s] -- Up-to-date: /home/ros/nemo/install/rosbridge_msgs/share/rosbridge_msgs/cmake/export_rosbridge_msgs__rosidl_typesupport_fastrtps_cppExport-noconfig.cmake
[0.864s] -- Up-to-date: /home/ros/nemo/install/rosbridge_msgs/share/rosbridge_msgs/cmake/rosbridge_msgs__rosidl_typesupport_introspection_cExport.cmake
[0.864s] -- Up-to-date: /home/ros/nemo/install/rosbridge_msgs/share/rosbridge_msgs/cmake/rosbridge_msgs__rosidl_typesupport_introspection_cExport-noconfig.cmake
[0.864s] -- Up-to-date: /home/ros/nemo/install/rosbridge_msgs/share/rosbridge_msgs/cmake/rosbridge_msgs__rosidl_typesupport_cExport.cmake
[0.865s] -- Up-to-date: /home/ros/nemo/install/rosbridge_msgs/share/rosbridge_msgs/cmake/rosbridge_msgs__rosidl_typesupport_cExport-noconfig.cmake
[0.865s] -- Up-to-date: /home/ros/nemo/install/rosbridge_msgs/share/rosbridge_msgs/cmake/rosbridge_msgs__rosidl_typesupport_introspection_cppExport.cmake
[0.865s] -- Up-to-date: /home/ros/nemo/install/rosbridge_msgs/share/rosbridge_msgs/cmake/rosbridge_msgs__rosidl_typesupport_introspection_cppExport-noconfig.cmake
[0.865s] -- Up-to-date: /home/ros/nemo/install/rosbridge_msgs/share/rosbridge_msgs/cmake/rosbridge_msgs__rosidl_typesupport_cppExport.cmake
[0.865s] -- Up-to-date: /home/ros/nemo/install/rosbridge_msgs/share/rosbridge_msgs/cmake/rosbridge_msgs__rosidl_typesupport_cppExport-noconfig.cmake
[0.865s] -- Up-to-date: /home/ros/nemo/install/rosbridge_msgs/share/rosbridge_msgs/cmake/export_rosbridge_msgs__rosidl_generator_pyExport.cmake
[0.865s] -- Up-to-date: /home/ros/nemo/install/rosbridge_msgs/share/rosbridge_msgs/cmake/export_rosbridge_msgs__rosidl_generator_pyExport-noconfig.cmake
[0.865s] -- Up-to-date: /home/ros/nemo/install/rosbridge_msgs/share/rosbridge_msgs/cmake/rosidl_cmake-extras.cmake
[0.865s] -- Up-to-date: /home/ros/nemo/install/rosbridge_msgs/share/rosbridge_msgs/cmake/ament_cmake_export_dependencies-extras.cmake
[0.866s] -- Up-to-date: /home/ros/nemo/install/rosbridge_msgs/share/rosbridge_msgs/cmake/ament_cmake_export_include_directories-extras.cmake
[0.866s] -- Up-to-date: /home/ros/nemo/install/rosbridge_msgs/share/rosbridge_msgs/cmake/ament_cmake_export_libraries-extras.cmake
[0.866s] -- Up-to-date: /home/ros/nemo/install/rosbridge_msgs/share/rosbridge_msgs/cmake/ament_cmake_export_targets-extras.cmake
[0.866s] -- Up-to-date: /home/ros/nemo/install/rosbridge_msgs/share/rosbridge_msgs/cmake/rosidl_cmake_export_typesupport_targets-extras.cmake
[0.866s] -- Up-to-date: /home/ros/nemo/install/rosbridge_msgs/share/rosbridge_msgs/cmake/rosidl_cmake_export_typesupport_libraries-extras.cmake
[0.866s] -- Up-to-date: /home/ros/nemo/install/rosbridge_msgs/share/rosbridge_msgs/cmake/rosbridge_msgsConfig.cmake
[0.866s] -- Up-to-date: /home/ros/nemo/install/rosbridge_msgs/share/rosbridge_msgs/cmake/rosbridge_msgsConfig-version.cmake
[0.866s] -- Up-to-date: /home/ros/nemo/install/rosbridge_msgs/share/rosbridge_msgs/package.xml
[0.868s] Invoked command in '/home/ros/nemo/build/rosbridge_msgs' returned '0': CMAKE_PREFIX_PATH=${CMAKE_PREFIX_PATH}:/opt/ros/humble:/home/ros/nemo/install/ros_tcp_endpoint:/home/ros/nemo/install/nemo_server /usr/bin/cmake --install /home/ros/nemo/build/rosbridge_msgs
