[0.626s] Invoking command in '/home/ros/nemo/src/ros_tcp_endpoint': PYTHONPATH=/home/ros/nemo/build/ros_tcp_endpoint/prefix_override:/home/ros/nemo/install/ros_tcp_endpoint/lib/python3.10/site-packages:${PYTHONPATH} /usr/bin/python3 setup.py egg_info --egg-base ../../build/ros_tcp_endpoint build --build-base /home/ros/nemo/build/ros_tcp_endpoint/build install --record /home/ros/nemo/build/ros_tcp_endpoint/install.log --install-scripts $base/lib/ros_tcp_endpoint --single-version-externally-managed
[0.935s] /usr/lib/python3/dist-packages/setuptools/dist.py:723: UserWarning: Usage of dash-separated 'script-dir' will not be supported in future versions. Please use the underscore name 'script_dir' instead
[0.935s]   warnings.warn(
[0.943s] running egg_info
[0.943s] writing ../../build/ros_tcp_endpoint/ros_tcp_endpoint.egg-info/PKG-INFO
[0.943s] writing dependency_links to ../../build/ros_tcp_endpoint/ros_tcp_endpoint.egg-info/dependency_links.txt
[0.944s] writing entry points to ../../build/ros_tcp_endpoint/ros_tcp_endpoint.egg-info/entry_points.txt
[0.944s] writing requirements to ../../build/ros_tcp_endpoint/ros_tcp_endpoint.egg-info/requires.txt
[0.944s] writing top-level names to ../../build/ros_tcp_endpoint/ros_tcp_endpoint.egg-info/top_level.txt
[0.946s] reading manifest file '../../build/ros_tcp_endpoint/ros_tcp_endpoint.egg-info/SOURCES.txt'
[0.947s] adding license file 'LICENSE'
[0.947s] writing manifest file '../../build/ros_tcp_endpoint/ros_tcp_endpoint.egg-info/SOURCES.txt'
[0.948s] running build
[0.948s] running build_py
[0.948s] running install
[0.949s] /usr/lib/python3/dist-packages/setuptools/command/install.py:34: SetuptoolsDeprecationWarning: setup.py install is deprecated. Use build and pip and other standards-based tools.
[0.949s]   warnings.warn(
[0.949s] running install_lib
[0.951s] running install_data
[0.951s] running install_egg_info
[0.952s] removing '/home/ros/nemo/install/ros_tcp_endpoint/lib/python3.10/site-packages/ros_tcp_endpoint-0.0.1-py3.10.egg-info' (and everything under it)
[0.953s] Copying ../../build/ros_tcp_endpoint/ros_tcp_endpoint.egg-info to /home/ros/nemo/install/ros_tcp_endpoint/lib/python3.10/site-packages/ros_tcp_endpoint-0.0.1-py3.10.egg-info
[0.954s] running install_scripts
[0.973s] Installing default_server_endpoint script to /home/ros/nemo/install/ros_tcp_endpoint/lib/ros_tcp_endpoint
[0.974s] writing list of installed files to '/home/ros/nemo/build/ros_tcp_endpoint/install.log'
[0.995s] Invoked command in '/home/ros/nemo/src/ros_tcp_endpoint' returned '0': PYTHONPATH=/home/ros/nemo/build/ros_tcp_endpoint/prefix_override:/home/ros/nemo/install/ros_tcp_endpoint/lib/python3.10/site-packages:${PYTHONPATH} /usr/bin/python3 setup.py egg_info --egg-base ../../build/ros_tcp_endpoint build --build-base /home/ros/nemo/build/ros_tcp_endpoint/build install --record /home/ros/nemo/build/ros_tcp_endpoint/install.log --install-scripts $base/lib/ros_tcp_endpoint --single-version-externally-managed
