[0.952s] Invoking command in '/home/ros/nemo/src/nemo_server': PYTHONPATH=/home/ros/nemo/build/nemo_server/prefix_override:/home/ros/nemo/install/nemo_server/lib/python3.10/site-packages:${PYTHONPATH} /usr/bin/python3 setup.py egg_info --egg-base ../../build/nemo_server build --build-base /home/ros/nemo/build/nemo_server/build install --record /home/ros/nemo/build/nemo_server/install.log --single-version-externally-managed
[1.252s] running egg_info
[1.253s] writing ../../build/nemo_server/nemo_server.egg-info/PKG-INFO
[1.254s] writing dependency_links to ../../build/nemo_server/nemo_server.egg-info/dependency_links.txt
[1.254s] writing entry points to ../../build/nemo_server/nemo_server.egg-info/entry_points.txt
[1.254s] writing requirements to ../../build/nemo_server/nemo_server.egg-info/requires.txt
[1.254s] writing top-level names to ../../build/nemo_server/nemo_server.egg-info/top_level.txt
[1.256s] package init file 'nemo_server/lib/__init__.py' not found (or not a regular file)
[1.260s] reading manifest file '../../build/nemo_server/nemo_server.egg-info/SOURCES.txt'
[1.260s] writing manifest file '../../build/nemo_server/nemo_server.egg-info/SOURCES.txt'
[1.260s] running build
[1.260s] running build_py
[1.260s] copying nemo_server/lib/odom_listener.py -> /home/ros/nemo/build/nemo_server/build/lib/nemo_server/lib
[1.260s] /usr/lib/python3/dist-packages/setuptools/command/install.py:34: SetuptoolsDeprecationWarning: setup.py install is deprecated. Use build and pip and other standards-based tools.
[1.260s]   warnings.warn(
[1.261s] running install
[1.261s] running install_lib
[1.262s] copying /home/ros/nemo/build/nemo_server/build/lib/nemo_server/lib/odom_listener.py -> /home/ros/nemo/install/nemo_server/lib/python3.10/site-packages/nemo_server/lib
[1.263s] byte-compiling /home/ros/nemo/install/nemo_server/lib/python3.10/site-packages/nemo_server/lib/odom_listener.py to odom_listener.cpython-310.pyc
[1.263s] running install_data
[1.265s] running install_egg_info
[1.266s] removing '/home/ros/nemo/install/nemo_server/lib/python3.10/site-packages/nemo_server-0.0.0-py3.10.egg-info' (and everything under it)
[1.267s] Copying ../../build/nemo_server/nemo_server.egg-info to /home/ros/nemo/install/nemo_server/lib/python3.10/site-packages/nemo_server-0.0.0-py3.10.egg-info
[1.269s] running install_scripts
[1.298s] Installing localiser script to /home/ros/nemo/install/nemo_server/lib/nemo_server
[1.299s] writing list of installed files to '/home/ros/nemo/build/nemo_server/install.log'
[1.378s] Invoked command in '/home/ros/nemo/src/nemo_server' returned '0': PYTHONPATH=/home/ros/nemo/build/nemo_server/prefix_override:/home/ros/nemo/install/nemo_server/lib/python3.10/site-packages:${PYTHONPATH} /usr/bin/python3 setup.py egg_info --egg-base ../../build/nemo_server build --build-base /home/ros/nemo/build/nemo_server/build install --record /home/ros/nemo/build/nemo_server/install.log --single-version-externally-managed
