[0.657s] Invoking command in '/home/ros/nemo/src/ros_tcp_endpoint': PYTHONPATH=/home/ros/nemo/build/ros_tcp_endpoint/prefix_override:/home/ros/nemo/install/ros_tcp_endpoint/lib/python3.10/site-packages:${PYTHONPATH} /usr/bin/python3 setup.py egg_info --egg-base ../../build/ros_tcp_endpoint build --build-base /home/ros/nemo/build/ros_tcp_endpoint/build install --record /home/ros/nemo/build/ros_tcp_endpoint/install.log --install-scripts $base/lib/ros_tcp_endpoint --single-version-externally-managed
[0.872s] /usr/lib/python3/dist-packages/setuptools/dist.py:723: UserWarning: Usage of dash-separated 'script-dir' will not be supported in future versions. Please use the underscore name 'script_dir' instead
[0.872s]   warnings.warn(
[0.880s] running egg_info
[0.880s] writing ../../build/ros_tcp_endpoint/ros_tcp_endpoint.egg-info/PKG-INFO
[0.881s] writing dependency_links to ../../build/ros_tcp_endpoint/ros_tcp_endpoint.egg-info/dependency_links.txt
[0.881s] writing entry points to ../../build/ros_tcp_endpoint/ros_tcp_endpoint.egg-info/entry_points.txt
[0.881s] writing requirements to ../../build/ros_tcp_endpoint/ros_tcp_endpoint.egg-info/requires.txt
[0.881s] writing top-level names to ../../build/ros_tcp_endpoint/ros_tcp_endpoint.egg-info/top_level.txt
[0.883s] reading manifest file '../../build/ros_tcp_endpoint/ros_tcp_endpoint.egg-info/SOURCES.txt'
[0.883s] adding license file 'LICENSE'
[0.884s] writing manifest file '../../build/ros_tcp_endpoint/ros_tcp_endpoint.egg-info/SOURCES.txt'
[0.884s] running build
[0.884s] running build_py
[0.885s] running install
[0.885s] /usr/lib/python3/dist-packages/setuptools/command/install.py:34: SetuptoolsDeprecationWarning: setup.py install is deprecated. Use build and pip and other standards-based tools.
[0.885s]   warnings.warn(
[0.885s] running install_lib
[0.887s] running install_data
[0.887s] running install_egg_info
[0.889s] removing '/home/ros/nemo/install/ros_tcp_endpoint/lib/python3.10/site-packages/ros_tcp_endpoint-0.0.1-py3.10.egg-info' (and everything under it)
[0.889s] Copying ../../build/ros_tcp_endpoint/ros_tcp_endpoint.egg-info to /home/ros/nemo/install/ros_tcp_endpoint/lib/python3.10/site-packages/ros_tcp_endpoint-0.0.1-py3.10.egg-info
[0.890s] running install_scripts
[0.910s] Installing default_server_endpoint script to /home/ros/nemo/install/ros_tcp_endpoint/lib/ros_tcp_endpoint
[0.910s] writing list of installed files to '/home/ros/nemo/build/ros_tcp_endpoint/install.log'
[0.934s] Invoked command in '/home/ros/nemo/src/ros_tcp_endpoint' returned '0': PYTHONPATH=/home/ros/nemo/build/ros_tcp_endpoint/prefix_override:/home/ros/nemo/install/ros_tcp_endpoint/lib/python3.10/site-packages:${PYTHONPATH} /usr/bin/python3 setup.py egg_info --egg-base ../../build/ros_tcp_endpoint build --build-base /home/ros/nemo/build/ros_tcp_endpoint/build install --record /home/ros/nemo/build/ros_tcp_endpoint/install.log --install-scripts $base/lib/ros_tcp_endpoint --single-version-externally-managed
