[0.996s] Invoking command in '/home/ros/nemo/src/nemo_server': PYTHONPATH=/home/ros/nemo/build/nemo_server/prefix_override:/home/ros/nemo/install/nemo_server/lib/python3.10/site-packages:${PYTHONPATH} /usr/bin/python3 setup.py egg_info --egg-base ../../build/nemo_server build --build-base /home/ros/nemo/build/nemo_server/build install --record /home/ros/nemo/build/nemo_server/install.log --single-version-externally-managed
[1.295s] running egg_info
[1.296s] writing ../../build/nemo_server/nemo_server.egg-info/PKG-INFO
[1.296s] writing dependency_links to ../../build/nemo_server/nemo_server.egg-info/dependency_links.txt
[1.296s] writing entry points to ../../build/nemo_server/nemo_server.egg-info/entry_points.txt
[1.296s] writing requirements to ../../build/nemo_server/nemo_server.egg-info/requires.txt
[1.296s] writing top-level names to ../../build/nemo_server/nemo_server.egg-info/top_level.txt
[1.298s] reading manifest file '../../build/nemo_server/nemo_server.egg-info/SOURCES.txt'
[1.299s] writing manifest file '../../build/nemo_server/nemo_server.egg-info/SOURCES.txt'
[1.300s] running build
[1.300s] running build_py
[1.300s] running install
[1.300s] /usr/lib/python3/dist-packages/setuptools/command/install.py:34: SetuptoolsDeprecationWarning: setup.py install is deprecated. Use build and pip and other standards-based tools.
[1.301s]   warnings.warn(
[1.301s] running install_lib
[1.302s] running install_data
[1.302s] running install_egg_info
[1.304s] removing '/home/ros/nemo/install/nemo_server/lib/python3.10/site-packages/nemo_server-0.0.0-py3.10.egg-info' (and everything under it)
[1.304s] Copying ../../build/nemo_server/nemo_server.egg-info to /home/ros/nemo/install/nemo_server/lib/python3.10/site-packages/nemo_server-0.0.0-py3.10.egg-info
[1.305s] running install_scripts
[1.325s] Installing camera_sub script to /home/ros/nemo/install/nemo_server/lib/nemo_server
[1.326s] writing list of installed files to '/home/ros/nemo/build/nemo_server/install.log'
[1.419s] Invoked command in '/home/ros/nemo/src/nemo_server' returned '0': PYTHONPATH=/home/ros/nemo/build/nemo_server/prefix_override:/home/ros/nemo/install/nemo_server/lib/python3.10/site-packages:${PYTHONPATH} /usr/bin/python3 setup.py egg_info --egg-base ../../build/nemo_server build --build-base /home/ros/nemo/build/nemo_server/build install --record /home/ros/nemo/build/nemo_server/install.log --single-version-externally-managed
