[0.636s] Invoking command in '/home/ros/nemo/src/nemo_server': PYTHONPATH=/home/ros/nemo/build/nemo_server/prefix_override:/home/ros/nemo/install/nemo_server/lib/python3.10/site-packages:${PYTHONPATH} /usr/bin/python3 setup.py egg_info --egg-base ../../build/nemo_server build --build-base /home/ros/nemo/build/nemo_server/build install --record /home/ros/nemo/build/nemo_server/install.log --single-version-externally-managed
[0.943s] running egg_info
[0.944s] writing ../../build/nemo_server/nemo_server.egg-info/PKG-INFO
[0.944s] writing dependency_links to ../../build/nemo_server/nemo_server.egg-info/dependency_links.txt
[0.945s] writing entry points to ../../build/nemo_server/nemo_server.egg-info/entry_points.txt
[0.945s] writing requirements to ../../build/nemo_server/nemo_server.egg-info/requires.txt
[0.945s] writing top-level names to ../../build/nemo_server/nemo_server.egg-info/top_level.txt
[0.947s] reading manifest file '../../build/nemo_server/nemo_server.egg-info/SOURCES.txt'
[0.948s] writing manifest file '../../build/nemo_server/nemo_server.egg-info/SOURCES.txt'
[0.949s] running build
[0.949s] running build_py
[0.949s] running install
[0.949s] /usr/lib/python3/dist-packages/setuptools/command/install.py:34: SetuptoolsDeprecationWarning: setup.py install is deprecated. Use build and pip and other standards-based tools.
[0.949s]   warnings.warn(
[0.950s] running install_lib
[0.952s] running install_data
[0.952s] running install_egg_info
[0.954s] removing '/home/ros/nemo/install/nemo_server/lib/python3.10/site-packages/nemo_server-0.0.0-py3.10.egg-info' (and everything under it)
[0.955s] Copying ../../build/nemo_server/nemo_server.egg-info to /home/ros/nemo/install/nemo_server/lib/python3.10/site-packages/nemo_server-0.0.0-py3.10.egg-info
[0.956s] running install_scripts
[0.985s] Installing camera_sub script to /home/ros/nemo/install/nemo_server/lib/nemo_server
[0.986s] writing list of installed files to '/home/ros/nemo/build/nemo_server/install.log'
[1.029s] Invoked command in '/home/ros/nemo/src/nemo_server' returned '0': PYTHONPATH=/home/ros/nemo/build/nemo_server/prefix_override:/home/ros/nemo/install/nemo_server/lib/python3.10/site-packages:${PYTHONPATH} /usr/bin/python3 setup.py egg_info --egg-base ../../build/nemo_server build --build-base /home/ros/nemo/build/nemo_server/build install --record /home/ros/nemo/build/nemo_server/install.log --single-version-externally-managed
