[0.011s] Invoking command in '/home/ros/nemo/build/rosbridge_server': AMENT_PREFIX_PATH=/home/ros/nemo/install/rosapi:/home/ros/nemo/install/rosbridge_library:/home/ros/nemo/install/rosbridge_msgs:/home/ros/nemo/install/rosapi_msgs:${AMENT_PREFIX_PATH} CMAKE_PREFIX_PATH=/home/ros/nemo/install/rosapi:/home/ros/nemo/install/rosbridge_library:/home/ros/nemo/install/rosbridge_msgs:/home/ros/nemo/install/rosapi_msgs:/home/ros/nemo/install/ros_tcp_endpoint:/home/ros/nemo/install/nemo_server:/opt/ros/humble LD_LIBRARY_PATH=/home/ros/nemo/install/rosbridge_msgs/lib:/home/ros/nemo/install/rosapi_msgs/lib:${LD_LIBRARY_PATH} PYTHONPATH=/home/ros/nemo/install/rosapi/local/lib/python3.10/dist-packages:/home/ros/nemo/install/rosbridge_library/local/lib/python3.10/dist-packages:/home/ros/nemo/install/rosbridge_msgs/local/lib/python3.10/dist-packages:/home/ros/nemo/install/rosapi_msgs/local/lib/python3.10/dist-packages:${PYTHONPATH} /usr/bin/cmake /home/ros/nemo/src/rosbridge_suite/rosbridge_server -DCMAKE_INSTALL_PREFIX=/home/ros/nemo/install/rosbridge_server
[0.053s] -- The C compiler identification is GNU 11.3.0
[0.098s] -- The CXX compiler identification is GNU 11.3.0
[0.104s] -- Detecting C compiler ABI info
[0.158s] -- Detecting C compiler ABI info - done
[0.164s] -- Check for working C compiler: /usr/bin/cc - skipped
[0.164s] -- Detecting C compile features
[0.165s] -- Detecting C compile features - done
[0.167s] -- Detecting CXX compiler ABI info
[0.231s] -- Detecting CXX compiler ABI info - done
[0.237s] -- Check for working CXX compiler: /usr/bin/c++ - skipped
[0.238s] -- Detecting CXX compile features
[0.238s] -- Detecting CXX compile features - done
[0.240s] -- Found ament_cmake_ros: 0.10.0 (/opt/ros/humble/share/ament_cmake_ros/cmake)
[0.403s] -- Found Python3: /usr/bin/python3.10 (found version "3.10.6") found components: Interpreter 
[0.624s] -- Found launch_testing_ament_cmake: 1.0.4 (/opt/ros/humble/share/launch_testing_ament_cmake/cmake)
[0.626s] -- Found python_cmake_module: 0.10.0 (/opt/ros/humble/share/python_cmake_module/cmake)
[0.645s] -- Found PythonInterp: /usr/bin/python3 (found suitable version "3.10.6", minimum required is "3.6") 
[0.651s] -- Found PythonLibs: /usr/lib/x86_64-linux-gnu/libpython3.10.so (found suitable version "3.10.6", minimum required is "3.5") 
[0.651s] -- Using PYTHON_EXECUTABLE: /usr/bin/python3
[0.651s] -- Using PYTHON_INCLUDE_DIRS: /usr/include/python3.10
[0.651s] -- Using PYTHON_LIBRARIES: /usr/lib/x86_64-linux-gnu/libpython3.10.so
[0.671s] -- Found PythonExtra: .so  
[0.673s] -- Configuring done
[0.676s] -- Generating done
[0.677s] -- Build files have been written to: /home/ros/nemo/build/rosbridge_server
[0.682s] Invoked command in '/home/ros/nemo/build/rosbridge_server' returned '0': AMENT_PREFIX_PATH=/home/ros/nemo/install/rosapi:/home/ros/nemo/install/rosbridge_library:/home/ros/nemo/install/rosbridge_msgs:/home/ros/nemo/install/rosapi_msgs:${AMENT_PREFIX_PATH} CMAKE_PREFIX_PATH=/home/ros/nemo/install/rosapi:/home/ros/nemo/install/rosbridge_library:/home/ros/nemo/install/rosbridge_msgs:/home/ros/nemo/install/rosapi_msgs:/home/ros/nemo/install/ros_tcp_endpoint:/home/ros/nemo/install/nemo_server:/opt/ros/humble LD_LIBRARY_PATH=/home/ros/nemo/install/rosbridge_msgs/lib:/home/ros/nemo/install/rosapi_msgs/lib:${LD_LIBRARY_PATH} PYTHONPATH=/home/ros/nemo/install/rosapi/local/lib/python3.10/dist-packages:/home/ros/nemo/install/rosbridge_library/local/lib/python3.10/dist-packages:/home/ros/nemo/install/rosbridge_msgs/local/lib/python3.10/dist-packages:/home/ros/nemo/install/rosapi_msgs/local/lib/python3.10/dist-packages:${PYTHONPATH} /usr/bin/cmake /home/ros/nemo/src/rosbridge_suite/rosbridge_server -DCMAKE_INSTALL_PREFIX=/home/ros/nemo/install/rosbridge_server
[0.684s] Invoking command in '/home/ros/nemo/build/rosbridge_server': AMENT_PREFIX_PATH=/home/ros/nemo/install/rosapi:/home/ros/nemo/install/rosbridge_library:/home/ros/nemo/install/rosbridge_msgs:/home/ros/nemo/install/rosapi_msgs:${AMENT_PREFIX_PATH} CMAKE_PREFIX_PATH=/home/ros/nemo/install/rosapi:/home/ros/nemo/install/rosbridge_library:/home/ros/nemo/install/rosbridge_msgs:/home/ros/nemo/install/rosapi_msgs:/home/ros/nemo/install/ros_tcp_endpoint:/home/ros/nemo/install/nemo_server:/opt/ros/humble LD_LIBRARY_PATH=/home/ros/nemo/install/rosbridge_msgs/lib:/home/ros/nemo/install/rosapi_msgs/lib:${LD_LIBRARY_PATH} PYTHONPATH=/home/ros/nemo/install/rosapi/local/lib/python3.10/dist-packages:/home/ros/nemo/install/rosbridge_library/local/lib/python3.10/dist-packages:/home/ros/nemo/install/rosbridge_msgs/local/lib/python3.10/dist-packages:/home/ros/nemo/install/rosapi_msgs/local/lib/python3.10/dist-packages:${PYTHONPATH} /usr/bin/cmake --build /home/ros/nemo/build/rosbridge_server -- -j4 -l4
[0.726s] Built target ament_cmake_python_copy_rosbridge_server
[0.928s] running egg_info
[0.929s] creating rosbridge_server.egg-info
[0.929s] writing rosbridge_server.egg-info/PKG-INFO
[0.930s] writing dependency_links to rosbridge_server.egg-info/dependency_links.txt
[0.930s] writing top-level names to rosbridge_server.egg-info/top_level.txt
[0.930s] writing manifest file 'rosbridge_server.egg-info/SOURCES.txt'
[0.932s] reading manifest file 'rosbridge_server.egg-info/SOURCES.txt'
[0.932s] writing manifest file 'rosbridge_server.egg-info/SOURCES.txt'
[0.953s] Built target ament_cmake_python_build_rosbridge_server_egg
[0.962s] Invoked command in '/home/ros/nemo/build/rosbridge_server' returned '0': AMENT_PREFIX_PATH=/home/ros/nemo/install/rosapi:/home/ros/nemo/install/rosbridge_library:/home/ros/nemo/install/rosbridge_msgs:/home/ros/nemo/install/rosapi_msgs:${AMENT_PREFIX_PATH} CMAKE_PREFIX_PATH=/home/ros/nemo/install/rosapi:/home/ros/nemo/install/rosbridge_library:/home/ros/nemo/install/rosbridge_msgs:/home/ros/nemo/install/rosapi_msgs:/home/ros/nemo/install/ros_tcp_endpoint:/home/ros/nemo/install/nemo_server:/opt/ros/humble LD_LIBRARY_PATH=/home/ros/nemo/install/rosbridge_msgs/lib:/home/ros/nemo/install/rosapi_msgs/lib:${LD_LIBRARY_PATH} PYTHONPATH=/home/ros/nemo/install/rosapi/local/lib/python3.10/dist-packages:/home/ros/nemo/install/rosbridge_library/local/lib/python3.10/dist-packages:/home/ros/nemo/install/rosbridge_msgs/local/lib/python3.10/dist-packages:/home/ros/nemo/install/rosapi_msgs/local/lib/python3.10/dist-packages:${PYTHONPATH} /usr/bin/cmake --build /home/ros/nemo/build/rosbridge_server -- -j4 -l4
[0.979s] Invoking command in '/home/ros/nemo/build/rosbridge_server': AMENT_PREFIX_PATH=/home/ros/nemo/install/rosapi:/home/ros/nemo/install/rosbridge_library:/home/ros/nemo/install/rosbridge_msgs:/home/ros/nemo/install/rosapi_msgs:${AMENT_PREFIX_PATH} CMAKE_PREFIX_PATH=/home/ros/nemo/install/rosapi:/home/ros/nemo/install/rosbridge_library:/home/ros/nemo/install/rosbridge_msgs:/home/ros/nemo/install/rosapi_msgs:/home/ros/nemo/install/ros_tcp_endpoint:/home/ros/nemo/install/nemo_server:/opt/ros/humble LD_LIBRARY_PATH=/home/ros/nemo/install/rosbridge_msgs/lib:/home/ros/nemo/install/rosapi_msgs/lib:${LD_LIBRARY_PATH} PYTHONPATH=/home/ros/nemo/install/rosapi/local/lib/python3.10/dist-packages:/home/ros/nemo/install/rosbridge_library/local/lib/python3.10/dist-packages:/home/ros/nemo/install/rosbridge_msgs/local/lib/python3.10/dist-packages:/home/ros/nemo/install/rosapi_msgs/local/lib/python3.10/dist-packages:${PYTHONPATH} /usr/bin/cmake --install /home/ros/nemo/build/rosbridge_server
[0.985s] -- Install configuration: ""
[0.986s] -- Installing: /home/ros/nemo/install/rosbridge_server/share/rosbridge_server/environment/pythonpath.sh
[0.986s] -- Installing: /home/ros/nemo/install/rosbridge_server/share/rosbridge_server/environment/pythonpath.dsv
[0.986s] -- Installing: /home/ros/nemo/install/rosbridge_server/local/lib/python3.10/dist-packages/rosbridge_server-1.3.1-py3.10.egg-info
[0.986s] -- Installing: /home/ros/nemo/install/rosbridge_server/local/lib/python3.10/dist-packages/rosbridge_server-1.3.1-py3.10.egg-info/SOURCES.txt
[0.986s] -- Installing: /home/ros/nemo/install/rosbridge_server/local/lib/python3.10/dist-packages/rosbridge_server-1.3.1-py3.10.egg-info/PKG-INFO
[0.986s] -- Installing: /home/ros/nemo/install/rosbridge_server/local/lib/python3.10/dist-packages/rosbridge_server-1.3.1-py3.10.egg-info/top_level.txt
[0.986s] -- Installing: /home/ros/nemo/install/rosbridge_server/local/lib/python3.10/dist-packages/rosbridge_server-1.3.1-py3.10.egg-info/dependency_links.txt
[0.986s] -- Installing: /home/ros/nemo/install/rosbridge_server/local/lib/python3.10/dist-packages/rosbridge_server
[0.986s] -- Installing: /home/ros/nemo/install/rosbridge_server/local/lib/python3.10/dist-packages/rosbridge_server/__init__.py
[0.987s] -- Installing: /home/ros/nemo/install/rosbridge_server/local/lib/python3.10/dist-packages/rosbridge_server/client_mananger.py
[0.987s] -- Installing: /home/ros/nemo/install/rosbridge_server/local/lib/python3.10/dist-packages/rosbridge_server/websocket_handler.py
[1.020s] Listing '/home/ros/nemo/install/rosbridge_server/local/lib/python3.10/dist-packages/rosbridge_server'...
[1.020s] Compiling '/home/ros/nemo/install/rosbridge_server/local/lib/python3.10/dist-packages/rosbridge_server/__init__.py'...
[1.020s] Compiling '/home/ros/nemo/install/rosbridge_server/local/lib/python3.10/dist-packages/rosbridge_server/client_mananger.py'...
[1.021s] Compiling '/home/ros/nemo/install/rosbridge_server/local/lib/python3.10/dist-packages/rosbridge_server/websocket_handler.py'...
[1.024s] -- Installing: /home/ros/nemo/install/rosbridge_server/share/ament_index/resource_index/package_run_dependencies/rosbridge_server
[1.025s] -- Installing: /home/ros/nemo/install/rosbridge_server/share/ament_index/resource_index/parent_prefix_path/rosbridge_server
[1.025s] -- Installing: /home/ros/nemo/install/rosbridge_server/share/rosbridge_server/environment/ament_prefix_path.sh
[1.025s] -- Installing: /home/ros/nemo/install/rosbridge_server/share/rosbridge_server/environment/ament_prefix_path.dsv
[1.025s] -- Installing: /home/ros/nemo/install/rosbridge_server/share/rosbridge_server/environment/path.sh
[1.025s] -- Installing: /home/ros/nemo/install/rosbridge_server/share/rosbridge_server/environment/path.dsv
[1.025s] -- Installing: /home/ros/nemo/install/rosbridge_server/share/rosbridge_server/local_setup.bash
[1.026s] -- Installing: /home/ros/nemo/install/rosbridge_server/share/rosbridge_server/local_setup.sh
[1.026s] -- Installing: /home/ros/nemo/install/rosbridge_server/share/rosbridge_server/local_setup.zsh
[1.026s] -- Installing: /home/ros/nemo/install/rosbridge_server/share/rosbridge_server/local_setup.dsv
[1.026s] -- Installing: /home/ros/nemo/install/rosbridge_server/share/rosbridge_server/package.dsv
[1.026s] -- Installing: /home/ros/nemo/install/rosbridge_server/share/ament_index/resource_index/packages/rosbridge_server
[1.026s] -- Installing: /home/ros/nemo/install/rosbridge_server/share/rosbridge_server/cmake/rosbridge_serverConfig.cmake
[1.026s] -- Installing: /home/ros/nemo/install/rosbridge_server/share/rosbridge_server/cmake/rosbridge_serverConfig-version.cmake
[1.026s] -- Installing: /home/ros/nemo/install/rosbridge_server/share/rosbridge_server/package.xml
[1.027s] -- Installing: /home/ros/nemo/install/rosbridge_server/lib/rosbridge_server/rosbridge_websocket.py
[1.027s] -- Installing: /home/ros/nemo/install/rosbridge_server/lib/rosbridge_server/rosbridge_websocket
[1.027s] -- Installing: /home/ros/nemo/install/rosbridge_server/share/rosbridge_server/launch/rosbridge_websocket_launch.xml
[1.031s] Invoked command in '/home/ros/nemo/build/rosbridge_server' returned '0': AMENT_PREFIX_PATH=/home/ros/nemo/install/rosapi:/home/ros/nemo/install/rosbridge_library:/home/ros/nemo/install/rosbridge_msgs:/home/ros/nemo/install/rosapi_msgs:${AMENT_PREFIX_PATH} CMAKE_PREFIX_PATH=/home/ros/nemo/install/rosapi:/home/ros/nemo/install/rosbridge_library:/home/ros/nemo/install/rosbridge_msgs:/home/ros/nemo/install/rosapi_msgs:/home/ros/nemo/install/ros_tcp_endpoint:/home/ros/nemo/install/nemo_server:/opt/ros/humble LD_LIBRARY_PATH=/home/ros/nemo/install/rosbridge_msgs/lib:/home/ros/nemo/install/rosapi_msgs/lib:${LD_LIBRARY_PATH} PYTHONPATH=/home/ros/nemo/install/rosapi/local/lib/python3.10/dist-packages:/home/ros/nemo/install/rosbridge_library/local/lib/python3.10/dist-packages:/home/ros/nemo/install/rosbridge_msgs/local/lib/python3.10/dist-packages:/home/ros/nemo/install/rosapi_msgs/local/lib/python3.10/dist-packages:${PYTHONPATH} /usr/bin/cmake --install /home/ros/nemo/build/rosbridge_server
